---------------------------------------------------------------
[ 2023-07-13T01:37:02+08:00 ] 120.87.206.104 GET 5.xexszs.cloud/group.php/index/index/id/119.html
[运行时间：0.034616s] [吞吐率：28.89req/s] [内存消耗：2,997.76kb] [文件加载：42]
[ info ] [ LANG ] /www/wwwroot/hua.amenm.cn/thinkphp/lang/zh-cn.php
[ info ] [ ROUTE ] array (
  'type' => 'module',
  'module' => 
  array (
    0 => 'group',
    1 => 'index',
    2 => 'index',
  ),
)
[ info ] [ HEADER ] array (
  'host' => '5.xexszs.cloud',
  'connection' => 'keep-alive',
  'upgrade-insecure-requests' => '1',
  'user-agent' => 'Mozilla/5.0 (Linux; Android 11; PCKM80 Build/RP1A.200720.011; wv) AppleWebKit/537.36 (KHTML, like Gecko) Version/4.0 Chrome/107.0.5304.141 Mobile Safari/537.36 XWEB/5127 MMWEBSDK/20230504 MMWEBID/6814 MicroMessenger/8.0.37.2380(0x2800255B) WeChat/arm64 Weixin NetType/WIFI Language/zh_CN ABI/arm64',
  'accept' => 'text/html,application/xhtml+xml,application/xml;q=0.9,image/avif,image/wxpic,image/tpg,image/webp,image/apng,*/*;q=0.8,application/signed-exchange;v=b3;q=0.9',
  'x-requested-with' => 'com.tencent.mm',
  'accept-encoding' => 'gzip, deflate',
  'accept-language' => 'zh-CN,zh;q=0.9,en-US;q=0.8,en;q=0.7',
  'cookie' => 'PHPSESSID=8120rmm2anphg85lfda6r26cb0',
  'content-type' => '',
  'content-length' => '',
)
[ info ] [ PARAM ] array (
  'id' => '119',
)
[ info ] [ RUN ] app\group\controller\Index->index[ /www/wwwroot/hua.amenm.cn/application/group/controller/Index.php ]
[ info ] [ DB ] INIT mysql
[ info ] [ LOG ] INIT File
[ sql ] [ DB ] CONNECT:[ UseTime:0.001239s ] mysql:host=127.0.0.1;port=3306;dbname=hua;charset=utf8
[ sql ] [ SQL ] SHOW COLUMNS FROM `web_wxgroup` [ RunTime:0.003415s ]
[ sql ] [ SQL ] SELECT * FROM `web_wxgroup` WHERE  (  wxg_id = 119 ) LIMIT 1 [ RunTime:0.001267s ]
---------------------------------------------------------------
[ 2023-07-13T01:37:03+08:00 ] 120.87.206.104 GET 5.xexszs.cloud/group.php/index/turl/id/119.html
[运行时间：0.030960s] [吞吐率：32.30req/s] [内存消耗：2,961.84kb] [文件加载：40]
[ info ] [ LANG ] /www/wwwroot/hua.amenm.cn/thinkphp/lang/zh-cn.php
[ info ] [ ROUTE ] array (
  'type' => 'module',
  'module' => 
  array (
    0 => 'group',
    1 => 'index',
    2 => 'turl',
  ),
)
[ info ] [ HEADER ] array (
  'host' => '5.xexszs.cloud',
  'connection' => 'keep-alive',
  'user-agent' => 'Mozilla/5.0 (Linux; Android 11; PCKM80 Build/RP1A.200720.011; wv) AppleWebKit/537.36 (KHTML, like Gecko) Version/4.0 Chrome/107.0.5304.141 Mobile Safari/537.36 XWEB/5127 MMWEBSDK/20230504 MMWEBID/6814 MicroMessenger/8.0.37.2380(0x2800255B) WeChat/arm64 Weixin NetType/WIFI Language/zh_CN ABI/arm64',
  'accept' => '*/*',
  'x-requested-with' => 'com.tencent.mm',
  'referer' => 'http://5.xexszs.cloud/group.php/index/index/id/119.html',
  'accept-encoding' => 'gzip, deflate',
  'accept-language' => 'zh-CN,zh;q=0.9,en-US;q=0.8,en;q=0.7',
  'cookie' => 'PHPSESSID=8120rmm2anphg85lfda6r26cb0',
  'content-type' => '',
  'content-length' => '',
)
[ info ] [ PARAM ] array (
  'id' => '119',
)
[ info ] [ RUN ] app\group\controller\Index->turl[ /www/wwwroot/hua.amenm.cn/application/group/controller/Index.php ]
[ info ] [ DB ] INIT mysql
[ info ] [ LOG ] INIT File
[ sql ] [ DB ] CONNECT:[ UseTime:0.000835s ] mysql:host=127.0.0.1;port=3306;dbname=hua;charset=utf8
[ sql ] [ SQL ] SHOW COLUMNS FROM `web_wxgroup` [ RunTime:0.001329s ]
[ sql ] [ SQL ] SELECT * FROM `web_wxgroup` WHERE  (  wxg_id = 119 ) LIMIT 1 [ RunTime:0.000540s ]
[ sql ] [ SQL ] SHOW COLUMNS FROM `web_distribution` [ RunTime:0.001044s ]
[ sql ] [ SQL ] SELECT * FROM `web_distribution` WHERE  (  du_id = 31 ) LIMIT 1 [ RunTime:0.000494s ]
[ sql ] [ SQL ] SHOW COLUMNS FROM `web_substation` [ RunTime:0.001030s ]
[ sql ] [ SQL ] SELECT * FROM `web_substation` WHERE  (  su_id = 18 ) LIMIT 1 [ RunTime:0.001028s ]
[ sql ] [ SQL ] SHOW COLUMNS FROM `web_substation_paylist` [ RunTime:0.000932s ]
[ sql ] [ SQL ] SELECT * FROM `web_substation_paylist` WHERE  (  su_id = 18 and su_pl_status = 1 ) LIMIT 1 [ RunTime:0.000860s ]
---------------------------------------------------------------
[ 2023-07-13T01:37:03+08:00 ] 120.87.206.104 GET 5.xexszs.cloud/favicon.ico
[运行时间：0.013619s] [吞吐率：73.43req/s] [内存消耗：1,432.88kb] [文件加载：28]
[ info ] [ LANG ] /www/wwwroot/hua.amenm.cn/thinkphp/lang/zh-cn.php
[ info ] [ ROUTE ] array (
  'type' => 'module',
  'module' => 
  array (
    0 => 'favicon.ico',
    1 => NULL,
    2 => NULL,
  ),
)
[ info ] [ HEADER ] array (
  'host' => '5.xexszs.cloud',
  'connection' => 'keep-alive',
  'user-agent' => 'Mozilla/5.0 (Linux; Android 11; PCKM80 Build/RP1A.200720.011; wv) AppleWebKit/537.36 (KHTML, like Gecko) Version/4.0 Chrome/107.0.5304.141 Mobile Safari/537.36 XWEB/5127 MMWEBSDK/20230504 MMWEBID/6814 MicroMessenger/8.0.37.2380(0x2800255B) WeChat/arm64 Weixin NetType/WIFI Language/zh_CN ABI/arm64',
  'accept' => 'image/wxpic,image/tpg,image/avif,image/webp,image/apng,image/svg+xml,image/*,*/*;q=0.8',
  'x-requested-with' => 'com.tencent.mm',
  'referer' => 'http://5.xexszs.cloud/group.php/index/index/id/119.html',
  'accept-encoding' => 'gzip, deflate',
  'accept-language' => 'zh-CN,zh;q=0.9,en-US;q=0.8,en;q=0.7',
  'cookie' => 'PHPSESSID=8120rmm2anphg85lfda6r26cb0',
  'content-type' => '',
  'content-length' => '',
)
[ info ] [ PARAM ] array (
)
[ info ] [ LOG ] INIT File
---------------------------------------------------------------
[ 2023-07-13T01:37:04+08:00 ] 120.87.206.104 GET 5.xexszs.cloud/group.php/index/share/id/119/t/fa6f872a8f2dc4087a5d450e7ba4ac19/time/1689183423.html
[运行时间：0.031259s] [吞吐率：31.99req/s] [内存消耗：3,301.78kb] [文件加载：49]
[ info ] [ LANG ] /www/wwwroot/hua.amenm.cn/thinkphp/lang/zh-cn.php
[ info ] [ ROUTE ] array (
  'type' => 'module',
  'module' => 
  array (
    0 => 'group',
    1 => 'index',
    2 => 'share',
  ),
)
[ info ] [ HEADER ] array (
  'host' => '5.xexszs.cloud',
  'connection' => 'keep-alive',
  'upgrade-insecure-requests' => '1',
  'user-agent' => 'Mozilla/5.0 (Linux; Android 11; PCKM80 Build/RP1A.200720.011; wv) AppleWebKit/537.36 (KHTML, like Gecko) Version/4.0 Chrome/107.0.5304.141 Mobile Safari/537.36 XWEB/5127 MMWEBSDK/20230504 MMWEBID/6814 MicroMessenger/8.0.37.2380(0x2800255B) WeChat/arm64 Weixin NetType/WIFI Language/zh_CN ABI/arm64',
  'accept' => 'text/html,application/xhtml+xml,application/xml;q=0.9,image/avif,image/wxpic,image/tpg,image/webp,image/apng,*/*;q=0.8,application/signed-exchange;v=b3;q=0.9',
  'x-requested-with' => 'com.tencent.mm',
  'referer' => 'http://5.xexszs.cloud/group.php/index/index/id/119.html',
  'accept-encoding' => 'gzip, deflate',
  'accept-language' => 'zh-CN,zh;q=0.9,en-US;q=0.8,en;q=0.7',
  'cookie' => 'PHPSESSID=8120rmm2anphg85lfda6r26cb0',
  'content-type' => '',
  'content-length' => '',
)
[ info ] [ PARAM ] array (
  'id' => '119',
  't' => 'fa6f872a8f2dc4087a5d450e7ba4ac19',
  'time' => '1689183423',
)
[ info ] [ RUN ] app\group\controller\Index->share[ /www/wwwroot/hua.amenm.cn/application/group/controller/Index.php ]
[ info ] [ DB ] INIT mysql
[ info ] [ SESSION ] INIT array (
  'id' => '',
  'var_session_id' => '',
  'prefix' => 'think',
  'type' => '',
  'auto_start' => true,
)
[ info ] [ VIEW ] template/group/index/share.html [ array (
  0 => 'qccontent',
  1 => 'qcontent',
  2 => 'content',
  3 => 'info',
  4 => 'id',
) ]
[ info ] [ LOG ] INIT File
[ sql ] [ DB ] CONNECT:[ UseTime:0.000737s ] mysql:host=127.0.0.1;port=3306;dbname=hua;charset=utf8
[ sql ] [ SQL ] SHOW COLUMNS FROM `web_wxgroup` [ RunTime:0.001333s ]
[ sql ] [ SQL ] SELECT * FROM `web_wxgroup` WHERE  (  wxg_id = 119 ) LIMIT 1 [ RunTime:0.000494s ]
[ sql ] [ SQL ] UPDATE `web_wxgroup`  SET `wxg_readcount`=568  WHERE  (  wxg_id = 119 ) [ RunTime:0.000465s ]
[ error ] [8]未定义数组下标: 1[/www/wwwroot/hua.amenm.cn/application/group/controller/Index.php:397]
[ error ] [8]未定义数组下标: 1[/www/wwwroot/hua.amenm.cn/application/group/controller/Index.php:397]
[ error ] [8]未定义数组下标: 1[/www/wwwroot/hua.amenm.cn/application/group/controller/Index.php:397]
