---------------------------------------------------------------
[ 2023-07-16T16:46:31+08:00 ] 111.7.96.166 GET nanyu.mensxs.cloud/
[运行时间：0.023949s] [吞吐率：41.76req/s] [内存消耗：1,701.52kb] [文件加载：32]
[ info ] [ LANG ] /www/wwwroot/hua.amenm.cn/thinkphp/lang/zh-cn.php
[ info ] [ ROUTE ] array (
  'type' => 'module',
  'module' => 
  array (
    0 => '',
    1 => NULL,
    2 => NULL,
  ),
)
[ info ] [ HEADER ] array (
  'host' => 'nanyu.mensxs.cloud',
  'user-agent' => 'Mozilla/5.0 (Macintosh; Intel Mac OS X 10_15_7) AppleWebKit/537.36 (KHTML, like Gecko) Chrome/96.0.4664.110 Safari/537.36',
  'accept' => 'text/html,application/xhtml+xml,application/xml;q=0.9,image/avif,image/webp,image/apng,*/*;q=0.8,application/signed-exchange;v=b3;q=0.9',
  'accept-language' => 'en;q=0.9',
  'cache-control' => 'max-age=0',
  'connection' => 'keep-alive',
  'dnt' => '1',
  'sec-gpc' => '1',
  'upgrade-insecure-requests' => '1',
  'accept-encoding' => 'gzip',
  'content-type' => '',
  'content-length' => '',
)
[ info ] [ PARAM ] array (
)
[ info ] [ LOG ] INIT File
---------------------------------------------------------------
[ 2023-07-16T16:46:31+08:00 ] 111.7.96.166 GET nanyu.mensxs.cloud/favicon.ico
[运行时间：0.013475s] [吞吐率：74.21req/s] [内存消耗：1,432.44kb] [文件加载：28]
[ info ] [ LANG ] /www/wwwroot/hua.amenm.cn/thinkphp/lang/zh-cn.php
[ info ] [ ROUTE ] array (
  'type' => 'module',
  'module' => 
  array (
    0 => 'favicon.ico',
    1 => NULL,
    2 => NULL,
  ),
)
[ info ] [ HEADER ] array (
  'host' => 'nanyu.mensxs.cloud',
  'user-agent' => 'Mozilla/5.0 (Macintosh; Intel Mac OS X 10_15_7) AppleWebKit/537.36 (KHTML, like Gecko) Chrome/96.0.4664.110 Safari/537.36',
  'accept' => 'text/html,application/xhtml+xml,application/xml;q=0.9,image/avif,image/webp,image/apng,*/*;q=0.8,application/signed-exchange;v=b3;q=0.9',
  'accept-language' => 'en;q=0.9',
  'cache-control' => 'max-age=0',
  'connection' => 'keep-alive',
  'dnt' => '1',
  'sec-gpc' => '1',
  'upgrade-insecure-requests' => '1',
  'accept-encoding' => 'gzip',
  'content-type' => '',
  'content-length' => '',
)
[ info ] [ PARAM ] array (
)
[ info ] [ LOG ] INIT File
---------------------------------------------------------------
[ 2023-07-16T16:46:32+08:00 ] 111.7.96.158 GET hua.amenm.cn/
[运行时间：0.020378s] [吞吐率：49.07req/s] [内存消耗：2,071.38kb] [文件加载：39]
[ info ] [ LANG ] /www/wwwroot/hua.amenm.cn/thinkphp/lang/zh-cn.php
[ info ] [ ROUTE ] array (
  'type' => 'module',
  'module' => 
  array (
    0 => '',
    1 => NULL,
    2 => NULL,
  ),
)
[ info ] [ HEADER ] array (
  'host' => 'hua.amenm.cn',
  'user-agent' => 'Mozilla/5.0 (Macintosh; Intel Mac OS X 10_15_7) AppleWebKit/537.36 (KHTML, like Gecko) Chrome/96.0.4664.110 Safari/537.36',
  'accept' => 'text/html,application/xhtml+xml,application/xml;q=0.9,image/avif,image/webp,image/apng,*/*;q=0.8,application/signed-exchange;v=b3;q=0.9',
  'accept-language' => 'en;q=0.9',
  'cache-control' => 'max-age=0',
  'connection' => 'keep-alive',
  'dnt' => '1',
  'sec-gpc' => '1',
  'upgrade-insecure-requests' => '1',
  'accept-encoding' => 'gzip',
  'content-type' => '',
  'content-length' => '',
)
[ info ] [ PARAM ] array (
)
[ info ] [ RUN ] app\website\controller\Index->Index[ /www/wwwroot/hua.amenm.cn/application/website/controller/Index.php ]
[ info ] [ VIEW ] template/website/index/index.html [ array (
  0 => 'subweb',
) ]
[ info ] [ LOG ] INIT File
---------------------------------------------------------------
[ 2023-07-16T16:46:32+08:00 ] 111.7.96.158 GET hua.amenm.cn/
[运行时间：0.018410s] [吞吐率：54.32req/s] [内存消耗：2,070.54kb] [文件加载：39]
[ info ] [ LANG ] /www/wwwroot/hua.amenm.cn/thinkphp/lang/zh-cn.php
[ info ] [ ROUTE ] array (
  'type' => 'module',
  'module' => 
  array (
    0 => '',
    1 => NULL,
    2 => NULL,
  ),
)
[ info ] [ HEADER ] array (
  'host' => 'hua.amenm.cn',
  'user-agent' => 'Mozilla/5.0 (Macintosh; Intel Mac OS X 11_0_0) AppleWebKit/537.36 (KHTML, like Gecko) Chrome/87.0.4280.88 Safari/537.36',
  'accept' => 'text/html,application/xhtml+xml,application/xml;q=0.9,image/avif,image/webp,image/apng,*/*;q=0.8,application/signed-exchange;v=b3;q=0.9',
  'accept-language' => 'en',
  'upgrade-insecure-requests' => '1',
  'accept-encoding' => 'gzip',
  'content-type' => '',
  'content-length' => '',
)
[ info ] [ PARAM ] array (
)
[ info ] [ RUN ] app\website\controller\Index->Index[ /www/wwwroot/hua.amenm.cn/application/website/controller/Index.php ]
[ info ] [ VIEW ] template/website/index/index.html [ array (
  0 => 'subweb',
) ]
[ info ] [ LOG ] INIT File
---------------------------------------------------------------
[ 2023-07-16T16:46:32+08:00 ] 111.7.96.158 GET tct678.msmsxs.cloud/
[运行时间：0.013405s] [吞吐率：74.60req/s] [内存消耗：1,701.53kb] [文件加载：32]
[ info ] [ LANG ] /www/wwwroot/hua.amenm.cn/thinkphp/lang/zh-cn.php
[ info ] [ ROUTE ] array (
  'type' => 'module',
  'module' => 
  array (
    0 => '',
    1 => NULL,
    2 => NULL,
  ),
)
[ info ] [ HEADER ] array (
  'host' => 'tct678.msmsxs.cloud',
  'user-agent' => 'Mozilla/5.0 (Macintosh; Intel Mac OS X 10_15_7) AppleWebKit/537.36 (KHTML, like Gecko) Chrome/96.0.4664.110 Safari/537.36',
  'accept' => 'text/html,application/xhtml+xml,application/xml;q=0.9,image/avif,image/webp,image/apng,*/*;q=0.8,application/signed-exchange;v=b3;q=0.9',
  'accept-language' => 'en;q=0.9',
  'cache-control' => 'max-age=0',
  'connection' => 'keep-alive',
  'dnt' => '1',
  'sec-gpc' => '1',
  'upgrade-insecure-requests' => '1',
  'accept-encoding' => 'gzip',
  'content-type' => '',
  'content-length' => '',
)
[ info ] [ PARAM ] array (
)
[ info ] [ LOG ] INIT File
---------------------------------------------------------------
[ 2023-07-16T16:46:32+08:00 ] 111.7.96.158 GET tct678.msmsxs.cloud/favicon.ico
[运行时间：0.012798s] [吞吐率：78.14req/s] [内存消耗：1,432.47kb] [文件加载：28]
[ info ] [ LANG ] /www/wwwroot/hua.amenm.cn/thinkphp/lang/zh-cn.php
[ info ] [ ROUTE ] array (
  'type' => 'module',
  'module' => 
  array (
    0 => 'favicon.ico',
    1 => NULL,
    2 => NULL,
  ),
)
[ info ] [ HEADER ] array (
  'host' => 'tct678.msmsxs.cloud',
  'user-agent' => 'Mozilla/5.0 (Macintosh; Intel Mac OS X 10_15_7) AppleWebKit/537.36 (KHTML, like Gecko) Chrome/96.0.4664.110 Safari/537.36',
  'accept' => 'text/html,application/xhtml+xml,application/xml;q=0.9,image/avif,image/webp,image/apng,*/*;q=0.8,application/signed-exchange;v=b3;q=0.9',
  'accept-language' => 'en;q=0.9',
  'cache-control' => 'max-age=0',
  'connection' => 'keep-alive',
  'dnt' => '1',
  'sec-gpc' => '1',
  'upgrade-insecure-requests' => '1',
  'accept-encoding' => 'gzip',
  'content-type' => '',
  'content-length' => '',
)
[ info ] [ PARAM ] array (
)
[ info ] [ LOG ] INIT File
---------------------------------------------------------------
[ 2023-07-16T16:46:37+08:00 ] 111.7.96.158 GET hua.amenm.cn/favicon.ico
[运行时间：0.013259s] [吞吐率：75.42req/s] [内存消耗：1,432.41kb] [文件加载：28]
[ info ] [ LANG ] /www/wwwroot/hua.amenm.cn/thinkphp/lang/zh-cn.php
[ info ] [ ROUTE ] array (
  'type' => 'module',
  'module' => 
  array (
    0 => 'favicon.ico',
    1 => NULL,
    2 => NULL,
  ),
)
[ info ] [ HEADER ] array (
  'host' => 'hua.amenm.cn',
  'user-agent' => 'Mozilla/5.0 (Macintosh; Intel Mac OS X 10_15_7) AppleWebKit/537.36 (KHTML, like Gecko) Chrome/96.0.4664.110 Safari/537.36',
  'accept' => 'text/html,application/xhtml+xml,application/xml;q=0.9,image/avif,image/webp,image/apng,*/*;q=0.8,application/signed-exchange;v=b3;q=0.9',
  'accept-language' => 'en;q=0.9',
  'cache-control' => 'max-age=0',
  'connection' => 'keep-alive',
  'dnt' => '1',
  'sec-gpc' => '1',
  'upgrade-insecure-requests' => '1',
  'accept-encoding' => 'gzip',
  'content-type' => '',
  'content-length' => '',
)
[ info ] [ PARAM ] array (
)
[ info ] [ LOG ] INIT File
---------------------------------------------------------------
[ 2023-07-16T16:54:09+08:00 ] 36.40.73.82 GET hua.gsxsg.cn/
[运行时间：0.013558s] [吞吐率：73.76req/s] [内存消耗：1,701.25kb] [文件加载：32]
[ info ] [ LANG ] /www/wwwroot/hua.amenm.cn/thinkphp/lang/zh-cn.php
[ info ] [ ROUTE ] array (
  'type' => 'module',
  'module' => 
  array (
    0 => '',
    1 => NULL,
    2 => NULL,
  ),
)
[ info ] [ HEADER ] array (
  'host' => 'hua.gsxsg.cn',
  'user-agent' => 'Mozilla/5.0 (Macintosh; Intel Mac OS X 10_15_7) AppleWebKit/537.36 (KHTML, like Gecko) Chrome/96.0.4664.110 Safari/537.36',
  'accept' => 'text/html,application/xhtml+xml,application/xml;q=0.9,image/avif,image/webp,image/apng,*/*;q=0.8,application/signed-exchange;v=b3;q=0.9',
  'accept-language' => 'en;q=0.9',
  'cache-control' => 'max-age=0',
  'connection' => 'keep-alive',
  'dnt' => '1',
  'sec-gpc' => '1',
  'upgrade-insecure-requests' => '1',
  'accept-encoding' => 'gzip',
  'content-type' => '',
  'content-length' => '',
)
[ info ] [ PARAM ] array (
)
[ info ] [ LOG ] INIT File
---------------------------------------------------------------
[ 2023-07-16T16:54:09+08:00 ] 36.40.73.82 GET hua.gsxsg.cn/favicon.ico
[运行时间：0.013220s] [吞吐率：75.64req/s] [内存消耗：1,432.41kb] [文件加载：28]
[ info ] [ LANG ] /www/wwwroot/hua.amenm.cn/thinkphp/lang/zh-cn.php
[ info ] [ ROUTE ] array (
  'type' => 'module',
  'module' => 
  array (
    0 => 'favicon.ico',
    1 => NULL,
    2 => NULL,
  ),
)
[ info ] [ HEADER ] array (
  'host' => 'hua.gsxsg.cn',
  'user-agent' => 'Mozilla/5.0 (Macintosh; Intel Mac OS X 10_15_7) AppleWebKit/537.36 (KHTML, like Gecko) Chrome/96.0.4664.110 Safari/537.36',
  'accept' => 'text/html,application/xhtml+xml,application/xml;q=0.9,image/avif,image/webp,image/apng,*/*;q=0.8,application/signed-exchange;v=b3;q=0.9',
  'accept-language' => 'en;q=0.9',
  'cache-control' => 'max-age=0',
  'connection' => 'keep-alive',
  'dnt' => '1',
  'sec-gpc' => '1',
  'upgrade-insecure-requests' => '1',
  'accept-encoding' => 'gzip',
  'content-type' => '',
  'content-length' => '',
)
[ info ] [ PARAM ] array (
)
[ info ] [ LOG ] INIT File
---------------------------------------------------------------
[ 2023-07-16T16:54:44+08:00 ] 36.40.73.82 GET hysdy.mucuan.cloud/
[运行时间：0.012760s] [吞吐率：78.37req/s] [内存消耗：1,701.52kb] [文件加载：32]
[ info ] [ LANG ] /www/wwwroot/hua.amenm.cn/thinkphp/lang/zh-cn.php
[ info ] [ ROUTE ] array (
  'type' => 'module',
  'module' => 
  array (
    0 => '',
    1 => NULL,
    2 => NULL,
  ),
)
[ info ] [ HEADER ] array (
  'host' => 'hysdy.mucuan.cloud',
  'user-agent' => 'Mozilla/5.0 (Macintosh; Intel Mac OS X 10_15_7) AppleWebKit/537.36 (KHTML, like Gecko) Chrome/96.0.4664.110 Safari/537.36',
  'accept' => 'text/html,application/xhtml+xml,application/xml;q=0.9,image/avif,image/webp,image/apng,*/*;q=0.8,application/signed-exchange;v=b3;q=0.9',
  'accept-language' => 'en;q=0.9',
  'cache-control' => 'max-age=0',
  'connection' => 'keep-alive',
  'dnt' => '1',
  'sec-gpc' => '1',
  'upgrade-insecure-requests' => '1',
  'accept-encoding' => 'gzip',
  'content-type' => '',
  'content-length' => '',
)
[ info ] [ PARAM ] array (
)
[ info ] [ LOG ] INIT File
---------------------------------------------------------------
[ 2023-07-16T16:54:44+08:00 ] 36.40.73.82 GET hysdy.mucuan.cloud/favicon.ico
[运行时间：0.012913s] [吞吐率：77.44req/s] [内存消耗：1,432.44kb] [文件加载：28]
[ info ] [ LANG ] /www/wwwroot/hua.amenm.cn/thinkphp/lang/zh-cn.php
[ info ] [ ROUTE ] array (
  'type' => 'module',
  'module' => 
  array (
    0 => 'favicon.ico',
    1 => NULL,
    2 => NULL,
  ),
)
[ info ] [ HEADER ] array (
  'host' => 'hysdy.mucuan.cloud',
  'user-agent' => 'Mozilla/5.0 (Macintosh; Intel Mac OS X 10_15_7) AppleWebKit/537.36 (KHTML, like Gecko) Chrome/96.0.4664.110 Safari/537.36',
  'accept' => 'text/html,application/xhtml+xml,application/xml;q=0.9,image/avif,image/webp,image/apng,*/*;q=0.8,application/signed-exchange;v=b3;q=0.9',
  'accept-language' => 'en;q=0.9',
  'cache-control' => 'max-age=0',
  'connection' => 'keep-alive',
  'dnt' => '1',
  'sec-gpc' => '1',
  'upgrade-insecure-requests' => '1',
  'accept-encoding' => 'gzip',
  'content-type' => '',
  'content-length' => '',
)
[ info ] [ PARAM ] array (
)
[ info ] [ LOG ] INIT File
