---------------------------------------------------------------
[ 2023-03-18T01:16:42+08:00 ] 183.225.238.140 GET xiezhen1.720vrcloud.net/favicon.ico
[运行时间：0.011212s] [吞吐率：89.19req/s] [内存消耗：233.60kb] [文件加载：28]
[ info ] [ LANG ] /www/wwwroot/xiezhen1.720vrcloud.net/thinkphp/lang/zh-cn.php
[ info ] [ ROUTE ] array (
  'type' => 'module',
  'module' => 
  array (
    0 => 'favicon.ico',
    1 => NULL,
    2 => NULL,
  ),
)
[ info ] [ HEADER ] array (
  'host' => 'xiezhen1.720vrcloud.net',
  'user-agent' => 'Mozilla/5.0 (Linux; Android 12; PEMT20 Build/SP1A.210812.016; wv) AppleWebKit/537.36 (KHTML, like Gecko) Version/4.0 Chrome/98.0.4758.102 MQQBrowser/6.2 TBS/046403 Mobile Safari/537.36 V1_AND_SQ_8.9.33_3772_YYB_D PA QQ/8.9.33.10335 NetType/WIFI WebP/0.3.0 AppId/537151687 Pixel/720 StatusBarHeight/64 SimpleUISwitch/0 QQTheme/1000 StudyMode/0 CurrentMode/0 CurrentFontScale/1.0 GlobalDensityScale/0.9 AllowLandscape/false InMagicWin/0',
  'accept' => 'image/wxpic,image/sharpp,image/apng,image/tpg,image/avif,image/webp,image/apng,image/svg+xml,image/*,*/*;q=0.8',
  'sec-fetch-site' => 'same-origin',
  'sec-fetch-mode' => 'no-cors',
  'sec-fetch-dest' => 'image',
  'referer' => 'https://xiezhen1.720vrcloud.net/app/index.php?i=9&c=entry&do=index&agentid=20&m=y2_jiukuaijiu',
  'accept-encoding' => 'gzip, deflate, br',
  'accept-language' => 'zh-CN,zh;q=0.9,en-US;q=0.8,en;q=0.7',
  'content-type' => '',
  'content-length' => '',
)
[ info ] [ PARAM ] array (
)
[ info ] [ LOG ] INIT File
---------------------------------------------------------------
[ 2023-03-18T02:08:36+08:00 ] 220.205.225.164 GET xiezhen1.720vrcloud.net/favicon.ico
[运行时间：0.011323s] [吞吐率：88.32req/s] [内存消耗：233.64kb] [文件加载：28]
[ info ] [ LANG ] /www/wwwroot/xiezhen1.720vrcloud.net/thinkphp/lang/zh-cn.php
[ info ] [ ROUTE ] array (
  'type' => 'module',
  'module' => 
  array (
    0 => 'favicon.ico',
    1 => NULL,
    2 => NULL,
  ),
)
[ info ] [ HEADER ] array (
  'host' => 'xiezhen1.720vrcloud.net',
  'user-agent' => 'Mozilla/5.0 (Linux; Android 12; M2007J17C Build/SKQ1.211006.001; wv) AppleWebKit/537.36 (KHTML, like Gecko) Version/4.0 Chrome/98.0.4758.102 MQQBrowser/6.2 TBS/046337 Mobile Safari/537.36 V1_AND_SQ_8.9.33_3772_YYB_D PA QQ/8.9.33.10335 NetType/4G WebP/0.3.0 AppId/537151686 Pixel/1080 StatusBarHeight/91 SimpleUISwitch/0 QQTheme/1000 StudyMode/0 CurrentMode/0 CurrentFontScale/1.0 GlobalDensityScale/0.9818182 AllowLandscape/false InMagicWin/0',
  'accept' => 'image/wxpic,image/sharpp,image/apng,image/tpg,image/avif,image/webp,image/apng,image/svg+xml,image/*,*/*;q=0.8',
  'sec-fetch-site' => 'same-origin',
  'sec-fetch-mode' => 'no-cors',
  'sec-fetch-dest' => 'image',
  'referer' => 'https://xiezhen1.720vrcloud.net/app/index.php?i=9&c=entry&do=index&agentid=20&m=y2_jiukuaijiu',
  'accept-encoding' => 'gzip, deflate, br',
  'accept-language' => 'zh-CN,zh;q=0.9,en-US;q=0.8,en;q=0.7',
  'content-type' => '',
  'content-length' => '',
)
[ info ] [ PARAM ] array (
)
[ info ] [ LOG ] INIT File
---------------------------------------------------------------
[ 2023-03-18T03:09:47+08:00 ] 223.89.204.113 GET aaa.720vrcloud.net/group.php/index/share/id/52/t/00e5c53b6edde3edbdbb68f54c0d7b08/time/1678194539.html
[运行时间：0.028118s] [吞吐率：35.56req/s] [内存消耗：581.47kb] [文件加载：46]
[ info ] [ LANG ] /www/wwwroot/xiezhen1.720vrcloud.net/thinkphp/lang/zh-cn.php
[ info ] [ ROUTE ] array (
  'type' => 'module',
  'module' => 
  array (
    0 => 'group',
    1 => 'index',
    2 => 'share',
  ),
)
[ info ] [ HEADER ] array (
  'host' => 'aaa.720vrcloud.net',
  'upgrade-insecure-requests' => '1',
  'user-agent' => 'Mozilla/5.0 (Linux; Android 10; V2034A; wv) AppleWebKit/537.36 (KHTML, like Gecko) Version/4.0 Chrome/87.0.4280.141 Mobile Safari/537.36 VivoBrowser/13.7.61.0',
  'accept' => 'text/html,application/xhtml+xml,application/xml;q=0.9,image/webp,image/apng,*/*;q=0.8,application/signed-exchange;v=b3;q=0.9',
  'accept-encoding' => 'gzip, deflate',
  'accept-language' => 'zh-CN,zh;q=0.9,en-US;q=0.8,en;q=0.7',
  'content-type' => '',
  'content-length' => '',
)
[ info ] [ PARAM ] array (
  'id' => '52',
  't' => '00e5c53b6edde3edbdbb68f54c0d7b08',
  'time' => '1678194539',
)
[ info ] [ RUN ] app\group\controller\Index->share[ /www/wwwroot/xiezhen1.720vrcloud.net/application/group/controller/Index.php ]
[ info ] [ DB ] INIT mysql
[ info ] [ SESSION ] INIT array (
  'id' => '',
  'var_session_id' => '',
  'prefix' => 'think',
  'type' => '',
  'auto_start' => true,
)
[ info ] [ VIEW ] template/group/index/share.html [ array (
  0 => 'qccontent',
  1 => 'qcontent',
  2 => 'content',
  3 => 'info',
  4 => 'id',
) ]
[ info ] [ LOG ] INIT File
[ sql ] [ DB ] CONNECT:[ UseTime:0.001460s ] mysql:host=127.0.0.1;port=3306;dbname=xiezhen1_720vrcl;charset=utf8
[ sql ] [ SQL ] SHOW COLUMNS FROM `web_wxgroup` [ RunTime:0.004982s ]
[ sql ] [ SQL ] SELECT * FROM `web_wxgroup` WHERE  (  wxg_id = 52 ) LIMIT 1 [ RunTime:0.000881s ]
[ sql ] [ SQL ] UPDATE `web_wxgroup`  SET `wxg_readcount`=450  WHERE  (  wxg_id = 52 ) [ RunTime:0.000802s ]
---------------------------------------------------------------
[ 2023-03-18T07:54:57+08:00 ] 9.219.105.199 GET aaa.720vrcloud.net/group.php/index/index/id/47.html
[运行时间：0.024598s] [吞吐率：40.65req/s] [内存消耗：499.82kb] [文件加载：42]
[ info ] [ LANG ] /www/wwwroot/xiezhen1.720vrcloud.net/thinkphp/lang/zh-cn.php
[ info ] [ ROUTE ] array (
  'type' => 'module',
  'module' => 
  array (
    0 => 'group',
    1 => 'index',
    2 => 'index',
  ),
)
[ info ] [ HEADER ] array (
  'upgrade-insecure-requests' => '1',
  'user-agent' => 'Mozilla/5.0 (Linux; Android 10; MIX 2S Build/QKQ1.190828.002; wv) AppleWebKit/537.36 (KHTML, like Gecko) Version/4.0 Chrome/105.0.0.0MQQBrowser/6.2 TBS/045129 Mobile Safari/537.36 MMWEBID/5228 MicroMessenger/7.0.14.1660(0x27000E37) Process/tools NetType/4G Language/zh_CN ABI/arm64 WeChat/arm64 wechatdevtools qcloudcdn-xinan',
  'accept' => 'text/html,application/xhtml+xml,application/xml;q=0.9,image/avif,image/webp,image/apng,*/*;q=0.8,application/signed-exchange;v=b3;q=0.9',
  'accept-encoding' => 'gzip, deflate',
  'accept-language' => 'en-US',
  'host' => 'aaa.720vrcloud.net',
  'via' => '1.1 VM-95-13-centos (squid/3.5.20)',
  'x-forwarded-for' => '9.219.105.199',
  'cache-control' => 'max-age=259200',
  'connection' => 'keep-alive',
  'content-type' => '',
  'content-length' => '',
)
[ info ] [ PARAM ] array (
  'id' => '47',
)
[ info ] [ RUN ] app\group\controller\Index->index[ /www/wwwroot/xiezhen1.720vrcloud.net/application/group/controller/Index.php ]
[ info ] [ DB ] INIT mysql
[ info ] [ LOG ] INIT File
[ sql ] [ DB ] CONNECT:[ UseTime:0.002040s ] mysql:host=127.0.0.1;port=3306;dbname=xiezhen1_720vrcl;charset=utf8
[ sql ] [ SQL ] SHOW COLUMNS FROM `web_wxgroup` [ RunTime:0.006032s ]
[ sql ] [ SQL ] SELECT * FROM `web_wxgroup` WHERE  (  wxg_id = 47 ) LIMIT 1 [ RunTime:0.000965s ]
---------------------------------------------------------------
[ 2023-03-18T07:54:57+08:00 ] 9.219.105.199 GET aaa.720vrcloud.net/group.php/index/turl/id/47.html
[运行时间：0.028583s] [吞吐率：34.99req/s] [内存消耗：556.85kb] [文件加载：40]
[ info ] [ LANG ] /www/wwwroot/xiezhen1.720vrcloud.net/thinkphp/lang/zh-cn.php
[ info ] [ ROUTE ] array (
  'type' => 'module',
  'module' => 
  array (
    0 => 'group',
    1 => 'index',
    2 => 'turl',
  ),
)
[ info ] [ HEADER ] array (
  'user-agent' => 'Mozilla/5.0 (Linux; Android 10; MIX 2S Build/QKQ1.190828.002; wv) AppleWebKit/537.36 (KHTML, like Gecko) Version/4.0 Chrome/105.0.0.0MQQBrowser/6.2 TBS/045129 Mobile Safari/537.36 MMWEBID/5228 MicroMessenger/7.0.14.1660(0x27000E37) Process/tools NetType/4G Language/zh_CN ABI/arm64 WeChat/arm64 wechatdevtools qcloudcdn-xinan',
  'accept' => '*/*',
  'referer' => 'http://aaa.720vrcloud.net/group.php/index/index/id/47.html',
  'accept-encoding' => 'gzip, deflate',
  'accept-language' => 'en-US',
  'host' => 'aaa.720vrcloud.net',
  'via' => '1.1 VM-95-13-centos (squid/3.5.20)',
  'x-forwarded-for' => '9.219.105.199',
  'cache-control' => 'max-age=259200',
  'connection' => 'keep-alive',
  'content-type' => '',
  'content-length' => '',
)
[ info ] [ PARAM ] array (
  'id' => '47',
)
[ info ] [ RUN ] app\group\controller\Index->turl[ /www/wwwroot/xiezhen1.720vrcloud.net/application/group/controller/Index.php ]
[ info ] [ DB ] INIT mysql
[ info ] [ LOG ] INIT File
[ sql ] [ DB ] CONNECT:[ UseTime:0.000614s ] mysql:host=127.0.0.1;port=3306;dbname=xiezhen1_720vrcl;charset=utf8
[ sql ] [ SQL ] SHOW COLUMNS FROM `web_wxgroup` [ RunTime:0.003845s ]
[ sql ] [ SQL ] SELECT * FROM `web_wxgroup` WHERE  (  wxg_id = 47 ) LIMIT 1 [ RunTime:0.000466s ]
[ sql ] [ SQL ] SHOW COLUMNS FROM `web_distribution` [ RunTime:0.002956s ]
[ sql ] [ SQL ] SELECT * FROM `web_distribution` WHERE  (  du_id = 16 ) LIMIT 1 [ RunTime:0.000469s ]
[ sql ] [ SQL ] SHOW COLUMNS FROM `web_substation` [ RunTime:0.003090s ]
[ sql ] [ SQL ] SELECT * FROM `web_substation` WHERE  (  su_id = 11 ) LIMIT 1 [ RunTime:0.000451s ]
[ sql ] [ SQL ] SHOW COLUMNS FROM `web_substation_paylist` [ RunTime:0.003046s ]
[ sql ] [ SQL ] SELECT * FROM `web_substation_paylist` WHERE  (  su_id = 11 and su_pl_status = 1 ) LIMIT 1 [ RunTime:0.000367s ]
---------------------------------------------------------------
[ 2023-03-18T07:54:58+08:00 ] 9.219.105.199 GET aaa.720vrcloud.net/group.php/index/share/id/47/t/35f195b515e951c41a3492e883cdc713/time/1679097297.html
[运行时间：0.023478s] [吞吐率：42.59req/s] [内存消耗：582.68kb] [文件加载：46]
[ info ] [ LANG ] /www/wwwroot/xiezhen1.720vrcloud.net/thinkphp/lang/zh-cn.php
[ info ] [ ROUTE ] array (
  'type' => 'module',
  'module' => 
  array (
    0 => 'group',
    1 => 'index',
    2 => 'share',
  ),
)
[ info ] [ HEADER ] array (
  'upgrade-insecure-requests' => '1',
  'user-agent' => 'Mozilla/5.0 (Linux; Android 10; MIX 2S Build/QKQ1.190828.002; wv) AppleWebKit/537.36 (KHTML, like Gecko) Version/4.0 Chrome/105.0.0.0MQQBrowser/6.2 TBS/045129 Mobile Safari/537.36 MMWEBID/5228 MicroMessenger/7.0.14.1660(0x27000E37) Process/tools NetType/4G Language/zh_CN ABI/arm64 WeChat/arm64 wechatdevtools qcloudcdn-xinan',
  'accept' => 'text/html,application/xhtml+xml,application/xml;q=0.9,image/avif,image/webp,image/apng,*/*;q=0.8,application/signed-exchange;v=b3;q=0.9',
  'referer' => 'http://aaa.720vrcloud.net/group.php/index/index/id/47.html',
  'accept-encoding' => 'gzip, deflate',
  'accept-language' => 'en-US',
  'host' => 'aaa.720vrcloud.net',
  'via' => '1.1 VM-95-13-centos (squid/3.5.20)',
  'x-forwarded-for' => '9.219.105.199',
  'cache-control' => 'max-age=259200',
  'connection' => 'keep-alive',
  'content-type' => '',
  'content-length' => '',
)
[ info ] [ PARAM ] array (
  'id' => '47',
  't' => '35f195b515e951c41a3492e883cdc713',
  'time' => '1679097297',
)
[ info ] [ RUN ] app\group\controller\Index->share[ /www/wwwroot/xiezhen1.720vrcloud.net/application/group/controller/Index.php ]
[ info ] [ DB ] INIT mysql
[ info ] [ SESSION ] INIT array (
  'id' => '',
  'var_session_id' => '',
  'prefix' => 'think',
  'type' => '',
  'auto_start' => true,
)
[ info ] [ VIEW ] template/group/index/share.html [ array (
  0 => 'qccontent',
  1 => 'qcontent',
  2 => 'content',
  3 => 'info',
  4 => 'id',
) ]
[ info ] [ LOG ] INIT File
[ sql ] [ DB ] CONNECT:[ UseTime:0.000578s ] mysql:host=127.0.0.1;port=3306;dbname=xiezhen1_720vrcl;charset=utf8
[ sql ] [ SQL ] SHOW COLUMNS FROM `web_wxgroup` [ RunTime:0.003943s ]
[ sql ] [ SQL ] SELECT * FROM `web_wxgroup` WHERE  (  wxg_id = 47 ) LIMIT 1 [ RunTime:0.000449s ]
[ sql ] [ SQL ] UPDATE `web_wxgroup`  SET `wxg_readcount`=157  WHERE  (  wxg_id = 47 ) [ RunTime:0.000931s ]
---------------------------------------------------------------
[ 2023-03-18T09:45:04+08:00 ] 183.226.226.188 GET xiezhen1.720vrcloud.net/fenxiao.php/center/index.html
[运行时间：0.010901s] [吞吐率：91.73req/s] [内存消耗：317.80kb] [文件加载：33]
[ info ] [ LANG ] /www/wwwroot/xiezhen1.720vrcloud.net/thinkphp/lang/zh-cn.php
[ info ] [ ROUTE ] array (
  'type' => 'module',
  'module' => 
  array (
    0 => 'fenxiao',
    1 => 'center',
    2 => 'index',
  ),
)
[ info ] [ HEADER ] array (
  'host' => 'xiezhen1.720vrcloud.net',
  'sec-ch-ua' => '"Google Chrome";v="111", "Not(A:Brand";v="8", "Chromium";v="111"',
  'sec-ch-ua-mobile' => '?0',
  'sec-ch-ua-platform' => '"Windows"',
  'upgrade-insecure-requests' => '1',
  'user-agent' => 'Mozilla/5.0 (Windows NT 10.0; Win64; x64) AppleWebKit/537.36 (KHTML, like Gecko) Chrome/111.0.0.0 Safari/537.36',
  'accept' => 'text/html,application/xhtml+xml,application/xml;q=0.9,image/avif,image/webp,image/apng,*/*;q=0.8,application/signed-exchange;v=b3;q=0.7',
  'sec-fetch-site' => 'same-origin',
  'sec-fetch-mode' => 'navigate',
  'sec-fetch-user' => '?1',
  'sec-fetch-dest' => 'document',
  'referer' => 'https://xiezhen1.720vrcloud.net/fenxiao.php',
  'accept-encoding' => 'gzip, deflate, br',
  'accept-language' => 'zh-CN,zh;q=0.9',
  'content-type' => '',
  'content-length' => '',
)
[ info ] [ PARAM ] array (
)
[ info ] [ SESSION ] INIT array (
  'id' => '',
  'var_session_id' => '',
  'prefix' => 'think',
  'type' => '',
  'auto_start' => true,
)
[ info ] [ LOG ] INIT File
---------------------------------------------------------------
[ 2023-03-18T09:45:04+08:00 ] 183.226.226.188 GET xiezhen1.720vrcloud.net/favicon.ico
[运行时间：0.009923s] [吞吐率：100.78req/s] [内存消耗：233.80kb] [文件加载：28]
[ info ] [ LANG ] /www/wwwroot/xiezhen1.720vrcloud.net/thinkphp/lang/zh-cn.php
[ info ] [ ROUTE ] array (
  'type' => 'module',
  'module' => 
  array (
    0 => 'favicon.ico',
    1 => NULL,
    2 => NULL,
  ),
)
[ info ] [ HEADER ] array (
  'host' => 'xiezhen1.720vrcloud.net',
  'sec-ch-ua' => '"Google Chrome";v="111", "Not(A:Brand";v="8", "Chromium";v="111"',
  'sec-ch-ua-mobile' => '?0',
  'user-agent' => 'Mozilla/5.0 (Windows NT 10.0; Win64; x64) AppleWebKit/537.36 (KHTML, like Gecko) Chrome/111.0.0.0 Safari/537.36',
  'sec-ch-ua-platform' => '"Windows"',
  'accept' => 'image/avif,image/webp,image/apng,image/svg+xml,image/*,*/*;q=0.8',
  'sec-fetch-site' => 'same-origin',
  'sec-fetch-mode' => 'no-cors',
  'sec-fetch-dest' => 'image',
  'referer' => 'https://xiezhen1.720vrcloud.net/fenxiao.php/center/index.html',
  'accept-encoding' => 'gzip, deflate, br',
  'accept-language' => 'zh-CN,zh;q=0.9',
  'cookie' => 'PHPSESSID=reql8lt8e4mu3pi8jkmh8u08i3',
  'content-type' => '',
  'content-length' => '',
)
[ info ] [ PARAM ] array (
)
[ info ] [ LOG ] INIT File
---------------------------------------------------------------
[ 2023-03-18T09:45:18+08:00 ] 183.226.226.188 GET xiezhen1.720vrcloud.net/fenxiao.php/center/index.html
[运行时间：0.009811s] [吞吐率：101.93req/s] [内存消耗：317.95kb] [文件加载：33]
[ info ] [ LANG ] /www/wwwroot/xiezhen1.720vrcloud.net/thinkphp/lang/zh-cn.php
[ info ] [ ROUTE ] array (
  'type' => 'module',
  'module' => 
  array (
    0 => 'fenxiao',
    1 => 'center',
    2 => 'index',
  ),
)
[ info ] [ HEADER ] array (
  'host' => 'xiezhen1.720vrcloud.net',
  'sec-ch-ua' => '"Google Chrome";v="111", "Not(A:Brand";v="8", "Chromium";v="111"',
  'sec-ch-ua-mobile' => '?0',
  'sec-ch-ua-platform' => '"Windows"',
  'upgrade-insecure-requests' => '1',
  'user-agent' => 'Mozilla/5.0 (Windows NT 10.0; Win64; x64) AppleWebKit/537.36 (KHTML, like Gecko) Chrome/111.0.0.0 Safari/537.36',
  'accept' => 'text/html,application/xhtml+xml,application/xml;q=0.9,image/avif,image/webp,image/apng,*/*;q=0.8,application/signed-exchange;v=b3;q=0.7',
  'sec-fetch-site' => 'same-origin',
  'sec-fetch-mode' => 'navigate',
  'sec-fetch-user' => '?1',
  'sec-fetch-dest' => 'document',
  'referer' => 'https://xiezhen1.720vrcloud.net/fenxiao.php',
  'accept-encoding' => 'gzip, deflate, br',
  'accept-language' => 'zh-CN,zh;q=0.9',
  'cookie' => 'PHPSESSID=reql8lt8e4mu3pi8jkmh8u08i3',
  'content-type' => '',
  'content-length' => '',
)
[ info ] [ PARAM ] array (
)
[ info ] [ SESSION ] INIT array (
  'id' => '',
  'var_session_id' => '',
  'prefix' => 'think',
  'type' => '',
  'auto_start' => true,
)
[ info ] [ LOG ] INIT File
---------------------------------------------------------------
[ 2023-03-18T13:58:49+08:00 ] 49.88.109.134 GET xiezhen1.720vrcloud.net/
[运行时间：0.014962s] [吞吐率：66.84req/s] [内存消耗：363.10kb] [文件加载：39]
[ info ] [ LANG ] /www/wwwroot/xiezhen1.720vrcloud.net/thinkphp/lang/zh-cn.php
[ info ] [ ROUTE ] array (
  'type' => 'module',
  'module' => 
  array (
    0 => '',
    1 => NULL,
    2 => NULL,
  ),
)
[ info ] [ HEADER ] array (
  'host' => 'xiezhen1.720vrcloud.net',
  'cache-control' => 'max-age=0',
  'upgrade-insecure-requests' => '1',
  'user-agent' => 'Mozilla/5.0 (Windows NT 10.0; WOW64) AppleWebKit/537.36 (KHTML, like Gecko) Chrome/80.0.3987.87 Safari/537.36 SE 2.X MetaSr 1.0',
  'sec-fetch-dest' => 'document',
  'accept' => 'text/html,application/xhtml+xml,application/xml;q=0.9,image/webp,image/apng,*/*;q=0.8,application/signed-exchange;v=b3;q=0.9',
  'sec-fetch-site' => 'cross-site',
  'sec-fetch-mode' => 'navigate',
  'accept-encoding' => 'gzip, deflate, br',
  'accept-language' => 'zh-CN,zh;q=0.9',
  'content-type' => '',
  'content-length' => '',
)
[ info ] [ PARAM ] array (
)
[ info ] [ RUN ] app\website\controller\Index->Index[ /www/wwwroot/xiezhen1.720vrcloud.net/application/website/controller/Index.php ]
[ info ] [ VIEW ] template/website/index/index.html [ array (
  0 => 'subweb',
) ]
[ info ] [ LOG ] INIT File
---------------------------------------------------------------
[ 2023-03-18T20:36:45+08:00 ] 171.113.241.68 HEAD aaa.720vrcloud.net/
[运行时间：0.010738s] [吞吐率：93.13req/s] [内存消耗：311.42kb] [文件加载：32]
[ info ] [ LANG ] /www/wwwroot/xiezhen1.720vrcloud.net/thinkphp/lang/zh-cn.php
[ info ] [ ROUTE ] array (
  'type' => 'module',
  'module' => 
  array (
    0 => '',
    1 => NULL,
    2 => NULL,
  ),
)
[ info ] [ HEADER ] array (
  'user-agent' => 'curl/7.29.0',
  'host' => 'aaa.720vrcloud.net',
  'accept' => '*/*',
  'content-type' => '',
  'content-length' => '',
)
[ info ] [ PARAM ] array (
)
[ info ] [ LOG ] INIT File
---------------------------------------------------------------
[ 2023-03-18T20:51:04+08:00 ] 121.4.167.152 GET xiezhen1.720vrcloud.net/web/themes/default/statistics/display.html
[运行时间：0.010195s] [吞吐率：98.09req/s] [内存消耗：229.87kb] [文件加载：28]
[ info ] [ LANG ] /www/wwwroot/xiezhen1.720vrcloud.net/thinkphp/lang/zh-cn.php
[ info ] [ ROUTE ] array (
  'type' => 'module',
  'module' => 
  array (
    0 => 'web',
    1 => 'themes',
    2 => 'default',
  ),
)
[ info ] [ HEADER ] array (
  'host' => 'xiezhen1.720vrcloud.net',
  'accept' => '*/*',
  'content-type' => '',
  'content-length' => '',
)
[ info ] [ PARAM ] array (
  'statistics' => 'display',
)
[ info ] [ LOG ] INIT File
---------------------------------------------------------------
[ 2023-03-18T21:47:35+08:00 ] 39.144.146.144 GET xiezhen1.720vrcloud.net/favicon.ico
[运行时间：0.010436s] [吞吐率：95.82req/s] [内存消耗：233.64kb] [文件加载：28]
[ info ] [ LANG ] /www/wwwroot/xiezhen1.720vrcloud.net/thinkphp/lang/zh-cn.php
[ info ] [ ROUTE ] array (
  'type' => 'module',
  'module' => 
  array (
    0 => 'favicon.ico',
    1 => NULL,
    2 => NULL,
  ),
)
[ info ] [ HEADER ] array (
  'host' => 'xiezhen1.720vrcloud.net',
  'user-agent' => 'Mozilla/5.0 (Linux; Android 10; V2031A Build/QP1A.190711.020; wv) AppleWebKit/537.36 (KHTML, like Gecko) Version/4.0 Chrome/98.0.4758.102 MQQBrowser/6.2 TBS/046403 Mobile Safari/537.36 V1_AND_SQ_8.9.33_3772_YYB_D PA QQ/8.9.33.10335 NetType/4G WebP/0.3.0 AppId/537151684 Pixel/1080 StatusBarHeight/85 SimpleUISwitch/0 QQTheme/1000 StudyMode/0 CurrentMode/0 CurrentFontScale/1.0 GlobalDensityScale/0.90000004 AllowLandscape/false InMagicWin/0',
  'accept' => 'image/wxpic,image/sharpp,image/apng,image/tpg,image/avif,image/webp,image/apng,image/svg+xml,image/*,*/*;q=0.8',
  'sec-fetch-site' => 'same-origin',
  'sec-fetch-mode' => 'no-cors',
  'sec-fetch-dest' => 'image',
  'referer' => 'https://xiezhen1.720vrcloud.net/app/index.php?i=9&c=entry&do=index&agentid=20&m=y2_jiukuaijiu',
  'accept-encoding' => 'gzip, deflate, br',
  'accept-language' => 'zh-CN,zh;q=0.9,en-US;q=0.8,en;q=0.7',
  'content-type' => '',
  'content-length' => '',
)
[ info ] [ PARAM ] array (
)
[ info ] [ LOG ] INIT File
---------------------------------------------------------------
[ 2023-03-18T21:47:55+08:00 ] 39.144.146.144 GET xiezhen1.720vrcloud.net/favicon.ico
[运行时间：0.011102s] [吞吐率：90.07req/s] [内存消耗：233.64kb] [文件加载：28]
[ info ] [ LANG ] /www/wwwroot/xiezhen1.720vrcloud.net/thinkphp/lang/zh-cn.php
[ info ] [ ROUTE ] array (
  'type' => 'module',
  'module' => 
  array (
    0 => 'favicon.ico',
    1 => NULL,
    2 => NULL,
  ),
)
[ info ] [ HEADER ] array (
  'host' => 'xiezhen1.720vrcloud.net',
  'user-agent' => 'Mozilla/5.0 (Linux; Android 10; V2031A Build/QP1A.190711.020; wv) AppleWebKit/537.36 (KHTML, like Gecko) Version/4.0 Chrome/98.0.4758.102 MQQBrowser/6.2 TBS/046337 Mobile Safari/537.36 V1_AND_SQ_8.9.33_3772_YYB_D PA QQ/8.9.33.10335 NetType/4G WebP/0.3.0 AppId/537151684 Pixel/1080 StatusBarHeight/85 SimpleUISwitch/0 QQTheme/1000 StudyMode/0 CurrentMode/0 CurrentFontScale/1.0 GlobalDensityScale/0.90000004 AllowLandscape/false InMagicWin/0',
  'accept' => 'image/wxpic,image/sharpp,image/apng,image/tpg,image/avif,image/webp,image/apng,image/svg+xml,image/*,*/*;q=0.8',
  'sec-fetch-site' => 'same-origin',
  'sec-fetch-mode' => 'no-cors',
  'sec-fetch-dest' => 'image',
  'referer' => 'https://xiezhen1.720vrcloud.net/app/index.php?i=9&c=entry&do=index&agentid=20&m=y2_jiukuaijiu',
  'accept-encoding' => 'gzip, deflate, br',
  'accept-language' => 'zh-CN,zh;q=0.9,en-US;q=0.8,en;q=0.7',
  'content-type' => '',
  'content-length' => '',
)
[ info ] [ PARAM ] array (
)
[ info ] [ LOG ] INIT File
---------------------------------------------------------------
[ 2023-03-18T21:49:20+08:00 ] 27.19.195.206 HEAD aaa.720vrcloud.net/
[运行时间：0.010088s] [吞吐率：99.13req/s] [内存消耗：311.41kb] [文件加载：32]
[ info ] [ LANG ] /www/wwwroot/xiezhen1.720vrcloud.net/thinkphp/lang/zh-cn.php
[ info ] [ ROUTE ] array (
  'type' => 'module',
  'module' => 
  array (
    0 => '',
    1 => NULL,
    2 => NULL,
  ),
)
[ info ] [ HEADER ] array (
  'user-agent' => 'curl/7.29.0',
  'host' => 'aaa.720vrcloud.net',
  'accept' => '*/*',
  'content-type' => '',
  'content-length' => '',
)
[ info ] [ PARAM ] array (
)
[ info ] [ LOG ] INIT File
---------------------------------------------------------------
[ 2023-03-18T22:15:48+08:00 ] 171.43.246.147 GET aaa.720vrcloud.net/
[运行时间：0.009907s] [吞吐率：100.94req/s] [内存消耗：312.23kb] [文件加载：32]
[ info ] [ LANG ] /www/wwwroot/xiezhen1.720vrcloud.net/thinkphp/lang/zh-cn.php
[ info ] [ ROUTE ] array (
  'type' => 'module',
  'module' => 
  array (
    0 => '',
    1 => NULL,
    2 => NULL,
  ),
)
[ info ] [ HEADER ] array (
  'accept' => 'text/html,application/xhtml+xml,application/xml;q=0.9,*/*;q=0.8',
  'connection' => 'Keep-Alive',
  'accept-encoding' => 'gzip, deflate',
  'accept-language' => 'en-US,*',
  'user-agent' => 'Mozilla/5.0',
  'host' => 'aaa.720vrcloud.net',
  'content-type' => '',
  'content-length' => '',
)
[ info ] [ PARAM ] array (
)
[ info ] [ LOG ] INIT File
---------------------------------------------------------------
[ 2023-03-18T22:57:24+08:00 ] 117.132.63.155 GET xiezhen1.720vrcloud.net/favicon.ico
[运行时间：0.010891s] [吞吐率：91.82req/s] [内存消耗：233.63kb] [文件加载：28]
[ info ] [ LANG ] /www/wwwroot/xiezhen1.720vrcloud.net/thinkphp/lang/zh-cn.php
[ info ] [ ROUTE ] array (
  'type' => 'module',
  'module' => 
  array (
    0 => 'favicon.ico',
    1 => NULL,
    2 => NULL,
  ),
)
[ info ] [ HEADER ] array (
  'host' => 'xiezhen1.720vrcloud.net',
  'user-agent' => 'Mozilla/5.0 (Linux; Android 7.1.1; OPPO A79t Build/N6F26Q; wv) AppleWebKit/537.36 (KHTML, like Gecko) Version/4.0 Chrome/98.0.4758.102 MQQBrowser/6.2 TBS/046403 Mobile Safari/537.36 V1_AND_SQ_8.9.33_3772_YYB_D PA QQ/8.9.33.10335 NetType/WIFI WebP/0.3.0 AppId/537151687 Pixel/1080 StatusBarHeight/55 SimpleUISwitch/0 QQTheme/1000 StudyMode/0 CurrentMode/0 CurrentFontScale/1.0 GlobalDensityScale/0.90000004 AllowLandscape/false InMagicWin/0',
  'accept' => 'image/wxpic,image/sharpp,image/apng,image/tpg,image/avif,image/webp,image/apng,image/svg+xml,image/*,*/*;q=0.8',
  'sec-fetch-site' => 'same-origin',
  'sec-fetch-mode' => 'no-cors',
  'sec-fetch-dest' => 'image',
  'referer' => 'https://xiezhen1.720vrcloud.net/app/index.php?i=9&c=entry&do=index&agentid=20&m=y2_jiukuaijiu',
  'accept-encoding' => 'gzip, deflate, br',
  'accept-language' => 'zh-CN,zh;q=0.9,en-US;q=0.8,en;q=0.7',
  'content-type' => '',
  'content-length' => '',
)
[ info ] [ PARAM ] array (
)
[ info ] [ LOG ] INIT File
---------------------------------------------------------------
[ 2023-03-18T22:59:56+08:00 ] 117.132.63.155 GET xiezhen1.720vrcloud.net/favicon.ico
[运行时间：0.011619s] [吞吐率：86.07req/s] [内存消耗：232.77kb] [文件加载：28]
[ info ] [ LANG ] /www/wwwroot/xiezhen1.720vrcloud.net/thinkphp/lang/zh-cn.php
[ info ] [ ROUTE ] array (
  'type' => 'module',
  'module' => 
  array (
    0 => 'favicon.ico',
    1 => NULL,
    2 => NULL,
  ),
)
[ info ] [ HEADER ] array (
  'host' => 'xiezhen1.720vrcloud.net',
  'user-agent' => 'Mozilla/5.0 (Linux; U; Android 7.1.1; zh-cn; OPPO A79t Build/N6F26Q) AppleWebKit/537.36 (KHTML, like Gecko) Version/4.0 Chrome/90.0.4430.61 Mobile Safari/537.36 HeyTapBrowser/10.8.10.1',
  'accept' => 'image/avif,image/webp,image/apng,image/svg+xml,image/*,*/*;q=0.8',
  'sec-fetch-site' => 'same-origin',
  'sec-fetch-mode' => 'no-cors',
  'sec-fetch-dest' => 'image',
  'referer' => 'https://xiezhen1.720vrcloud.net/app/index.php?i=9&c=entry&do=index&agentid=20&m=y2_jiukuaijiu',
  'accept-encoding' => 'gzip, deflate',
  'accept-language' => 'zh-CN,zh;q=0.9,en-US;q=0.8,en;q=0.7',
  'content-type' => '',
  'content-length' => '',
)
[ info ] [ PARAM ] array (
)
[ info ] [ LOG ] INIT File
---------------------------------------------------------------
[ 2023-03-18T23:39:30+08:00 ] 11.186.122.5 GET aaa.720vrcloud.net/group.php/index/index/id/50.html
[运行时间：0.024017s] [吞吐率：41.64req/s] [内存消耗：499.77kb] [文件加载：42]
[ info ] [ LANG ] /www/wwwroot/xiezhen1.720vrcloud.net/thinkphp/lang/zh-cn.php
[ info ] [ ROUTE ] array (
  'type' => 'module',
  'module' => 
  array (
    0 => 'group',
    1 => 'index',
    2 => 'index',
  ),
)
[ info ] [ HEADER ] array (
  'upgrade-insecure-requests' => '1',
  'user-agent' => 'Mozilla/5.0 (Linux; Android 9; M6 Note Build/N2G47H; wv) AppleWebKit/537.36 (KHTML, like Gecko) Version/4.0 Chrome/105.0.0.0MQQBrowser/6.2 TBS/045223 Mobile Safari/537.36 MMWEBID/9551 MicroMessenger/7.0.14.1660(0x27000E37) Process/tools NetType/4G Language/zh_CN ABI/arm64 WeChat/arm64 wechatdevtools qcloudcdn-xinan',
  'accept' => 'text/html,application/xhtml+xml,application/xml;q=0.9,image/avif,image/webp,image/apng,*/*;q=0.8,application/signed-exchange;v=b3;q=0.9',
  'accept-encoding' => 'gzip, deflate',
  'accept-language' => 'en-US',
  'host' => 'aaa.720vrcloud.net',
  'via' => '1.1 VM-95-24-centos (squid/3.5.20)',
  'x-forwarded-for' => '11.186.122.5',
  'cache-control' => 'max-age=259200',
  'connection' => 'keep-alive',
  'content-type' => '',
  'content-length' => '',
)
[ info ] [ PARAM ] array (
  'id' => '50',
)
[ info ] [ RUN ] app\group\controller\Index->index[ /www/wwwroot/xiezhen1.720vrcloud.net/application/group/controller/Index.php ]
[ info ] [ DB ] INIT mysql
[ info ] [ LOG ] INIT File
[ sql ] [ DB ] CONNECT:[ UseTime:0.001200s ] mysql:host=127.0.0.1;port=3306;dbname=xiezhen1_720vrcl;charset=utf8
[ sql ] [ SQL ] SHOW COLUMNS FROM `web_wxgroup` [ RunTime:0.006329s ]
[ sql ] [ SQL ] SELECT * FROM `web_wxgroup` WHERE  (  wxg_id = 50 ) LIMIT 1 [ RunTime:0.000948s ]
---------------------------------------------------------------
[ 2023-03-18T23:39:30+08:00 ] 11.186.122.5 GET aaa.720vrcloud.net/group.php/index/turl/id/50.html
[运行时间：0.031281s] [吞吐率：31.97req/s] [内存消耗：556.80kb] [文件加载：40]
[ info ] [ LANG ] /www/wwwroot/xiezhen1.720vrcloud.net/thinkphp/lang/zh-cn.php
[ info ] [ ROUTE ] array (
  'type' => 'module',
  'module' => 
  array (
    0 => 'group',
    1 => 'index',
    2 => 'turl',
  ),
)
[ info ] [ HEADER ] array (
  'user-agent' => 'Mozilla/5.0 (Linux; Android 9; M6 Note Build/N2G47H; wv) AppleWebKit/537.36 (KHTML, like Gecko) Version/4.0 Chrome/105.0.0.0MQQBrowser/6.2 TBS/045223 Mobile Safari/537.36 MMWEBID/9551 MicroMessenger/7.0.14.1660(0x27000E37) Process/tools NetType/4G Language/zh_CN ABI/arm64 WeChat/arm64 wechatdevtools qcloudcdn-xinan',
  'accept' => '*/*',
  'referer' => 'http://aaa.720vrcloud.net/group.php/index/index/id/50.html',
  'accept-encoding' => 'gzip, deflate',
  'accept-language' => 'en-US',
  'host' => 'aaa.720vrcloud.net',
  'via' => '1.1 VM-95-24-centos (squid/3.5.20)',
  'x-forwarded-for' => '11.186.122.5',
  'cache-control' => 'max-age=259200',
  'connection' => 'keep-alive',
  'content-type' => '',
  'content-length' => '',
)
[ info ] [ PARAM ] array (
  'id' => '50',
)
[ info ] [ RUN ] app\group\controller\Index->turl[ /www/wwwroot/xiezhen1.720vrcloud.net/application/group/controller/Index.php ]
[ info ] [ DB ] INIT mysql
[ info ] [ LOG ] INIT File
[ sql ] [ DB ] CONNECT:[ UseTime:0.000647s ] mysql:host=127.0.0.1;port=3306;dbname=xiezhen1_720vrcl;charset=utf8
[ sql ] [ SQL ] SHOW COLUMNS FROM `web_wxgroup` [ RunTime:0.004257s ]
[ sql ] [ SQL ] SELECT * FROM `web_wxgroup` WHERE  (  wxg_id = 50 ) LIMIT 1 [ RunTime:0.000510s ]
[ sql ] [ SQL ] SHOW COLUMNS FROM `web_distribution` [ RunTime:0.003187s ]
[ sql ] [ SQL ] SELECT * FROM `web_distribution` WHERE  (  du_id = 19 ) LIMIT 1 [ RunTime:0.000753s ]
[ sql ] [ SQL ] SHOW COLUMNS FROM `web_substation` [ RunTime:0.003212s ]
[ sql ] [ SQL ] SELECT * FROM `web_substation` WHERE  (  su_id = 11 ) LIMIT 1 [ RunTime:0.000429s ]
[ sql ] [ SQL ] SHOW COLUMNS FROM `web_substation_paylist` [ RunTime:0.003328s ]
[ sql ] [ SQL ] SELECT * FROM `web_substation_paylist` WHERE  (  su_id = 11 and su_pl_status = 1 ) LIMIT 1 [ RunTime:0.000501s ]
---------------------------------------------------------------
[ 2023-03-18T23:39:31+08:00 ] 11.186.122.5 GET aaa.720vrcloud.net/group.php/index/share/id/50/t/888c79f55d544302cb3a0632034da147/time/1679153970.html
[运行时间：0.025062s] [吞吐率：39.90req/s] [内存消耗：582.86kb] [文件加载：46]
[ info ] [ LANG ] /www/wwwroot/xiezhen1.720vrcloud.net/thinkphp/lang/zh-cn.php
[ info ] [ ROUTE ] array (
  'type' => 'module',
  'module' => 
  array (
    0 => 'group',
    1 => 'index',
    2 => 'share',
  ),
)
[ info ] [ HEADER ] array (
  'upgrade-insecure-requests' => '1',
  'user-agent' => 'Mozilla/5.0 (Linux; Android 9; M6 Note Build/N2G47H; wv) AppleWebKit/537.36 (KHTML, like Gecko) Version/4.0 Chrome/105.0.0.0MQQBrowser/6.2 TBS/045223 Mobile Safari/537.36 MMWEBID/9551 MicroMessenger/7.0.14.1660(0x27000E37) Process/tools NetType/4G Language/zh_CN ABI/arm64 WeChat/arm64 wechatdevtools qcloudcdn-xinan',
  'accept' => 'text/html,application/xhtml+xml,application/xml;q=0.9,image/avif,image/webp,image/apng,*/*;q=0.8,application/signed-exchange;v=b3;q=0.9',
  'referer' => 'http://aaa.720vrcloud.net/group.php/index/index/id/50.html',
  'accept-encoding' => 'gzip, deflate',
  'accept-language' => 'en-US',
  'host' => 'aaa.720vrcloud.net',
  'via' => '1.1 VM-95-24-centos (squid/3.5.20)',
  'x-forwarded-for' => '11.186.122.5',
  'cache-control' => 'max-age=259200',
  'connection' => 'keep-alive',
  'content-type' => '',
  'content-length' => '',
)
[ info ] [ PARAM ] array (
  'id' => '50',
  't' => '888c79f55d544302cb3a0632034da147',
  'time' => '1679153970',
)
[ info ] [ RUN ] app\group\controller\Index->share[ /www/wwwroot/xiezhen1.720vrcloud.net/application/group/controller/Index.php ]
[ info ] [ DB ] INIT mysql
[ info ] [ SESSION ] INIT array (
  'id' => '',
  'var_session_id' => '',
  'prefix' => 'think',
  'type' => '',
  'auto_start' => true,
)
[ info ] [ VIEW ] template/group/index/share.html [ array (
  0 => 'qccontent',
  1 => 'qcontent',
  2 => 'content',
  3 => 'info',
  4 => 'id',
) ]
[ info ] [ LOG ] INIT File
[ sql ] [ DB ] CONNECT:[ UseTime:0.000662s ] mysql:host=127.0.0.1;port=3306;dbname=xiezhen1_720vrcl;charset=utf8
[ sql ] [ SQL ] SHOW COLUMNS FROM `web_wxgroup` [ RunTime:0.004290s ]
[ sql ] [ SQL ] SELECT * FROM `web_wxgroup` WHERE  (  wxg_id = 50 ) LIMIT 1 [ RunTime:0.000489s ]
[ sql ] [ SQL ] UPDATE `web_wxgroup`  SET `wxg_readcount`=1782  WHERE  (  wxg_id = 50 ) [ RunTime:0.000852s ]
