---------------------------------------------------------------
[ 2023-03-19T00:15:15+08:00 ] 27.115.124.45 GET xiezhen1.720vrcloud.net/
[运行时间：0.014637s] [吞吐率：68.32req/s] [内存消耗：362.77kb] [文件加载：39]
[ info ] [ LANG ] /www/wwwroot/xiezhen1.720vrcloud.net/thinkphp/lang/zh-cn.php
[ info ] [ ROUTE ] array (
  'type' => 'module',
  'module' => 
  array (
    0 => '',
    1 => NULL,
    2 => NULL,
  ),
)
[ info ] [ HEADER ] array (
  'host' => 'xiezhen1.720vrcloud.net',
  'connection' => 'keep-alive',
  'pragma' => 'no-cache',
  'cache-control' => 'no-cache',
  'upgrade-insecure-requests' => '1',
  'user-agent' => 'Mozilla/5.0 (Linux; Android 8.0; Pixel 2 Build/OPD3.170816.012) AppleWebKit/537.36 (KHTML, like Gecko) Chrome/87.0.4280.88 Mobile Safari/537.36',
  'accept' => 'text/html,application/xhtml+xml,application/xml;q=0.9,image/webp,image/apng,*/*;q=0.8',
  'referer' => 'http://baidu.com/',
  'accept-encoding' => 'gzip, deflate',
  'content-type' => '',
  'content-length' => '',
)
[ info ] [ PARAM ] array (
)
[ info ] [ RUN ] app\website\controller\Index->Index[ /www/wwwroot/xiezhen1.720vrcloud.net/application/website/controller/Index.php ]
[ info ] [ VIEW ] template/website/index/index.html [ array (
  0 => 'subweb',
) ]
[ info ] [ LOG ] INIT File
---------------------------------------------------------------
[ 2023-03-19T00:15:25+08:00 ] 183.40.231.134 GET xiezhen1.720vrcloud.net/favicon.ico
[运行时间：0.009816s] [吞吐率：101.88req/s] [内存消耗：233.61kb] [文件加载：28]
[ info ] [ LANG ] /www/wwwroot/xiezhen1.720vrcloud.net/thinkphp/lang/zh-cn.php
[ info ] [ ROUTE ] array (
  'type' => 'module',
  'module' => 
  array (
    0 => 'favicon.ico',
    1 => NULL,
    2 => NULL,
  ),
)
[ info ] [ HEADER ] array (
  'host' => 'xiezhen1.720vrcloud.net',
  'user-agent' => 'Mozilla/5.0 (Linux; Android 10; SEA-AL10 Build/HUAWEISEA-AL10; wv) AppleWebKit/537.36 (KHTML, like Gecko) Version/4.0 Chrome/98.0.4758.102 MQQBrowser/6.2 TBS/046403 Mobile Safari/537.36 V1_AND_SQ_8.9.33_3772_YYB_D PA QQ/8.9.33.10335 NetType/4G WebP/0.3.0 AppId/537151685 Pixel/1080 StatusBarHeight/81 SimpleUISwitch/0 QQTheme/1000 StudyMode/0 CurrentMode/0 CurrentFontScale/1.0 GlobalDensityScale/0.9 AllowLandscape/false InMagicWin/0',
  'accept' => 'image/wxpic,image/sharpp,image/apng,image/tpg,image/avif,image/webp,image/apng,image/svg+xml,image/*,*/*;q=0.8',
  'sec-fetch-site' => 'same-origin',
  'sec-fetch-mode' => 'no-cors',
  'sec-fetch-dest' => 'image',
  'referer' => 'https://xiezhen1.720vrcloud.net/app/index.php?i=9&c=entry&do=index&agentid=20&m=y2_jiukuaijiu',
  'accept-encoding' => 'gzip, deflate, br',
  'accept-language' => 'zh-CN,zh;q=0.9,en-US;q=0.8,en;q=0.7',
  'content-type' => '',
  'content-length' => '',
)
[ info ] [ PARAM ] array (
)
[ info ] [ LOG ] INIT File
---------------------------------------------------------------
[ 2023-03-19T00:16:24+08:00 ] 27.115.124.38 GET xiezhen1.720vrcloud.net/
[运行时间：0.014025s] [吞吐率：71.30req/s] [内存消耗：362.59kb] [文件加载：39]
[ info ] [ LANG ] /www/wwwroot/xiezhen1.720vrcloud.net/thinkphp/lang/zh-cn.php
[ info ] [ ROUTE ] array (
  'type' => 'module',
  'module' => 
  array (
    0 => '',
    1 => NULL,
    2 => NULL,
  ),
)
[ info ] [ HEADER ] array (
  'host' => 'xiezhen1.720vrcloud.net',
  'pragma' => 'no-cache',
  'cache-control' => 'no-cache',
  'upgrade-insecure-requests' => '1',
  'user-agent' => 'Mozilla/5.0 (Linux; Android 8.0; Pixel 2 Build/OPD3.170816.012) AppleWebKit/537.36 (KHTML, like Gecko) Chrome/87.0.4280.88 Mobile Safari/537.36',
  'accept' => 'text/html,application/xhtml+xml,application/xml;q=0.9,image/webp,image/apng,*/*;q=0.8',
  'referer' => 'http://baidu.com/',
  'accept-encoding' => 'gzip, deflate',
  'content-type' => '',
  'content-length' => '',
)
[ info ] [ PARAM ] array (
)
[ info ] [ RUN ] app\website\controller\Index->Index[ /www/wwwroot/xiezhen1.720vrcloud.net/application/website/controller/Index.php ]
[ info ] [ VIEW ] template/website/index/index.html [ array (
  0 => 'subweb',
) ]
[ info ] [ LOG ] INIT File
---------------------------------------------------------------
[ 2023-03-19T03:38:00+08:00 ] 178.208.160.110 HEAD xiezhen2.720vrcloud.net/wordpress
[运行时间：0.010438s] [吞吐率：95.80req/s] [内存消耗：229.77kb] [文件加载：28]
[ info ] [ LANG ] /www/wwwroot/xiezhen1.720vrcloud.net/thinkphp/lang/zh-cn.php
[ info ] [ ROUTE ] array (
  'type' => 'module',
  'module' => 
  array (
    0 => 'wordpress',
    1 => NULL,
    2 => NULL,
  ),
)
[ info ] [ HEADER ] array (
  'user-agent' => 'Mozilla/5.0 (Windows NT 10.0; Win64; x64) AppleWebKit/537.36 (KHTML, like Gecko) Chrome/74.0.3729.169 Safari/537.36',
  'accept' => '*/*',
  'host' => 'xiezhen2.720vrcloud.net',
  'content-type' => '',
  'content-length' => '',
)
[ info ] [ PARAM ] array (
)
[ info ] [ LOG ] INIT File
---------------------------------------------------------------
[ 2023-03-19T03:38:00+08:00 ] 178.208.160.110 HEAD xiezhen2.720vrcloud.net/
[运行时间：0.009885s] [吞吐率：101.16req/s] [内存消耗：311.77kb] [文件加载：32]
[ info ] [ LANG ] /www/wwwroot/xiezhen1.720vrcloud.net/thinkphp/lang/zh-cn.php
[ info ] [ ROUTE ] array (
  'type' => 'module',
  'module' => 
  array (
    0 => '',
    1 => NULL,
    2 => NULL,
  ),
)
[ info ] [ HEADER ] array (
  'user-agent' => 'Mozilla/5.0 (Windows NT 10.0; Win64; x64) AppleWebKit/537.36 (KHTML, like Gecko) Chrome/74.0.3729.169 Safari/537.36',
  'accept' => '*/*',
  'host' => 'xiezhen2.720vrcloud.net',
  'content-type' => '',
  'content-length' => '',
)
[ info ] [ PARAM ] array (
)
[ info ] [ LOG ] INIT File
---------------------------------------------------------------
[ 2023-03-19T03:38:00+08:00 ] 178.208.160.110 HEAD xiezhen2.720vrcloud.net/wp
[运行时间：0.008837s] [吞吐率：113.16req/s] [内存消耗：229.73kb] [文件加载：28]
[ info ] [ LANG ] /www/wwwroot/xiezhen1.720vrcloud.net/thinkphp/lang/zh-cn.php
[ info ] [ ROUTE ] array (
  'type' => 'module',
  'module' => 
  array (
    0 => 'wp',
    1 => NULL,
    2 => NULL,
  ),
)
[ info ] [ HEADER ] array (
  'user-agent' => 'Mozilla/5.0 (Windows NT 10.0; Win64; x64) AppleWebKit/537.36 (KHTML, like Gecko) Chrome/74.0.3729.169 Safari/537.36',
  'accept' => '*/*',
  'host' => 'xiezhen2.720vrcloud.net',
  'content-type' => '',
  'content-length' => '',
)
[ info ] [ PARAM ] array (
)
[ info ] [ LOG ] INIT File
---------------------------------------------------------------
[ 2023-03-19T03:38:01+08:00 ] 178.208.160.110 HEAD xiezhen2.720vrcloud.net/bc
[运行时间：0.008408s] [吞吐率：118.93req/s] [内存消耗：229.73kb] [文件加载：28]
[ info ] [ LANG ] /www/wwwroot/xiezhen1.720vrcloud.net/thinkphp/lang/zh-cn.php
[ info ] [ ROUTE ] array (
  'type' => 'module',
  'module' => 
  array (
    0 => 'bc',
    1 => NULL,
    2 => NULL,
  ),
)
[ info ] [ HEADER ] array (
  'user-agent' => 'Mozilla/5.0 (Windows NT 10.0; Win64; x64) AppleWebKit/537.36 (KHTML, like Gecko) Chrome/74.0.3729.169 Safari/537.36',
  'accept' => '*/*',
  'host' => 'xiezhen2.720vrcloud.net',
  'content-type' => '',
  'content-length' => '',
)
[ info ] [ PARAM ] array (
)
[ info ] [ LOG ] INIT File
---------------------------------------------------------------
[ 2023-03-19T03:38:01+08:00 ] 178.208.160.110 HEAD xiezhen2.720vrcloud.net/bk
[运行时间：0.008681s] [吞吐率：115.19req/s] [内存消耗：229.73kb] [文件加载：28]
[ info ] [ LANG ] /www/wwwroot/xiezhen1.720vrcloud.net/thinkphp/lang/zh-cn.php
[ info ] [ ROUTE ] array (
  'type' => 'module',
  'module' => 
  array (
    0 => 'bk',
    1 => NULL,
    2 => NULL,
  ),
)
[ info ] [ HEADER ] array (
  'user-agent' => 'Mozilla/5.0 (Windows NT 10.0; Win64; x64) AppleWebKit/537.36 (KHTML, like Gecko) Chrome/74.0.3729.169 Safari/537.36',
  'accept' => '*/*',
  'host' => 'xiezhen2.720vrcloud.net',
  'content-type' => '',
  'content-length' => '',
)
[ info ] [ PARAM ] array (
)
[ info ] [ LOG ] INIT File
---------------------------------------------------------------
[ 2023-03-19T03:38:01+08:00 ] 178.208.160.110 HEAD xiezhen2.720vrcloud.net/backup
[运行时间：0.009284s] [吞吐率：107.71req/s] [内存消耗：229.74kb] [文件加载：28]
[ info ] [ LANG ] /www/wwwroot/xiezhen1.720vrcloud.net/thinkphp/lang/zh-cn.php
[ info ] [ ROUTE ] array (
  'type' => 'module',
  'module' => 
  array (
    0 => 'backup',
    1 => NULL,
    2 => NULL,
  ),
)
[ info ] [ HEADER ] array (
  'user-agent' => 'Mozilla/5.0 (Windows NT 10.0; Win64; x64) AppleWebKit/537.36 (KHTML, like Gecko) Chrome/74.0.3729.169 Safari/537.36',
  'accept' => '*/*',
  'host' => 'xiezhen2.720vrcloud.net',
  'content-type' => '',
  'content-length' => '',
)
[ info ] [ PARAM ] array (
)
[ info ] [ LOG ] INIT File
---------------------------------------------------------------
[ 2023-03-19T03:38:02+08:00 ] 178.208.160.110 HEAD xiezhen2.720vrcloud.net/old
[运行时间：0.008318s] [吞吐率：120.22req/s] [内存消耗：229.73kb] [文件加载：28]
[ info ] [ LANG ] /www/wwwroot/xiezhen1.720vrcloud.net/thinkphp/lang/zh-cn.php
[ info ] [ ROUTE ] array (
  'type' => 'module',
  'module' => 
  array (
    0 => 'old',
    1 => NULL,
    2 => NULL,
  ),
)
[ info ] [ HEADER ] array (
  'user-agent' => 'Mozilla/5.0 (Windows NT 10.0; Win64; x64) AppleWebKit/537.36 (KHTML, like Gecko) Chrome/74.0.3729.169 Safari/537.36',
  'accept' => '*/*',
  'host' => 'xiezhen2.720vrcloud.net',
  'content-type' => '',
  'content-length' => '',
)
[ info ] [ PARAM ] array (
)
[ info ] [ LOG ] INIT File
---------------------------------------------------------------
[ 2023-03-19T03:38:02+08:00 ] 178.208.160.110 HEAD xiezhen2.720vrcloud.net/new
[运行时间：0.008383s] [吞吐率：119.29req/s] [内存消耗：229.73kb] [文件加载：28]
[ info ] [ LANG ] /www/wwwroot/xiezhen1.720vrcloud.net/thinkphp/lang/zh-cn.php
[ info ] [ ROUTE ] array (
  'type' => 'module',
  'module' => 
  array (
    0 => 'new',
    1 => NULL,
    2 => NULL,
  ),
)
[ info ] [ HEADER ] array (
  'user-agent' => 'Mozilla/5.0 (Windows NT 10.0; Win64; x64) AppleWebKit/537.36 (KHTML, like Gecko) Chrome/74.0.3729.169 Safari/537.36',
  'accept' => '*/*',
  'host' => 'xiezhen2.720vrcloud.net',
  'content-type' => '',
  'content-length' => '',
)
[ info ] [ PARAM ] array (
)
[ info ] [ LOG ] INIT File
---------------------------------------------------------------
[ 2023-03-19T03:38:02+08:00 ] 178.208.160.110 HEAD xiezhen2.720vrcloud.net/main
[运行时间：0.009475s] [吞吐率：105.54req/s] [内存消耗：229.73kb] [文件加载：28]
[ info ] [ LANG ] /www/wwwroot/xiezhen1.720vrcloud.net/thinkphp/lang/zh-cn.php
[ info ] [ ROUTE ] array (
  'type' => 'module',
  'module' => 
  array (
    0 => 'main',
    1 => NULL,
    2 => NULL,
  ),
)
[ info ] [ HEADER ] array (
  'user-agent' => 'Mozilla/5.0 (Windows NT 10.0; Win64; x64) AppleWebKit/537.36 (KHTML, like Gecko) Chrome/74.0.3729.169 Safari/537.36',
  'accept' => '*/*',
  'host' => 'xiezhen2.720vrcloud.net',
  'content-type' => '',
  'content-length' => '',
)
[ info ] [ PARAM ] array (
)
[ info ] [ LOG ] INIT File
---------------------------------------------------------------
[ 2023-03-19T03:38:02+08:00 ] 178.208.160.110 HEAD xiezhen2.720vrcloud.net/home
[运行时间：0.009158s] [吞吐率：109.19req/s] [内存消耗：229.73kb] [文件加载：28]
[ info ] [ LANG ] /www/wwwroot/xiezhen1.720vrcloud.net/thinkphp/lang/zh-cn.php
[ info ] [ ROUTE ] array (
  'type' => 'module',
  'module' => 
  array (
    0 => 'home',
    1 => NULL,
    2 => NULL,
  ),
)
[ info ] [ HEADER ] array (
  'user-agent' => 'Mozilla/5.0 (Windows NT 10.0; Win64; x64) AppleWebKit/537.36 (KHTML, like Gecko) Chrome/74.0.3729.169 Safari/537.36',
  'accept' => '*/*',
  'host' => 'xiezhen2.720vrcloud.net',
  'content-type' => '',
  'content-length' => '',
)
[ info ] [ PARAM ] array (
)
[ info ] [ LOG ] INIT File
---------------------------------------------------------------
[ 2023-03-19T06:30:23+08:00 ] 198.235.24.49 GET xiezhen1.720vrcloud.net/
[运行时间：0.015277s] [吞吐率：65.46req/s] [内存消耗：360.48kb] [文件加载：39]
[ info ] [ LANG ] /www/wwwroot/xiezhen1.720vrcloud.net/thinkphp/lang/zh-cn.php
[ info ] [ ROUTE ] array (
  'type' => 'module',
  'module' => 
  array (
    0 => '',
    1 => NULL,
    2 => NULL,
  ),
)
[ info ] [ HEADER ] array (
  'host' => 'xiezhen1.720vrcloud.net',
  'content-type' => '',
  'content-length' => '',
)
[ info ] [ PARAM ] array (
)
[ info ] [ RUN ] app\website\controller\Index->Index[ /www/wwwroot/xiezhen1.720vrcloud.net/application/website/controller/Index.php ]
[ info ] [ VIEW ] template/website/index/index.html [ array (
  0 => 'subweb',
) ]
[ info ] [ LOG ] INIT File
---------------------------------------------------------------
[ 2023-03-19T13:36:15+08:00 ] 49.88.109.134 GET xiezhen1.720vrcloud.net/
[运行时间：0.018325s] [吞吐率：54.57req/s] [内存消耗：363.10kb] [文件加载：39]
[ info ] [ LANG ] /www/wwwroot/xiezhen1.720vrcloud.net/thinkphp/lang/zh-cn.php
[ info ] [ ROUTE ] array (
  'type' => 'module',
  'module' => 
  array (
    0 => '',
    1 => NULL,
    2 => NULL,
  ),
)
[ info ] [ HEADER ] array (
  'host' => 'xiezhen1.720vrcloud.net',
  'cache-control' => 'max-age=0',
  'upgrade-insecure-requests' => '1',
  'user-agent' => 'Mozilla/5.0 (Windows NT 10.0; WOW64) AppleWebKit/537.36 (KHTML, like Gecko) Chrome/80.0.3987.87 Safari/537.36 SE 2.X MetaSr 1.0',
  'sec-fetch-dest' => 'document',
  'accept' => 'text/html,application/xhtml+xml,application/xml;q=0.9,image/webp,image/apng,*/*;q=0.8,application/signed-exchange;v=b3;q=0.9',
  'sec-fetch-site' => 'cross-site',
  'sec-fetch-mode' => 'navigate',
  'accept-encoding' => 'gzip, deflate, br',
  'accept-language' => 'zh-CN,zh;q=0.9',
  'content-type' => '',
  'content-length' => '',
)
[ info ] [ PARAM ] array (
)
[ info ] [ RUN ] app\website\controller\Index->Index[ /www/wwwroot/xiezhen1.720vrcloud.net/application/website/controller/Index.php ]
[ info ] [ VIEW ] template/website/index/index.html [ array (
  0 => 'subweb',
) ]
[ info ] [ LOG ] INIT File
---------------------------------------------------------------
[ 2023-03-19T17:32:12+08:00 ] 223.104.242.115 GET aaa.720vrcloud.net/group.php/index/index/id/53.html
[运行时间：0.024581s] [吞吐率：40.68req/s] [内存消耗：499.68kb] [文件加载：42]
[ info ] [ LANG ] /www/wwwroot/xiezhen1.720vrcloud.net/thinkphp/lang/zh-cn.php
[ info ] [ ROUTE ] array (
  'type' => 'module',
  'module' => 
  array (
    0 => 'group',
    1 => 'index',
    2 => 'index',
  ),
)
[ info ] [ HEADER ] array (
  'host' => 'aaa.720vrcloud.net',
  'qzhw-request-key' => '0CEB609F-7B52-45AA-8B72-B6C8C9C2D875',
  'accept' => 'text/html,application/xhtml+xml,application/xml;q=0.9,*/*;q=0.8',
  'qzhw-wnshtml-webviewsupport' => '1',
  'connection' => 'keep-alive',
  'upgrade-insecure-requests' => '1',
  'cookie' => 'qq_locale_id=2052',
  'user-agent' => 'Mozilla/5.0 (iPhone; CPU iPhone OS 16_3_1 like Mac OS X) AppleWebKit/605.1.15 (KHTML, like Gecko) Mobile/15E148 QQ/8.9.33.614 V1_IPH_SQ_8.9.33_1_APP_A Pixel/828 SimpleUISwitch/0 StudyMode/0 CurrentMode/0 CurrentFontScale/0.941000 QQTheme/1000 AppId/537151352 Core/WKWebView Device/Apple(iPhone XR) NetType/WIFI QBWebViewType/1 WKType/1',
  'webso-cache-load-time' => '1679218355273',
  'accept-language' => 'zh-CN,zh-Hans;q=0.9',
  'accept-encoding' => 'gzip, deflate',
  'content-type' => '',
  'content-length' => '',
)
[ info ] [ PARAM ] array (
  'id' => '53',
)
[ info ] [ RUN ] app\group\controller\Index->index[ /www/wwwroot/xiezhen1.720vrcloud.net/application/group/controller/Index.php ]
[ info ] [ DB ] INIT mysql
[ info ] [ LOG ] INIT File
[ sql ] [ DB ] CONNECT:[ UseTime:0.002281s ] mysql:host=127.0.0.1;port=3306;dbname=xiezhen1_720vrcl;charset=utf8
[ sql ] [ SQL ] SHOW COLUMNS FROM `web_wxgroup` [ RunTime:0.005034s ]
[ sql ] [ SQL ] SELECT * FROM `web_wxgroup` WHERE  (  wxg_id = 53 ) LIMIT 1 [ RunTime:0.001030s ]
---------------------------------------------------------------
[ 2023-03-19T17:32:12+08:00 ] 223.104.242.115 GET aaa.720vrcloud.net/group.php/index/turl/id/53.html
[运行时间：0.028828s] [吞吐率：34.69req/s] [内存消耗：556.22kb] [文件加载：40]
[ info ] [ LANG ] /www/wwwroot/xiezhen1.720vrcloud.net/thinkphp/lang/zh-cn.php
[ info ] [ ROUTE ] array (
  'type' => 'module',
  'module' => 
  array (
    0 => 'group',
    1 => 'index',
    2 => 'turl',
  ),
)
[ info ] [ HEADER ] array (
  'host' => 'aaa.720vrcloud.net',
  'accept' => '*/*',
  'connection' => 'keep-alive',
  'cookie' => 'qq_locale_id=2052',
  'user-agent' => 'Mozilla/5.0 (iPhone; CPU iPhone OS 16_3_1 like Mac OS X) AppleWebKit/605.1.15 (KHTML, like Gecko) Mobile/15E148 QQ/8.9.33.614 V1_IPH_SQ_8.9.33_1_APP_A Pixel/828 SimpleUISwitch/0 StudyMode/0 CurrentMode/0 CurrentFontScale/0.941000 QQTheme/1000 AppId/537151352 Core/WKWebView Device/Apple(iPhone XR) NetType/WIFI QBWebViewType/1 WKType/1',
  'accept-language' => 'zh-CN,zh-Hans;q=0.9',
  'referer' => 'http://aaa.720vrcloud.net/group.php/index/index/id/53.html',
  'accept-encoding' => 'gzip, deflate',
  'content-type' => '',
  'content-length' => '',
)
[ info ] [ PARAM ] array (
  'id' => '53',
)
[ info ] [ RUN ] app\group\controller\Index->turl[ /www/wwwroot/xiezhen1.720vrcloud.net/application/group/controller/Index.php ]
[ info ] [ DB ] INIT mysql
[ info ] [ LOG ] INIT File
[ sql ] [ DB ] CONNECT:[ UseTime:0.000612s ] mysql:host=127.0.0.1;port=3306;dbname=xiezhen1_720vrcl;charset=utf8
[ sql ] [ SQL ] SHOW COLUMNS FROM `web_wxgroup` [ RunTime:0.003922s ]
[ sql ] [ SQL ] SELECT * FROM `web_wxgroup` WHERE  (  wxg_id = 53 ) LIMIT 1 [ RunTime:0.000473s ]
[ sql ] [ SQL ] SHOW COLUMNS FROM `web_distribution` [ RunTime:0.002975s ]
[ sql ] [ SQL ] SELECT * FROM `web_distribution` WHERE  (  du_id = 14 ) LIMIT 1 [ RunTime:0.000465s ]
[ sql ] [ SQL ] SHOW COLUMNS FROM `web_substation` [ RunTime:0.003230s ]
[ sql ] [ SQL ] SELECT * FROM `web_substation` WHERE  (  su_id = 11 ) LIMIT 1 [ RunTime:0.000386s ]
[ sql ] [ SQL ] SHOW COLUMNS FROM `web_substation_paylist` [ RunTime:0.003087s ]
[ sql ] [ SQL ] SELECT * FROM `web_substation_paylist` WHERE  (  su_id = 11 and su_pl_status = 1 ) LIMIT 1 [ RunTime:0.000369s ]
---------------------------------------------------------------
[ 2023-03-19T17:32:13+08:00 ] 223.104.242.115 GET aaa.720vrcloud.net/group.php/index/share/id/53/t/138d4b5683c080344ff22003dc292301/time/1679218332.html
[运行时间：0.024623s] [吞吐率：40.61req/s] [内存消耗：582.05kb] [文件加载：46]
[ info ] [ LANG ] /www/wwwroot/xiezhen1.720vrcloud.net/thinkphp/lang/zh-cn.php
[ info ] [ ROUTE ] array (
  'type' => 'module',
  'module' => 
  array (
    0 => 'group',
    1 => 'index',
    2 => 'share',
  ),
)
[ info ] [ HEADER ] array (
  'host' => 'aaa.720vrcloud.net',
  'cookie' => 'qq_locale_id=2052',
  'connection' => 'keep-alive',
  'upgrade-insecure-requests' => '1',
  'accept' => 'text/html,application/xhtml+xml,application/xml;q=0.9,*/*;q=0.8',
  'user-agent' => 'Mozilla/5.0 (iPhone; CPU iPhone OS 16_3_1 like Mac OS X) AppleWebKit/605.1.15 (KHTML, like Gecko) Mobile/15E148 QQ/8.9.33.614 V1_IPH_SQ_8.9.33_1_APP_A Pixel/828 SimpleUISwitch/0 StudyMode/0 CurrentMode/0 CurrentFontScale/0.941000 QQTheme/1000 AppId/537151352 Core/WKWebView Device/Apple(iPhone XR) NetType/WIFI QBWebViewType/1 WKType/1',
  'referer' => 'http://aaa.720vrcloud.net/group.php/index/index/id/53.html',
  'accept-language' => 'zh-CN,zh-Hans;q=0.9',
  'accept-encoding' => 'gzip, deflate',
  'content-type' => '',
  'content-length' => '',
)
[ info ] [ PARAM ] array (
  'id' => '53',
  't' => '138d4b5683c080344ff22003dc292301',
  'time' => '1679218332',
)
[ info ] [ RUN ] app\group\controller\Index->share[ /www/wwwroot/xiezhen1.720vrcloud.net/application/group/controller/Index.php ]
[ info ] [ DB ] INIT mysql
[ info ] [ SESSION ] INIT array (
  'id' => '',
  'var_session_id' => '',
  'prefix' => 'think',
  'type' => '',
  'auto_start' => true,
)
[ info ] [ VIEW ] template/group/index/share.html [ array (
  0 => 'qccontent',
  1 => 'qcontent',
  2 => 'content',
  3 => 'info',
  4 => 'id',
) ]
[ info ] [ LOG ] INIT File
[ sql ] [ DB ] CONNECT:[ UseTime:0.001613s ] mysql:host=127.0.0.1;port=3306;dbname=xiezhen1_720vrcl;charset=utf8
[ sql ] [ SQL ] SHOW COLUMNS FROM `web_wxgroup` [ RunTime:0.004143s ]
[ sql ] [ SQL ] SELECT * FROM `web_wxgroup` WHERE  (  wxg_id = 53 ) LIMIT 1 [ RunTime:0.000474s ]
[ sql ] [ SQL ] UPDATE `web_wxgroup`  SET `wxg_readcount`=867  WHERE  (  wxg_id = 53 ) [ RunTime:0.000898s ]
---------------------------------------------------------------
[ 2023-03-19T17:33:12+08:00 ] 180.163.28.55 GET aaa.720vrcloud.net/group.php/index/index/id/53.html
[运行时间：0.023766s] [吞吐率：42.08req/s] [内存消耗：497.52kb] [文件加载：42]
[ info ] [ LANG ] /www/wwwroot/xiezhen1.720vrcloud.net/thinkphp/lang/zh-cn.php
[ info ] [ ROUTE ] array (
  'type' => 'module',
  'module' => 
  array (
    0 => 'group',
    1 => 'index',
    2 => 'index',
  ),
)
[ info ] [ HEADER ] array (
  'user-agent' => 'Mozilla/5.0 (Windows NT 6.1; WOW64) AppleWebKit/537.36 (KHTML, like Gecko) Chrome/53.0.2785.104 Safari/537.36 Core/1.53.2141.400 QQBrowser/9.5.10219.400',
  'accept' => '*/*',
  'accept-language' => 'zh-CN,zh;q=0.8,en-US;q=0.6,en;q=0.4',
  'host' => 'aaa.720vrcloud.net',
  'connection' => 'keep-alive',
  'content-type' => '',
  'content-length' => '',
)
[ info ] [ PARAM ] array (
  'id' => '53',
)
[ info ] [ RUN ] app\group\controller\Index->index[ /www/wwwroot/xiezhen1.720vrcloud.net/application/group/controller/Index.php ]
[ info ] [ DB ] INIT mysql
[ info ] [ LOG ] INIT File
[ sql ] [ DB ] CONNECT:[ UseTime:0.001392s ] mysql:host=127.0.0.1;port=3306;dbname=xiezhen1_720vrcl;charset=utf8
[ sql ] [ SQL ] SHOW COLUMNS FROM `web_wxgroup` [ RunTime:0.005460s ]
[ sql ] [ SQL ] SELECT * FROM `web_wxgroup` WHERE  (  wxg_id = 53 ) LIMIT 1 [ RunTime:0.001032s ]
---------------------------------------------------------------
[ 2023-03-19T17:33:12+08:00 ] 180.163.28.114 GET aaa.720vrcloud.net/group.php/index/share/id/53/t/138d4b5683c080344ff22003dc292301/time/1679218332.html
[运行时间：0.023554s] [吞吐率：42.46req/s] [内存消耗：580.06kb] [文件加载：46]
[ info ] [ LANG ] /www/wwwroot/xiezhen1.720vrcloud.net/thinkphp/lang/zh-cn.php
[ info ] [ ROUTE ] array (
  'type' => 'module',
  'module' => 
  array (
    0 => 'group',
    1 => 'index',
    2 => 'share',
  ),
)
[ info ] [ HEADER ] array (
  'user-agent' => 'Mozilla/5.0 (Windows NT 6.1; WOW64) AppleWebKit/537.36 (KHTML, like Gecko) Chrome/45.0.2454.101 Safari/537.36',
  'accept' => '*/*',
  'accept-language' => 'zh-CN,zh;q=0.8,en-US;q=0.6,en;q=0.4',
  'host' => 'aaa.720vrcloud.net',
  'connection' => 'keep-alive',
  'content-type' => '',
  'content-length' => '',
)
[ info ] [ PARAM ] array (
  'id' => '53',
  't' => '138d4b5683c080344ff22003dc292301',
  'time' => '1679218332',
)
[ info ] [ RUN ] app\group\controller\Index->share[ /www/wwwroot/xiezhen1.720vrcloud.net/application/group/controller/Index.php ]
[ info ] [ DB ] INIT mysql
[ info ] [ SESSION ] INIT array (
  'id' => '',
  'var_session_id' => '',
  'prefix' => 'think',
  'type' => '',
  'auto_start' => true,
)
[ info ] [ VIEW ] template/group/index/share.html [ array (
  0 => 'qccontent',
  1 => 'qcontent',
  2 => 'content',
  3 => 'info',
  4 => 'id',
) ]
[ info ] [ LOG ] INIT File
[ sql ] [ DB ] CONNECT:[ UseTime:0.000644s ] mysql:host=127.0.0.1;port=3306;dbname=xiezhen1_720vrcl;charset=utf8
[ sql ] [ SQL ] SHOW COLUMNS FROM `web_wxgroup` [ RunTime:0.003918s ]
[ sql ] [ SQL ] SELECT * FROM `web_wxgroup` WHERE  (  wxg_id = 53 ) LIMIT 1 [ RunTime:0.000439s ]
[ sql ] [ SQL ] UPDATE `web_wxgroup`  SET `wxg_readcount`=868  WHERE  (  wxg_id = 53 ) [ RunTime:0.000769s ]
---------------------------------------------------------------
[ 2023-03-19T20:01:09+08:00 ] 112.123.17.253 GET xiezhen1.720vrcloud.net/favicon.ico
[运行时间：0.011807s] [吞吐率：84.70req/s] [内存消耗：233.63kb] [文件加载：28]
[ info ] [ LANG ] /www/wwwroot/xiezhen1.720vrcloud.net/thinkphp/lang/zh-cn.php
[ info ] [ ROUTE ] array (
  'type' => 'module',
  'module' => 
  array (
    0 => 'favicon.ico',
    1 => NULL,
    2 => NULL,
  ),
)
[ info ] [ HEADER ] array (
  'host' => 'xiezhen1.720vrcloud.net',
  'user-agent' => 'Mozilla/5.0 (Linux; Android 7.1.1; OPPO A73 Build/N6F26Q; wv) AppleWebKit/537.36 (KHTML, like Gecko) Version/4.0 Chrome/98.0.4758.102 MQQBrowser/6.2 TBS/046403 Mobile Safari/537.36 V1_AND_SQ_8.9.33_3772_YYB_D PA QQ/8.9.33.10335 NetType/WIFI WebP/0.3.0 AppId/537151687 Pixel/1080 StatusBarHeight/55 SimpleUISwitch/0 QQTheme/1000 StudyMode/0 CurrentMode/0 CurrentFontScale/1.0 GlobalDensityScale/0.90000004 AllowLandscape/false InMagicWin/0',
  'accept' => 'image/wxpic,image/sharpp,image/apng,image/tpg,image/avif,image/webp,image/apng,image/svg+xml,image/*,*/*;q=0.8',
  'sec-fetch-site' => 'same-origin',
  'sec-fetch-mode' => 'no-cors',
  'sec-fetch-dest' => 'image',
  'referer' => 'https://xiezhen1.720vrcloud.net/app/index.php?i=9&c=entry&do=index&agentid=20&m=y2_jiukuaijiu',
  'accept-encoding' => 'gzip, deflate, br',
  'accept-language' => 'zh-CN,zh;q=0.9,en-US;q=0.8,en;q=0.7',
  'content-type' => '',
  'content-length' => '',
)
[ info ] [ PARAM ] array (
)
[ info ] [ LOG ] INIT File
---------------------------------------------------------------
[ 2023-03-19T20:02:11+08:00 ] 112.123.17.253 GET xiezhen1.720vrcloud.net/favicon.ico
[运行时间：0.011639s] [吞吐率：85.92req/s] [内存消耗：233.63kb] [文件加载：28]
[ info ] [ LANG ] /www/wwwroot/xiezhen1.720vrcloud.net/thinkphp/lang/zh-cn.php
[ info ] [ ROUTE ] array (
  'type' => 'module',
  'module' => 
  array (
    0 => 'favicon.ico',
    1 => NULL,
    2 => NULL,
  ),
)
[ info ] [ HEADER ] array (
  'host' => 'xiezhen1.720vrcloud.net',
  'user-agent' => 'Mozilla/5.0 (Linux; Android 7.1.1; OPPO A73 Build/N6F26Q; wv) AppleWebKit/537.36 (KHTML, like Gecko) Version/4.0 Chrome/98.0.4758.102 MQQBrowser/6.2 TBS/046403 Mobile Safari/537.36 V1_AND_SQ_8.9.33_3772_YYB_D PA QQ/8.9.33.10335 NetType/WIFI WebP/0.3.0 AppId/537151687 Pixel/1080 StatusBarHeight/55 SimpleUISwitch/0 QQTheme/1000 StudyMode/0 CurrentMode/0 CurrentFontScale/1.0 GlobalDensityScale/0.90000004 AllowLandscape/false InMagicWin/0',
  'accept' => 'image/wxpic,image/sharpp,image/apng,image/tpg,image/avif,image/webp,image/apng,image/svg+xml,image/*,*/*;q=0.8',
  'sec-fetch-site' => 'same-origin',
  'sec-fetch-mode' => 'no-cors',
  'sec-fetch-dest' => 'image',
  'referer' => 'https://xiezhen1.720vrcloud.net/app/index.php?i=9&c=entry&do=index&agentid=20&m=y2_jiukuaijiu',
  'accept-encoding' => 'gzip, deflate, br',
  'accept-language' => 'zh-CN,zh;q=0.9,en-US;q=0.8,en;q=0.7',
  'content-type' => '',
  'content-length' => '',
)
[ info ] [ PARAM ] array (
)
[ info ] [ LOG ] INIT File
---------------------------------------------------------------
[ 2023-03-19T23:39:42+08:00 ] 42.194.241.91 GET aaa.720vrcloud.net/group.php/index/share/id/53/t/138d4b5683c080344ff22003dc292301/time/1679218332.html
[运行时间：0.029056s] [吞吐率：34.42req/s] [内存消耗：580.02kb] [文件加载：46]
[ info ] [ LANG ] /www/wwwroot/xiezhen1.720vrcloud.net/thinkphp/lang/zh-cn.php
[ info ] [ ROUTE ] array (
  'type' => 'module',
  'module' => 
  array (
    0 => 'group',
    1 => 'index',
    2 => 'share',
  ),
)
[ info ] [ HEADER ] array (
  'host' => 'aaa.720vrcloud.net',
  'accept' => '*/*',
  'accept-encoding' => 'gzip, deflate',
  'connection' => 'keep-alive',
  'user-agent' => 'python-httpx/0.23.0',
  'content-type' => '',
  'content-length' => '',
)
[ info ] [ PARAM ] array (
  'id' => '53',
  't' => '138d4b5683c080344ff22003dc292301',
  'time' => '1679218332',
)
[ info ] [ RUN ] app\group\controller\Index->share[ /www/wwwroot/xiezhen1.720vrcloud.net/application/group/controller/Index.php ]
[ info ] [ DB ] INIT mysql
[ info ] [ SESSION ] INIT array (
  'id' => '',
  'var_session_id' => '',
  'prefix' => 'think',
  'type' => '',
  'auto_start' => true,
)
[ info ] [ VIEW ] template/group/index/share.html [ array (
  0 => 'qccontent',
  1 => 'qcontent',
  2 => 'content',
  3 => 'info',
  4 => 'id',
) ]
[ info ] [ LOG ] INIT File
[ sql ] [ DB ] CONNECT:[ UseTime:0.001482s ] mysql:host=127.0.0.1;port=3306;dbname=xiezhen1_720vrcl;charset=utf8
[ sql ] [ SQL ] SHOW COLUMNS FROM `web_wxgroup` [ RunTime:0.004814s ]
[ sql ] [ SQL ] SELECT * FROM `web_wxgroup` WHERE  (  wxg_id = 53 ) LIMIT 1 [ RunTime:0.000990s ]
[ sql ] [ SQL ] UPDATE `web_wxgroup`  SET `wxg_readcount`=869  WHERE  (  wxg_id = 53 ) [ RunTime:0.000927s ]
