---------------------------------------------------------------
[ 2023-03-21T08:55:29+08:00 ] 106.52.192.95 HEAD xiezhen2.720vrcloud.net/
[运行时间：0.013518s] [吞吐率：73.97req/s] [内存消耗：312.63kb] [文件加载：32]
[ info ] [ LANG ] /www/wwwroot/xiezhen1.720vrcloud.net/thinkphp/lang/zh-cn.php
[ info ] [ ROUTE ] array (
  'type' => 'module',
  'module' => 
  array (
    0 => '',
    1 => NULL,
    2 => NULL,
  ),
)
[ info ] [ HEADER ] array (
  'host' => 'xiezhen2.720vrcloud.net',
  'user-agent' => 'Mozilla/5.0 (Windows NT 10.0; Win64; x64) AppleWebKit/537.36 (KHTML, like Gecko) Chrome/80.0.3987.149 Safari/537.36',
  'accept-encoding' => 'gzip, deflate',
  'accept' => '*/*',
  'connection' => 'close',
  'accept-language' => 'zh-CN,zh;q=0.9',
  'cache-control' => 'max-age=0',
  'content-type' => '',
  'content-length' => '',
)
[ info ] [ PARAM ] array (
)
[ info ] [ LOG ] INIT File
---------------------------------------------------------------
[ 2023-03-21T08:55:30+08:00 ] 106.52.192.95 GET xiezhen2.720vrcloud.net/
[运行时间：0.016644s] [吞吐率：60.08req/s] [内存消耗：313.37kb] [文件加载：32]
[ info ] [ LANG ] /www/wwwroot/xiezhen1.720vrcloud.net/thinkphp/lang/zh-cn.php
[ info ] [ ROUTE ] array (
  'type' => 'module',
  'module' => 
  array (
    0 => '',
    1 => NULL,
    2 => NULL,
  ),
)
[ info ] [ HEADER ] array (
  'host' => 'xiezhen2.720vrcloud.net',
  'connection' => 'keep-alive',
  'upgrade-insecure-requests' => '1',
  'user-agent' => 'Mozilla/5.0 (Linux; Android 5.1.1; MI 9 Build/LMY48Z; wv) AppleWebKit/537.36 (KHTML, like Gecko) Version/4.0 Chrome/52.0.2743.100 Mobile Safari/537.36',
  'x-requested-with' => 'com.android.browser',
  'accept' => 'text/html,application/xhtml+xml,application/xml;q=0.9,image/webp,image/apng,*/*;q=0.8,application/signed-exchange;v=b3;q=0.9',
  'accept-encoding' => 'gzip, deflate',
  'accept-language' => 'en-US',
  'content-type' => '',
  'content-length' => '',
)
[ info ] [ PARAM ] array (
)
[ info ] [ LOG ] INIT File
---------------------------------------------------------------
[ 2023-03-21T09:41:44+08:00 ] 223.75.236.241 HEAD aaa.720vrcloud.net/
[运行时间：0.014089s] [吞吐率：70.98req/s] [内存消耗：311.42kb] [文件加载：32]
[ info ] [ LANG ] /www/wwwroot/xiezhen1.720vrcloud.net/thinkphp/lang/zh-cn.php
[ info ] [ ROUTE ] array (
  'type' => 'module',
  'module' => 
  array (
    0 => '',
    1 => NULL,
    2 => NULL,
  ),
)
[ info ] [ HEADER ] array (
  'user-agent' => 'curl/7.29.0',
  'accept' => '*/*',
  'host' => 'aaa.720vrcloud.net',
  'content-type' => '',
  'content-length' => '',
)
[ info ] [ PARAM ] array (
)
[ info ] [ LOG ] INIT File
---------------------------------------------------------------
[ 2023-03-21T12:23:38+08:00 ] 49.88.1.123 GET xiezhen1.720vrcloud.net/
[运行时间：0.019931s] [吞吐率：50.17req/s] [内存消耗：363.09kb] [文件加载：39]
[ info ] [ LANG ] /www/wwwroot/xiezhen1.720vrcloud.net/thinkphp/lang/zh-cn.php
[ info ] [ ROUTE ] array (
  'type' => 'module',
  'module' => 
  array (
    0 => '',
    1 => NULL,
    2 => NULL,
  ),
)
[ info ] [ HEADER ] array (
  'host' => 'xiezhen1.720vrcloud.net',
  'upgrade-insecure-requests' => '1',
  'user-agent' => 'Mozilla/5.0 (Windows NT 10.0; WOW64) AppleWebKit/537.36 (KHTML, like Gecko) Chrome/80.0.3987.87 Safari/537.36 SE 2.X MetaSr 1.0',
  'sec-fetch-dest' => 'document',
  'accept' => 'text/html,application/xhtml+xml,application/xml;q=0.9,image/webp,image/apng,*/*;q=0.8,application/signed-exchange;v=b3;q=0.9',
  'sec-fetch-site' => 'none',
  'sec-fetch-mode' => 'navigate',
  'sec-fetch-user' => '?1',
  'accept-encoding' => 'gzip, deflate, br',
  'accept-language' => 'zh-CN,zh;q=0.9',
  'content-type' => '',
  'content-length' => '',
)
[ info ] [ PARAM ] array (
)
[ info ] [ RUN ] app\website\controller\Index->Index[ /www/wwwroot/xiezhen1.720vrcloud.net/application/website/controller/Index.php ]
[ info ] [ VIEW ] template/website/index/index.html [ array (
  0 => 'subweb',
) ]
[ info ] [ LOG ] INIT File
---------------------------------------------------------------
[ 2023-03-21T13:50:16+08:00 ] 49.88.1.123 GET xiezhen1.720vrcloud.net/
[运行时间：0.020975s] [吞吐率：47.68req/s] [内存消耗：363.09kb] [文件加载：39]
[ info ] [ LANG ] /www/wwwroot/xiezhen1.720vrcloud.net/thinkphp/lang/zh-cn.php
[ info ] [ ROUTE ] array (
  'type' => 'module',
  'module' => 
  array (
    0 => '',
    1 => NULL,
    2 => NULL,
  ),
)
[ info ] [ HEADER ] array (
  'host' => 'xiezhen1.720vrcloud.net',
  'upgrade-insecure-requests' => '1',
  'user-agent' => 'Mozilla/5.0 (Windows NT 10.0; WOW64) AppleWebKit/537.36 (KHTML, like Gecko) Chrome/80.0.3987.87 Safari/537.36 SE 2.X MetaSr 1.0',
  'sec-fetch-dest' => 'document',
  'accept' => 'text/html,application/xhtml+xml,application/xml;q=0.9,image/webp,image/apng,*/*;q=0.8,application/signed-exchange;v=b3;q=0.9',
  'sec-fetch-site' => 'none',
  'sec-fetch-mode' => 'navigate',
  'sec-fetch-user' => '?1',
  'accept-encoding' => 'gzip, deflate, br',
  'accept-language' => 'zh-CN,zh;q=0.9',
  'content-type' => '',
  'content-length' => '',
)
[ info ] [ PARAM ] array (
)
[ info ] [ RUN ] app\website\controller\Index->Index[ /www/wwwroot/xiezhen1.720vrcloud.net/application/website/controller/Index.php ]
[ info ] [ VIEW ] template/website/index/index.html [ array (
  0 => 'subweb',
) ]
[ info ] [ LOG ] INIT File
---------------------------------------------------------------
[ 2023-03-21T14:48:19+08:00 ] 183.60.88.11 GET aaa.720vrcloud.net/group.php/index/share/id/50/t/c293b4e08b191cbc0c82fa3ba03f845b/time/1678283250.html
[运行时间：0.034677s] [吞吐率：28.84req/s] [内存消耗：581.55kb] [文件加载：46]
[ info ] [ LANG ] /www/wwwroot/xiezhen1.720vrcloud.net/thinkphp/lang/zh-cn.php
[ info ] [ ROUTE ] array (
  'type' => 'module',
  'module' => 
  array (
    0 => 'group',
    1 => 'index',
    2 => 'share',
  ),
)
[ info ] [ HEADER ] array (
  'host' => 'aaa.720vrcloud.net',
  'connection' => 'keep-alive',
  'upgrade-insecure-requests' => '1',
  'user-agent' => 'Mozilla/5.0 (iPhone; CPU iPhone OS 9_1 like Mac OS X) AppleWebKit/601.1.46 (KHTML, like Gecko) Version/9.0 Mobile/13B143 Safari/601.1 MicroMessenger/6.3.9 Language/zh_CN webview/0',
  'accept' => 'text/html,application/xhtml+xml,application/xml;q=0.9,image/webp,*/*;q=0.8',
  'accept-encoding' => 'gzip, deflate, sdch',
  'accept-language' => 'zh-CN,zh;q=0.8',
  'content-type' => '',
  'content-length' => '',
)
[ info ] [ PARAM ] array (
  'id' => '50',
  't' => 'c293b4e08b191cbc0c82fa3ba03f845b',
  'time' => '1678283250',
)
[ info ] [ RUN ] app\group\controller\Index->share[ /www/wwwroot/xiezhen1.720vrcloud.net/application/group/controller/Index.php ]
[ info ] [ DB ] INIT mysql
[ info ] [ SESSION ] INIT array (
  'id' => '',
  'var_session_id' => '',
  'prefix' => 'think',
  'type' => '',
  'auto_start' => true,
)
[ info ] [ VIEW ] template/group/index/share.html [ array (
  0 => 'qccontent',
  1 => 'qcontent',
  2 => 'content',
  3 => 'info',
  4 => 'id',
) ]
[ info ] [ LOG ] INIT File
[ sql ] [ DB ] CONNECT:[ UseTime:0.001159s ] mysql:host=127.0.0.1;port=3306;dbname=xiezhen1_720vrcl;charset=utf8
[ sql ] [ SQL ] SHOW COLUMNS FROM `web_wxgroup` [ RunTime:0.006558s ]
[ sql ] [ SQL ] SELECT * FROM `web_wxgroup` WHERE  (  wxg_id = 50 ) LIMIT 1 [ RunTime:0.001112s ]
[ sql ] [ SQL ] UPDATE `web_wxgroup`  SET `wxg_readcount`=1783  WHERE  (  wxg_id = 50 ) [ RunTime:0.000967s ]
---------------------------------------------------------------
[ 2023-03-21T14:48:21+08:00 ] 183.60.88.11 GET aaa.720vrcloud.net/favicon.ico
[运行时间：0.013830s] [吞吐率：72.31req/s] [内存消耗：232.19kb] [文件加载：28]
[ info ] [ LANG ] /www/wwwroot/xiezhen1.720vrcloud.net/thinkphp/lang/zh-cn.php
[ info ] [ ROUTE ] array (
  'type' => 'module',
  'module' => 
  array (
    0 => 'favicon.ico',
    1 => NULL,
    2 => NULL,
  ),
)
[ info ] [ HEADER ] array (
  'host' => 'aaa.720vrcloud.net',
  'connection' => 'keep-alive',
  'user-agent' => 'Mozilla/5.0 (iPhone; CPU iPhone OS 9_1 like Mac OS X) AppleWebKit/601.1.46 (KHTML, like Gecko) Version/9.0 Mobile/13B143 Safari/601.1 MicroMessenger/6.3.9 Language/zh_CN webview/0',
  'accept' => '*/*',
  'referer' => 'http://aaa.720vrcloud.net/group.php/index/share/id/50/t/c293b4e08b191cbc0c82fa3ba03f845b/time/1678283250.html',
  'accept-encoding' => 'gzip, deflate, sdch',
  'accept-language' => 'zh-CN,zh;q=0.8',
  'cookie' => 'PHPSESSID=8vqld05cn3bdc3omctpa9cfvd1',
  'content-type' => '',
  'content-length' => '',
)
[ info ] [ PARAM ] array (
)
[ info ] [ LOG ] INIT File
---------------------------------------------------------------
[ 2023-03-21T23:08:49+08:00 ] 103.179.242.60 GET aaa.720vrcloud.net/
[运行时间：0.015449s] [吞吐率：64.73req/s] [内存消耗：312.09kb] [文件加载：32]
[ info ] [ LANG ] /www/wwwroot/xiezhen1.720vrcloud.net/thinkphp/lang/zh-cn.php
[ info ] [ ROUTE ] array (
  'type' => 'module',
  'module' => 
  array (
    0 => '',
    1 => NULL,
    2 => NULL,
  ),
)
[ info ] [ HEADER ] array (
  'host' => 'aaa.720vrcloud.net',
  'user-agent' => 'Mozilla/5.0 (iPhone; CPU iPhone OS 12_1_4 like Mac OS X) AppleWebKit/605.1.15 (KHTML, like Gecko) Mobile/16D57 MicroMessenger/7.0.3(0x17000321) NetType/WIFI Language/zh_CN',
  'accept' => '*/*',
  'accept-encoding' => 'gzip',
  'content-type' => '',
  'content-length' => '',
)
[ info ] [ PARAM ] array (
)
[ info ] [ LOG ] INIT File
