---------------------------------------------------------------
[ 2023-03-23T00:10:32+08:00 ] 45.32.51.164 GET xiezhen1.720vrcloud.net/
[运行时间：0.020837s] [吞吐率：47.99req/s] [内存消耗：361.05kb] [文件加载：39]
[ info ] [ LANG ] /www/wwwroot/xiezhen1.720vrcloud.net/thinkphp/lang/zh-cn.php
[ info ] [ ROUTE ] array (
  'type' => 'module',
  'module' => 
  array (
    0 => '',
    1 => NULL,
    2 => NULL,
  ),
)
[ info ] [ HEADER ] array (
  'host' => 'xiezhen1.720vrcloud.net',
  'user-agent' => 'BAOTA-SSL-CHECK',
  'accept' => '*/*',
  'accept-encoding' => 'gzip',
  'content-type' => '',
  'content-length' => '',
)
[ info ] [ PARAM ] array (
)
[ info ] [ RUN ] app\website\controller\Index->Index[ /www/wwwroot/xiezhen1.720vrcloud.net/application/website/controller/Index.php ]
[ info ] [ VIEW ] template/website/index/index.html [ array (
  0 => 'subweb',
) ]
[ info ] [ LOG ] INIT File
---------------------------------------------------------------
[ 2023-03-23T00:10:42+08:00 ] 45.32.51.164 GET xiezhen2.720vrcloud.net/
[运行时间：0.011824s] [吞吐率：84.57req/s] [内存消耗：311.65kb] [文件加载：32]
[ info ] [ LANG ] /www/wwwroot/xiezhen1.720vrcloud.net/thinkphp/lang/zh-cn.php
[ info ] [ ROUTE ] array (
  'type' => 'module',
  'module' => 
  array (
    0 => '',
    1 => NULL,
    2 => NULL,
  ),
)
[ info ] [ HEADER ] array (
  'host' => 'xiezhen2.720vrcloud.net',
  'user-agent' => 'BAOTA-SSL-CHECK',
  'accept' => '*/*',
  'accept-encoding' => 'gzip',
  'content-type' => '',
  'content-length' => '',
)
[ info ] [ PARAM ] array (
)
[ info ] [ LOG ] INIT File
---------------------------------------------------------------
[ 2023-03-23T00:29:11+08:00 ] 223.89.146.216 GET xiezhen1.720vrcloud.net/favicon.ico
[运行时间：0.014011s] [吞吐率：71.37req/s] [内存消耗：233.61kb] [文件加载：28]
[ info ] [ LANG ] /www/wwwroot/xiezhen1.720vrcloud.net/thinkphp/lang/zh-cn.php
[ info ] [ ROUTE ] array (
  'type' => 'module',
  'module' => 
  array (
    0 => 'favicon.ico',
    1 => NULL,
    2 => NULL,
  ),
)
[ info ] [ HEADER ] array (
  'host' => 'xiezhen1.720vrcloud.net',
  'user-agent' => 'Mozilla/5.0 (Linux; Android 11; V2068A Build/RP1A.200720.012; wv) AppleWebKit/537.36 (KHTML, like Gecko) Version/4.0 Chrome/98.0.4758.102 MQQBrowser/6.2 TBS/046403 Mobile Safari/537.36 V1_AND_SQ_8.9.33_3772_YYB_D PA QQ/8.9.33.10335 NetType/WIFI WebP/0.3.0 AppId/537151684 Pixel/720 StatusBarHeight/59 SimpleUISwitch/1 QQTheme/2971 StudyMode/0 CurrentMode/1 CurrentFontScale/1.0 GlobalDensityScale/0.9 AllowLandscape/false InMagicWin/0',
  'accept' => 'image/wxpic,image/sharpp,image/apng,image/tpg,image/avif,image/webp,image/apng,image/svg+xml,image/*,*/*;q=0.8',
  'sec-fetch-site' => 'same-origin',
  'sec-fetch-mode' => 'no-cors',
  'sec-fetch-dest' => 'image',
  'referer' => 'https://xiezhen1.720vrcloud.net/app/index.php?i=9&c=entry&do=index&agentid=20&m=y2_jiukuaijiu',
  'accept-encoding' => 'gzip, deflate, br',
  'accept-language' => 'zh-CN,zh;q=0.9,en-US;q=0.8,en;q=0.7',
  'content-type' => '',
  'content-length' => '',
)
[ info ] [ PARAM ] array (
)
[ info ] [ LOG ] INIT File
---------------------------------------------------------------
[ 2023-03-23T00:58:28+08:00 ] 171.43.246.147 HEAD xiezhen2.720vrcloud.net/
[运行时间：0.014326s] [吞吐率：69.80req/s] [内存消耗：311.45kb] [文件加载：32]
[ info ] [ LANG ] /www/wwwroot/xiezhen1.720vrcloud.net/thinkphp/lang/zh-cn.php
[ info ] [ ROUTE ] array (
  'type' => 'module',
  'module' => 
  array (
    0 => '',
    1 => NULL,
    2 => NULL,
  ),
)
[ info ] [ HEADER ] array (
  'user-agent' => 'curl/7.29.0',
  'host' => 'xiezhen2.720vrcloud.net',
  'accept' => '*/*',
  'content-type' => '',
  'content-length' => '',
)
[ info ] [ PARAM ] array (
)
[ info ] [ LOG ] INIT File
---------------------------------------------------------------
[ 2023-03-23T02:42:39+08:00 ] 27.19.195.206 HEAD xiezhen2.720vrcloud.net/
[运行时间：0.014584s] [吞吐率：68.57req/s] [内存消耗：311.45kb] [文件加载：32]
[ info ] [ LANG ] /www/wwwroot/xiezhen1.720vrcloud.net/thinkphp/lang/zh-cn.php
[ info ] [ ROUTE ] array (
  'type' => 'module',
  'module' => 
  array (
    0 => '',
    1 => NULL,
    2 => NULL,
  ),
)
[ info ] [ HEADER ] array (
  'user-agent' => 'curl/7.29.0',
  'host' => 'xiezhen2.720vrcloud.net',
  'accept' => '*/*',
  'content-type' => '',
  'content-length' => '',
)
[ info ] [ PARAM ] array (
)
[ info ] [ LOG ] INIT File
---------------------------------------------------------------
[ 2023-03-23T03:06:25+08:00 ] 171.43.246.147 HEAD xiezhen2.720vrcloud.net/
[运行时间：0.013405s] [吞吐率：74.60req/s] [内存消耗：311.45kb] [文件加载：32]
[ info ] [ LANG ] /www/wwwroot/xiezhen1.720vrcloud.net/thinkphp/lang/zh-cn.php
[ info ] [ ROUTE ] array (
  'type' => 'module',
  'module' => 
  array (
    0 => '',
    1 => NULL,
    2 => NULL,
  ),
)
[ info ] [ HEADER ] array (
  'user-agent' => 'curl/7.29.0',
  'host' => 'xiezhen2.720vrcloud.net',
  'accept' => '*/*',
  'content-type' => '',
  'content-length' => '',
)
[ info ] [ PARAM ] array (
)
[ info ] [ LOG ] INIT File
---------------------------------------------------------------
[ 2023-03-23T03:20:45+08:00 ] 106.111.214.118 GET xiezhen1.720vrcloud.net/favicon.ico
[运行时间：0.014568s] [吞吐率：68.64req/s] [内存消耗：231.51kb] [文件加载：28]
[ info ] [ LANG ] /www/wwwroot/xiezhen1.720vrcloud.net/thinkphp/lang/zh-cn.php
[ info ] [ ROUTE ] array (
  'type' => 'module',
  'module' => 
  array (
    0 => 'favicon.ico',
    1 => NULL,
    2 => NULL,
  ),
)
[ info ] [ HEADER ] array (
  'host' => 'xiezhen1.720vrcloud.net',
  'pragma' => 'no-cache',
  'cache-control' => 'no-cache',
  'sec-fetch-site' => 'cross-site',
  'sec-fetch-mode' => 'no-cors',
  'user-agent' => 'Mozilla/5.0 (Windows NT 10.0; WOW64) AppleWebKit/537.36 (KHTML, like Gecko) Chrome/80.0.3987.87 Safari/537.36 SE 2.X MetaSr 1.0',
  'accept-encoding' => 'gzip, deflate',
  'content-type' => '',
  'content-length' => '',
)
[ info ] [ PARAM ] array (
)
[ info ] [ LOG ] INIT File
---------------------------------------------------------------
[ 2023-03-23T03:35:35+08:00 ] 27.19.195.206 GET xiezhen2.720vrcloud.net/
[运行时间：0.014989s] [吞吐率：66.71req/s] [内存消耗：312.24kb] [文件加载：32]
[ info ] [ LANG ] /www/wwwroot/xiezhen1.720vrcloud.net/thinkphp/lang/zh-cn.php
[ info ] [ ROUTE ] array (
  'type' => 'module',
  'module' => 
  array (
    0 => '',
    1 => NULL,
    2 => NULL,
  ),
)
[ info ] [ HEADER ] array (
  'accept' => 'text/html,application/xhtml+xml,application/xml;q=0.9,*/*;q=0.8',
  'connection' => 'Keep-Alive',
  'accept-encoding' => 'gzip, deflate',
  'accept-language' => 'en-US,*',
  'user-agent' => 'Mozilla/5.0',
  'host' => 'xiezhen2.720vrcloud.net',
  'content-type' => '',
  'content-length' => '',
)
[ info ] [ PARAM ] array (
)
[ info ] [ LOG ] INIT File
---------------------------------------------------------------
[ 2023-03-23T09:37:05+08:00 ] 103.179.242.60 GET xiezhen1.720vrcloud.net/
[运行时间：0.018565s] [吞吐率：53.86req/s] [内存消耗：361.52kb] [文件加载：39]
[ info ] [ LANG ] /www/wwwroot/xiezhen1.720vrcloud.net/thinkphp/lang/zh-cn.php
[ info ] [ ROUTE ] array (
  'type' => 'module',
  'module' => 
  array (
    0 => '',
    1 => NULL,
    2 => NULL,
  ),
)
[ info ] [ HEADER ] array (
  'host' => 'xiezhen1.720vrcloud.net',
  'user-agent' => 'Mozilla/5.0 (iPhone; CPU iPhone OS 12_1_4 like Mac OS X) AppleWebKit/605.1.15 (KHTML, like Gecko) Mobile/16D57 MicroMessenger/7.0.3(0x17000321) NetType/WIFI Language/zh_CN',
  'accept' => '*/*',
  'accept-encoding' => 'gzip',
  'content-type' => '',
  'content-length' => '',
)
[ info ] [ PARAM ] array (
)
[ info ] [ RUN ] app\website\controller\Index->Index[ /www/wwwroot/xiezhen1.720vrcloud.net/application/website/controller/Index.php ]
[ info ] [ VIEW ] template/website/index/index.html [ array (
  0 => 'subweb',
) ]
[ info ] [ LOG ] INIT File
---------------------------------------------------------------
[ 2023-03-23T14:04:20+08:00 ] 106.111.214.118 GET xiezhen1.720vrcloud.net/
[运行时间：0.019678s] [吞吐率：50.82req/s] [内存消耗：363.09kb] [文件加载：39]
[ info ] [ LANG ] /www/wwwroot/xiezhen1.720vrcloud.net/thinkphp/lang/zh-cn.php
[ info ] [ ROUTE ] array (
  'type' => 'module',
  'module' => 
  array (
    0 => '',
    1 => NULL,
    2 => NULL,
  ),
)
[ info ] [ HEADER ] array (
  'host' => 'xiezhen1.720vrcloud.net',
  'upgrade-insecure-requests' => '1',
  'user-agent' => 'Mozilla/5.0 (Windows NT 10.0; WOW64) AppleWebKit/537.36 (KHTML, like Gecko) Chrome/80.0.3987.87 Safari/537.36 SE 2.X MetaSr 1.0',
  'sec-fetch-dest' => 'document',
  'accept' => 'text/html,application/xhtml+xml,application/xml;q=0.9,image/webp,image/apng,*/*;q=0.8,application/signed-exchange;v=b3;q=0.9',
  'sec-fetch-site' => 'none',
  'sec-fetch-mode' => 'navigate',
  'sec-fetch-user' => '?1',
  'accept-encoding' => 'gzip, deflate, br',
  'accept-language' => 'zh-CN,zh;q=0.9',
  'content-type' => '',
  'content-length' => '',
)
[ info ] [ PARAM ] array (
)
[ info ] [ RUN ] app\website\controller\Index->Index[ /www/wwwroot/xiezhen1.720vrcloud.net/application/website/controller/Index.php ]
[ info ] [ VIEW ] template/website/index/index.html [ array (
  0 => 'subweb',
) ]
[ info ] [ LOG ] INIT File
---------------------------------------------------------------
[ 2023-03-23T16:26:41+08:00 ] 65.154.226.168 GET xiezhen1.720vrcloud.net/
[运行时间：0.019395s] [吞吐率：51.56req/s] [内存消耗：362.82kb] [文件加载：39]
[ info ] [ LANG ] /www/wwwroot/xiezhen1.720vrcloud.net/thinkphp/lang/zh-cn.php
[ info ] [ ROUTE ] array (
  'type' => 'module',
  'module' => 
  array (
    0 => '',
    1 => NULL,
    2 => NULL,
  ),
)
[ info ] [ HEADER ] array (
  'host' => 'xiezhen1.720vrcloud.net',
  'connection' => 'keep-alive',
  'pragma' => 'no-cache',
  'cache-control' => 'no-cache',
  'upgrade-insecure-requests' => '1',
  'user-agent' => 'Mozilla/5.0 (X11; Linux x86_64) AppleWebKit/537.36 (KHTML, like Gecko) HeadlessChrome/111.0.5563.64 Safari/537.36',
  'accept' => 'text/html,application/xhtml+xml,application/xml;q=0.9,image/avif,image/webp,image/apng,*/*;q=0.8,application/signed-exchange;v=b3;q=0.7',
  'accept-encoding' => 'gzip, deflate',
  'accept-language' => 'en-US',
  'content-type' => '',
  'content-length' => '',
)
[ info ] [ PARAM ] array (
)
[ info ] [ RUN ] app\website\controller\Index->Index[ /www/wwwroot/xiezhen1.720vrcloud.net/application/website/controller/Index.php ]
[ info ] [ VIEW ] template/website/index/index.html [ array (
  0 => 'subweb',
) ]
[ info ] [ LOG ] INIT File
---------------------------------------------------------------
[ 2023-03-23T23:15:55+08:00 ] 223.104.130.60 GET aaa.720vrcloud.net/group.php/index/index/id/53.html
[运行时间：0.035032s] [吞吐率：28.55req/s] [内存消耗：499.41kb] [文件加载：42]
[ info ] [ LANG ] /www/wwwroot/xiezhen1.720vrcloud.net/thinkphp/lang/zh-cn.php
[ info ] [ ROUTE ] array (
  'type' => 'module',
  'module' => 
  array (
    0 => 'group',
    1 => 'index',
    2 => 'index',
  ),
)
[ info ] [ HEADER ] array (
  'host' => 'aaa.720vrcloud.net',
  'connection' => 'keep-alive',
  'upgrade-insecure-requests' => '1',
  'user-agent' => 'Mozilla/5.0 (Linux; Android 10; MI 9 SE Build/QKQ1.190828.002; wv) AppleWebKit/537.36 (KHTML, like Gecko) Version/4.0 Chrome/98.0.4758.102 MQQBrowser/6.2 TBS/046403 Mobile Safari/537.36 V1_AND_SQ_8.9.30_3730_YYB_D PA QQ/8.9.30.10230 NetType/4G WebP/0.3.0 AppId/537150618 Pixel/1080 StatusBarHeight/82 SimpleUISwitch/0 QQTheme/1000 StudyMode/0 CurrentMode/0 CurrentFontScale/1.0 GlobalDensityScale/0.90000004 AllowLandscape/false InMagicWin/0',
  'accept' => 'text/html,application/xhtml+xml,application/xml;q=0.9,image/wxpic,image/sharpp,image/apng,image/tpg,image/avif,image/webp,image/apng,*/*;q=0.8,application/signed-exchange;v=b3;q=0.9',
  'accept-encoding' => 'gzip, deflate',
  'accept-language' => 'zh-CN,zh;q=0.9,en-US;q=0.8,en;q=0.7',
  'content-type' => '',
  'content-length' => '',
)
[ info ] [ PARAM ] array (
  'id' => '53',
)
[ info ] [ RUN ] app\group\controller\Index->index[ /www/wwwroot/xiezhen1.720vrcloud.net/application/group/controller/Index.php ]
[ info ] [ DB ] INIT mysql
[ info ] [ LOG ] INIT File
[ sql ] [ DB ] CONNECT:[ UseTime:0.002114s ] mysql:host=127.0.0.1;port=3306;dbname=xiezhen1_720vrcl;charset=utf8
[ sql ] [ SQL ] SHOW COLUMNS FROM `web_wxgroup` [ RunTime:0.008020s ]
[ sql ] [ SQL ] SELECT * FROM `web_wxgroup` WHERE  (  wxg_id = 53 ) LIMIT 1 [ RunTime:0.001289s ]
---------------------------------------------------------------
[ 2023-03-23T23:15:56+08:00 ] 223.104.130.60 GET aaa.720vrcloud.net/group.php/index/turl/id/53.html
[运行时间：0.039006s] [吞吐率：25.64req/s] [内存消耗：556.30kb] [文件加载：40]
[ info ] [ LANG ] /www/wwwroot/xiezhen1.720vrcloud.net/thinkphp/lang/zh-cn.php
[ info ] [ ROUTE ] array (
  'type' => 'module',
  'module' => 
  array (
    0 => 'group',
    1 => 'index',
    2 => 'turl',
  ),
)
[ info ] [ HEADER ] array (
  'host' => 'aaa.720vrcloud.net',
  'connection' => 'keep-alive',
  'user-agent' => 'Mozilla/5.0 (Linux; Android 10; MI 9 SE Build/QKQ1.190828.002; wv) AppleWebKit/537.36 (KHTML, like Gecko) Version/4.0 Chrome/98.0.4758.102 MQQBrowser/6.2 TBS/046403 Mobile Safari/537.36 V1_AND_SQ_8.9.30_3730_YYB_D PA QQ/8.9.30.10230 NetType/4G WebP/0.3.0 AppId/537150618 Pixel/1080 StatusBarHeight/82 SimpleUISwitch/0 QQTheme/1000 StudyMode/0 CurrentMode/0 CurrentFontScale/1.0 GlobalDensityScale/0.90000004 AllowLandscape/false InMagicWin/0',
  'accept' => '*/*',
  'referer' => 'http://aaa.720vrcloud.net/group.php/index/index/id/53.html',
  'accept-encoding' => 'gzip, deflate',
  'accept-language' => 'zh-CN,zh;q=0.9,en-US;q=0.8,en;q=0.7',
  'content-type' => '',
  'content-length' => '',
)
[ info ] [ PARAM ] array (
  'id' => '53',
)
[ info ] [ RUN ] app\group\controller\Index->turl[ /www/wwwroot/xiezhen1.720vrcloud.net/application/group/controller/Index.php ]
[ info ] [ DB ] INIT mysql
[ info ] [ LOG ] INIT File
[ sql ] [ DB ] CONNECT:[ UseTime:0.001081s ] mysql:host=127.0.0.1;port=3306;dbname=xiezhen1_720vrcl;charset=utf8
[ sql ] [ SQL ] SHOW COLUMNS FROM `web_wxgroup` [ RunTime:0.004549s ]
[ sql ] [ SQL ] SELECT * FROM `web_wxgroup` WHERE  (  wxg_id = 53 ) LIMIT 1 [ RunTime:0.000567s ]
[ sql ] [ SQL ] SHOW COLUMNS FROM `web_distribution` [ RunTime:0.003091s ]
[ sql ] [ SQL ] SELECT * FROM `web_distribution` WHERE  (  du_id = 14 ) LIMIT 1 [ RunTime:0.000466s ]
[ sql ] [ SQL ] SHOW COLUMNS FROM `web_substation` [ RunTime:0.003474s ]
[ sql ] [ SQL ] SELECT * FROM `web_substation` WHERE  (  su_id = 11 ) LIMIT 1 [ RunTime:0.000488s ]
[ sql ] [ SQL ] SHOW COLUMNS FROM `web_substation_paylist` [ RunTime:0.003351s ]
[ sql ] [ SQL ] SELECT * FROM `web_substation_paylist` WHERE  (  su_id = 11 and su_pl_status = 1 ) LIMIT 1 [ RunTime:0.000511s ]
---------------------------------------------------------------
[ 2023-03-23T23:15:56+08:00 ] 223.104.130.60 GET aaa.720vrcloud.net/favicon.ico
[运行时间：0.012171s] [吞吐率：82.16req/s] [内存消耗：232.80kb] [文件加载：28]
[ info ] [ LANG ] /www/wwwroot/xiezhen1.720vrcloud.net/thinkphp/lang/zh-cn.php
[ info ] [ ROUTE ] array (
  'type' => 'module',
  'module' => 
  array (
    0 => 'favicon.ico',
    1 => NULL,
    2 => NULL,
  ),
)
[ info ] [ HEADER ] array (
  'host' => 'aaa.720vrcloud.net',
  'connection' => 'keep-alive',
  'user-agent' => 'Mozilla/5.0 (Linux; Android 10; MI 9 SE Build/QKQ1.190828.002; wv) AppleWebKit/537.36 (KHTML, like Gecko) Version/4.0 Chrome/98.0.4758.102 MQQBrowser/6.2 TBS/046403 Mobile Safari/537.36 V1_AND_SQ_8.9.30_3730_YYB_D PA QQ/8.9.30.10230 NetType/4G WebP/0.3.0 AppId/537150618 Pixel/1080 StatusBarHeight/82 SimpleUISwitch/0 QQTheme/1000 StudyMode/0 CurrentMode/0 CurrentFontScale/1.0 GlobalDensityScale/0.90000004 AllowLandscape/false InMagicWin/0',
  'accept' => 'image/wxpic,image/sharpp,image/apng,image/tpg,image/avif,image/webp,image/apng,image/svg+xml,image/*,*/*;q=0.8',
  'referer' => 'http://aaa.720vrcloud.net/group.php/index/index/id/53.html',
  'accept-encoding' => 'gzip, deflate',
  'accept-language' => 'zh-CN,zh;q=0.9,en-US;q=0.8,en;q=0.7',
  'content-type' => '',
  'content-length' => '',
)
[ info ] [ PARAM ] array (
)
[ info ] [ LOG ] INIT File
---------------------------------------------------------------
[ 2023-03-23T23:15:57+08:00 ] 223.104.130.60 GET aaa.720vrcloud.net/group.php/index/share/id/53/t/cc2b9d14731f317ff0e4fa97e52057f6/time/1679584556.html
[运行时间：0.027855s] [吞吐率：35.90req/s] [内存消耗：582.74kb] [文件加载：46]
[ info ] [ LANG ] /www/wwwroot/xiezhen1.720vrcloud.net/thinkphp/lang/zh-cn.php
[ info ] [ ROUTE ] array (
  'type' => 'module',
  'module' => 
  array (
    0 => 'group',
    1 => 'index',
    2 => 'share',
  ),
)
[ info ] [ HEADER ] array (
  'host' => 'aaa.720vrcloud.net',
  'connection' => 'keep-alive',
  'upgrade-insecure-requests' => '1',
  'user-agent' => 'Mozilla/5.0 (Linux; Android 10; MI 9 SE Build/QKQ1.190828.002; wv) AppleWebKit/537.36 (KHTML, like Gecko) Version/4.0 Chrome/98.0.4758.102 MQQBrowser/6.2 TBS/046403 Mobile Safari/537.36 V1_AND_SQ_8.9.30_3730_YYB_D PA QQ/8.9.30.10230 NetType/4G WebP/0.3.0 AppId/537150618 Pixel/1080 StatusBarHeight/82 SimpleUISwitch/0 QQTheme/1000 StudyMode/0 CurrentMode/0 CurrentFontScale/1.0 GlobalDensityScale/0.90000004 AllowLandscape/false InMagicWin/0',
  'accept' => 'text/html,application/xhtml+xml,application/xml;q=0.9,image/wxpic,image/sharpp,image/apng,image/tpg,image/avif,image/webp,image/apng,*/*;q=0.8,application/signed-exchange;v=b3;q=0.9',
  'referer' => 'http://aaa.720vrcloud.net/group.php/index/index/id/53.html',
  'accept-encoding' => 'gzip, deflate',
  'accept-language' => 'zh-CN,zh;q=0.9,en-US;q=0.8,en;q=0.7',
  'content-type' => '',
  'content-length' => '',
)
[ info ] [ PARAM ] array (
  'id' => '53',
  't' => 'cc2b9d14731f317ff0e4fa97e52057f6',
  'time' => '1679584556',
)
[ info ] [ RUN ] app\group\controller\Index->share[ /www/wwwroot/xiezhen1.720vrcloud.net/application/group/controller/Index.php ]
[ info ] [ DB ] INIT mysql
[ info ] [ SESSION ] INIT array (
  'id' => '',
  'var_session_id' => '',
  'prefix' => 'think',
  'type' => '',
  'auto_start' => true,
)
[ info ] [ VIEW ] template/group/index/share.html [ array (
  0 => 'qccontent',
  1 => 'qcontent',
  2 => 'content',
  3 => 'info',
  4 => 'id',
) ]
[ info ] [ LOG ] INIT File
[ sql ] [ DB ] CONNECT:[ UseTime:0.001035s ] mysql:host=127.0.0.1;port=3306;dbname=xiezhen1_720vrcl;charset=utf8
[ sql ] [ SQL ] SHOW COLUMNS FROM `web_wxgroup` [ RunTime:0.004131s ]
[ sql ] [ SQL ] SELECT * FROM `web_wxgroup` WHERE  (  wxg_id = 53 ) LIMIT 1 [ RunTime:0.000575s ]
[ sql ] [ SQL ] UPDATE `web_wxgroup`  SET `wxg_readcount`=870  WHERE  (  wxg_id = 53 ) [ RunTime:0.001018s ]
---------------------------------------------------------------
[ 2023-03-23T23:16:00+08:00 ] 223.104.130.60 POST aaa.720vrcloud.net/group.php/index/paylist.html
[运行时间：0.053367s] [吞吐率：18.74req/s] [内存消耗：563.09kb] [文件加载：44]
[ info ] [ LANG ] /www/wwwroot/xiezhen1.720vrcloud.net/thinkphp/lang/zh-cn.php
[ info ] [ ROUTE ] array (
  'type' => 'module',
  'module' => 
  array (
    0 => 'group',
    1 => 'index',
    2 => 'paylist',
  ),
)
[ info ] [ HEADER ] array (
  'host' => 'aaa.720vrcloud.net',
  'connection' => 'keep-alive',
  'content-length' => '5',
  'accept' => 'application/json, text/javascript, */*; q=0.01',
  'x-requested-with' => 'XMLHttpRequest',
  'user-agent' => 'Mozilla/5.0 (Linux; Android 10; MI 9 SE Build/QKQ1.190828.002; wv) AppleWebKit/537.36 (KHTML, like Gecko) Version/4.0 Chrome/98.0.4758.102 MQQBrowser/6.2 TBS/046403 Mobile Safari/537.36 V1_AND_SQ_8.9.30_3730_YYB_D PA QQ/8.9.30.10230 NetType/4G WebP/0.3.0 AppId/537150618 Pixel/1080 StatusBarHeight/82 SimpleUISwitch/0 QQTheme/1000 StudyMode/0 CurrentMode/0 CurrentFontScale/1.0 GlobalDensityScale/0.90000004 AllowLandscape/false InMagicWin/0',
  'content-type' => 'application/x-www-form-urlencoded; charset=UTF-8',
  'origin' => 'http://aaa.720vrcloud.net',
  'referer' => 'http://aaa.720vrcloud.net/group.php/index/share/id/53/t/cc2b9d14731f317ff0e4fa97e52057f6/time/1679584556.html',
  'accept-encoding' => 'gzip, deflate',
  'accept-language' => 'zh-CN,zh;q=0.9,en-US;q=0.8,en;q=0.7',
  'cookie' => 'PHPSESSID=5iqbiah1lvghnng2a0ocqhsl64',
)
[ info ] [ PARAM ] array (
  'id' => '53',
)
[ info ] [ RUN ] app\group\controller\Index->paylist[ /www/wwwroot/xiezhen1.720vrcloud.net/application/group/controller/Index.php ]
[ info ] [ DB ] INIT mysql
[ info ] [ SESSION ] INIT array (
  'id' => '',
  'var_session_id' => '',
  'prefix' => 'think',
  'type' => '',
  'auto_start' => true,
)
[ info ] [ LOG ] INIT File
[ sql ] [ DB ] CONNECT:[ UseTime:0.001154s ] mysql:host=127.0.0.1;port=3306;dbname=xiezhen1_720vrcl;charset=utf8
[ sql ] [ SQL ] SHOW COLUMNS FROM `web_wxgroup` [ RunTime:0.005166s ]
[ sql ] [ SQL ] SELECT * FROM `web_wxgroup` WHERE  (  wxg_id = 53 ) LIMIT 1 [ RunTime:0.000858s ]
[ sql ] [ SQL ] SHOW COLUMNS FROM `web_substation_paylist` [ RunTime:0.004051s ]
[ sql ] [ SQL ] SELECT * FROM `web_substation_paylist` `spl` INNER JOIN `web_paylist` `pl` ON `pl`.`pl_id`=`spl`.`pl_id` WHERE  (  spl.su_id = 11 and spl.su_pl_status = 1 and pl.pl_status = 1 ) [ RunTime:0.000592s ]
[ sql ] [ SQL ] SHOW COLUMNS FROM `web_distribution` [ RunTime:0.006032s ]
[ sql ] [ SQL ] SELECT * FROM `web_distribution` `d` INNER JOIN `web_distribution_group` `dg` ON `d`.`dg_id`=`dg`.`dg_id` WHERE  (  d.du_id = 14 ) LIMIT 1 [ RunTime:0.000924s ]
[ sql ] [ SQL ] SHOW COLUMNS FROM `web_bill` [ RunTime:0.003516s ]
[ sql ] [ SQL ] SELECT * FROM `web_bill` WHERE  (  bl_sncode = '11_53_1679584560' and su_id = 11 and wxg_id = 53 ) LIMIT 1 [ RunTime:0.001395s ]
[ sql ] [ SQL ] INSERT INTO `web_bill` (`du_id` , `su_id` , `wxg_id` , `su_pl_id` , `bl_sncode` , `bl_money` , `bl_addtime` , `bl_status` , `bl_scale` , `bl_scalemoney` , `bl_substationmoney`) VALUES (14 , 11 , 53 , 7 , '11_53_1679584560' , 9.9 , '2023-03-23 23:16:00' , 1 , 70 , 6.93 , 2.97) [ RunTime:0.002305s ]
[ sql ] [ SQL ] SHOW COLUMNS FROM `web_substation` [ RunTime:0.003771s ]
[ sql ] [ SQL ] SELECT * FROM `web_substation` WHERE  (  su_id = 11 ) LIMIT 1 [ RunTime:0.000401s ]
