---------------------------------------------------------------
[ 2023-03-26T01:11:51+08:00 ] 1.28.229.79 GET xiezhen1.720vrcloud.net/favicon.ico
[运行时间：0.014573s] [吞吐率：68.62req/s] [内存消耗：232.97kb] [文件加载：28]
[ info ] [ LANG ] /www/wwwroot/xiezhen1.720vrcloud.net/thinkphp/lang/zh-cn.php
[ info ] [ ROUTE ] array (
  'type' => 'module',
  'module' => 
  array (
    0 => 'favicon.ico',
    1 => NULL,
    2 => NULL,
  ),
)
[ info ] [ HEADER ] array (
  'host' => 'xiezhen1.720vrcloud.net',
  'user-agent' => 'Mozilla/5.0 (Linux; Android 8.1.0; vivo Y85A Build/OPM1.171019.011; wv) AppleWebKit/537.36 (KHTML, like Gecko) Version/4.0 Chrome/87.0.4280.141 Mobile Safari/537.36 VivoBrowser/14.0.0.3',
  'accept' => 'image/webp,image/apng,image/*,*/*;q=0.8',
  'sec-fetch-site' => 'same-origin',
  'sec-fetch-mode' => 'no-cors',
  'sec-fetch-dest' => 'image',
  'referer' => 'https://xiezhen1.720vrcloud.net/app/index.php?i=9&c=entry&do=index&agentid=20&m=y2_jiukuaijiuhttps://xiezhen1.720vrcloud.net/app/index.php?i=9&c=entry&do=index&agentid=20&m=y2_jiukuaijiu',
  'accept-encoding' => 'gzip, deflate, br',
  'accept-language' => 'zh-CN,zh;q=0.9,en-US;q=0.8,en;q=0.7',
  'content-type' => '',
  'content-length' => '',
)
[ info ] [ PARAM ] array (
)
[ info ] [ LOG ] INIT File
---------------------------------------------------------------
[ 2023-03-26T01:12:30+08:00 ] 1.28.229.79 GET xiezhen1.720vrcloud.net/favicon.ico
[运行时间：0.014722s] [吞吐率：67.93req/s] [内存消耗：233.55kb] [文件加载：28]
[ info ] [ LANG ] /www/wwwroot/xiezhen1.720vrcloud.net/thinkphp/lang/zh-cn.php
[ info ] [ ROUTE ] array (
  'type' => 'module',
  'module' => 
  array (
    0 => 'favicon.ico',
    1 => NULL,
    2 => NULL,
  ),
)
[ info ] [ HEADER ] array (
  'host' => 'xiezhen1.720vrcloud.net',
  'sec-ch-ua' => '"Chromium";v="104", " Not A;Brand";v="99", "Google Chrome";v="104"',
  'sec-ch-ua-mobile' => '?1',
  'user-agent' => 'Mozilla/5.0 (Linux; Android 8.1.0; vivo Y85A) AppleWebKit/537.36 (KHTML, like Gecko) Chrome/104.0.0.0 Mobile Safari/537.36',
  'sec-ch-ua-platform' => '"Android"',
  'accept' => 'image/avif,image/webp,image/apng,image/svg+xml,image/*,*/*;q=0.8',
  'sec-fetch-site' => 'same-origin',
  'sec-fetch-mode' => 'no-cors',
  'sec-fetch-dest' => 'image',
  'referer' => 'https://xiezhen1.720vrcloud.net/app/index.php?i=9&c=entry&do=index&agentid=20&m=y2_jiukuaijiu',
  'accept-encoding' => 'gzip, deflate, br',
  'accept-language' => 'zh-CN,zh;q=0.9',
  'content-type' => '',
  'content-length' => '',
)
[ info ] [ PARAM ] array (
)
[ info ] [ LOG ] INIT File
---------------------------------------------------------------
[ 2023-03-26T02:23:10+08:00 ] 3.236.76.43 GET aliyunmn.asia/
[运行时间：0.014222s] [吞吐率：70.31req/s] [内存消耗：312.55kb] [文件加载：32]
[ info ] [ LANG ] /www/wwwroot/xiezhen1.720vrcloud.net/thinkphp/lang/zh-cn.php
[ info ] [ ROUTE ] array (
  'type' => 'module',
  'module' => 
  array (
    0 => '',
    1 => NULL,
    2 => NULL,
  ),
)
[ info ] [ HEADER ] array (
  'host' => 'aliyunmn.asia',
  'user-agent' => 'Mozilla/5.0 (Windows NT 10.0; Win64; x64) AppleWebKit/537.36 (KHTML, like Gecko) Chrome/103.0.5060.66 Safari/537.36 Edg/103.0.1264.44',
  'accept' => 'text/html,application/xhtml+xml,application/xml;q=0.9,*/*;q=0.8',
  'connection' => 'Keep-Alive',
  'accept-encoding' => 'gzip, deflate',
  'accept-language' => 'en,*',
  'content-type' => '',
  'content-length' => '',
)
[ info ] [ PARAM ] array (
)
[ info ] [ LOG ] INIT File
---------------------------------------------------------------
[ 2023-03-26T02:23:11+08:00 ] 3.214.174.148 GET aliyunmn.asia/favicon.ico
[运行时间：0.011209s] [吞吐率：89.21req/s] [内存消耗：311.06kb] [文件加载：27]
[ info ] [ LANG ] /www/wwwroot/xiezhen1.720vrcloud.net/thinkphp/lang/zh-cn.php
[ info ] [ ROUTE ] array (
  'type' => 'module',
  'module' => 
  array (
    0 => 'favicon.ico',
    1 => NULL,
    2 => NULL,
  ),
)
[ info ] [ HEADER ] array (
  'host' => 'aliyunmn.asia',
  'user-agent' => 'Mozilla/5.0 (Windows NT 6.3; WOW64; rv:38.0) Gecko/20100101 Firefox/38.0',
  'accept-encoding' => 'gzip, deflate',
  'accept' => '*/*',
  'connection' => 'keep-alive',
  'content-type' => '',
  'content-length' => '',
)
[ info ] [ PARAM ] array (
)
[ info ] [ LOG ] INIT File
---------------------------------------------------------------
[ 2023-03-26T02:23:12+08:00 ] 54.80.93.162 GET aliyunmn.asia/
[运行时间：0.010593s] [吞吐率：94.40req/s] [内存消耗：312.99kb] [文件加载：32]
[ info ] [ LANG ] /www/wwwroot/xiezhen1.720vrcloud.net/thinkphp/lang/zh-cn.php
[ info ] [ ROUTE ] array (
  'type' => 'module',
  'module' => 
  array (
    0 => '',
    1 => NULL,
    2 => NULL,
  ),
)
[ info ] [ HEADER ] array (
  'host' => 'aliyunmn.asia',
  'user-agent' => 'Mozilla/5.0 (iPhone; CPU iPhone OS 12_2 like Mac OS X) AppleWebKit/605.1.15 (KHTML, like Gecko) Mobile/15E148',
  'accept' => 'text/html,application/xhtml+xml,application/xml;q=0.9,*/*;q=0.8',
  'accept-encoding' => 'gzip, deflate',
  'accept-language' => 'en,*',
  'connection' => 'Keep-Alive, Upgrade, HTTP2-Settings',
  'upgrade' => 'h2c',
  'http2-settings' => 'AAIAAAABAAQBR64U',
  'content-type' => '',
  'content-length' => '',
)
[ info ] [ PARAM ] array (
)
[ info ] [ LOG ] INIT File
---------------------------------------------------------------
[ 2023-03-26T02:23:13+08:00 ] 3.214.174.148 GET aliyunmn.asia/favicon.ico
[运行时间：0.008938s] [吞吐率：111.88req/s] [内存消耗：311.06kb] [文件加载：27]
[ info ] [ LANG ] /www/wwwroot/xiezhen1.720vrcloud.net/thinkphp/lang/zh-cn.php
[ info ] [ ROUTE ] array (
  'type' => 'module',
  'module' => 
  array (
    0 => 'favicon.ico',
    1 => NULL,
    2 => NULL,
  ),
)
[ info ] [ HEADER ] array (
  'host' => 'aliyunmn.asia',
  'user-agent' => 'Mozilla/5.0 (Windows NT 6.3; WOW64; rv:38.0) Gecko/20100101 Firefox/38.0',
  'accept-encoding' => 'gzip, deflate',
  'accept' => '*/*',
  'connection' => 'keep-alive',
  'content-type' => '',
  'content-length' => '',
)
[ info ] [ PARAM ] array (
)
[ info ] [ LOG ] INIT File
---------------------------------------------------------------
[ 2023-03-26T03:47:11+08:00 ] 128.1.163.33 GET xiezhen1.720vrcloud.net/
[运行时间：0.019542s] [吞吐率：51.17req/s] [内存消耗：361.63kb] [文件加载：39]
[ info ] [ LANG ] /www/wwwroot/xiezhen1.720vrcloud.net/thinkphp/lang/zh-cn.php
[ info ] [ ROUTE ] array (
  'type' => 'module',
  'module' => 
  array (
    0 => '',
    1 => NULL,
    2 => NULL,
  ),
)
[ info ] [ HEADER ] array (
  'host' => 'xiezhen1.720vrcloud.net',
  'user-agent' => 'Mozilla/5.0 (Linux; U; Android 13; zh-cn; PDRM00 Build/TP1A.220905.001) AppleWebKit/537.36 (KHTML, like Gecko) Version/4.0 Chrome/90.0.4430.61 Mobile Safari/537.36 HeyTapBrowser/40.8.10.1',
  'accept' => '*/*',
  'accept-encoding' => 'gzip',
  'content-type' => '',
  'content-length' => '',
)
[ info ] [ PARAM ] array (
)
[ info ] [ RUN ] app\website\controller\Index->Index[ /www/wwwroot/xiezhen1.720vrcloud.net/application/website/controller/Index.php ]
[ info ] [ VIEW ] template/website/index/index.html [ array (
  0 => 'subweb',
) ]
[ info ] [ LOG ] INIT File
---------------------------------------------------------------
[ 2023-03-26T04:36:32+08:00 ] 128.1.163.33 GET aliyunmn.asia/
[运行时间：0.015111s] [吞吐率：66.18req/s] [内存消耗：312.13kb] [文件加载：32]
[ info ] [ LANG ] /www/wwwroot/xiezhen1.720vrcloud.net/thinkphp/lang/zh-cn.php
[ info ] [ ROUTE ] array (
  'type' => 'module',
  'module' => 
  array (
    0 => '',
    1 => NULL,
    2 => NULL,
  ),
)
[ info ] [ HEADER ] array (
  'host' => 'aliyunmn.asia',
  'user-agent' => 'Mozilla/5.0 (Linux; U; Android 13; zh-cn; PDRM00 Build/TP1A.220905.001) AppleWebKit/537.36 (KHTML, like Gecko) Version/4.0 Chrome/90.0.4430.61 Mobile Safari/537.36 HeyTapBrowser/40.8.10.1',
  'accept' => '*/*',
  'accept-encoding' => 'gzip',
  'content-type' => '',
  'content-length' => '',
)
[ info ] [ PARAM ] array (
)
[ info ] [ LOG ] INIT File
---------------------------------------------------------------
[ 2023-03-26T04:55:10+08:00 ] 135.148.195.11 GET aliyunmn.asia/
[运行时间：0.014726s] [吞吐率：67.91req/s] [内存消耗：312.74kb] [文件加载：32]
[ info ] [ LANG ] /www/wwwroot/xiezhen1.720vrcloud.net/thinkphp/lang/zh-cn.php
[ info ] [ ROUTE ] array (
  'type' => 'module',
  'module' => 
  array (
    0 => '',
    1 => NULL,
    2 => NULL,
  ),
)
[ info ] [ HEADER ] array (
  'accept' => 'text/html,application/xhtml+xml,application/xml;q=0.9,image/avif,image/webp,image/apng,*/*;q=0.8,application/signed-exchange;v=b3;q=0.9',
  'accept-language' => 'zh-CN,zh;q=0.9,en;q=0.8',
  'cache-control' => 'max-age=0',
  'user-agent' => 'Mozilla/5.0 (Windows NT 6.3; WOW64) AppleWebKit/537.36 (KHTML, like Gecko) Chrome/41.0.2226.0 Safari/537.36',
  'accept-encoding' => 'gzip, deflate',
  'host' => 'aliyunmn.asia',
  'content-type' => '',
  'content-length' => '',
)
[ info ] [ PARAM ] array (
)
[ info ] [ LOG ] INIT File
---------------------------------------------------------------
[ 2023-03-26T05:54:10+08:00 ] 218.200.57.54 GET aliyunmn.asia/
[运行时间：0.014201s] [吞吐率：70.42req/s] [内存消耗：312.16kb] [文件加载：32]
[ info ] [ LANG ] /www/wwwroot/xiezhen1.720vrcloud.net/thinkphp/lang/zh-cn.php
[ info ] [ ROUTE ] array (
  'type' => 'module',
  'module' => 
  array (
    0 => '',
    1 => NULL,
    2 => NULL,
  ),
)
[ info ] [ HEADER ] array (
  'host' => 'aliyunmn.asia',
  'user-agent' => 'Mozilla/5.0 (Windows NT 10.0; Win64; x64) AppleWebKit/537.36 (KHTML, like Gecko) Chrome/87.0.4280.88 Safari/537.36',
  'accept-encoding' => 'gzip, deflate',
  'accept' => '*/*',
  'connection' => 'keep-alive',
  'content-type' => '',
  'content-length' => '',
)
[ info ] [ PARAM ] array (
)
[ info ] [ LOG ] INIT File
---------------------------------------------------------------
[ 2023-03-26T08:51:33+08:00 ] 95.177.163.4 GET aliyunmn.asia/
[运行时间：0.018169s] [吞吐率：55.04req/s] [内存消耗：313.28kb] [文件加载：32]
[ info ] [ LANG ] /www/wwwroot/xiezhen1.720vrcloud.net/thinkphp/lang/zh-cn.php
[ info ] [ ROUTE ] array (
  'type' => 'module',
  'module' => 
  array (
    0 => '',
    1 => NULL,
    2 => NULL,
  ),
)
[ info ] [ HEADER ] array (
  'host' => 'aliyunmn.asia',
  'connection' => 'keep-alive',
  'pragma' => 'no-cache',
  'cache-control' => 'no-cache',
  'upgrade-insecure-requests' => '1',
  'user-agent' => 'Mozilla/5.0 (iPhone; CPU iPhone OS 10_3_1 like Mac OS X) AppleWebKit/603.1.30 (KHTML, like Gecko) Version/10.0 Mobile/14E304 Safari/602.1',
  'accept' => 'text/html,application/xhtml+xml,application/xml;q=0.9,image/avif,image/webp,image/apng,*/*;q=0.8,application/signed-exchange;v=b3;q=0.9',
  'accept-encoding' => 'gzip, deflate',
  'content-type' => '',
  'content-length' => '',
)
[ info ] [ PARAM ] array (
)
[ info ] [ LOG ] INIT File
---------------------------------------------------------------
[ 2023-03-26T10:48:43+08:00 ] 216.251.130.74 GET aliyunmn.asia/
[运行时间：0.014019s] [吞吐率：71.33req/s] [内存消耗：313.00kb] [文件加载：32]
[ info ] [ LANG ] /www/wwwroot/xiezhen1.720vrcloud.net/thinkphp/lang/zh-cn.php
[ info ] [ ROUTE ] array (
  'type' => 'module',
  'module' => 
  array (
    0 => '',
    1 => NULL,
    2 => NULL,
  ),
)
[ info ] [ HEADER ] array (
  'host' => 'aliyunmn.asia',
  'connection' => 'keep-alive',
  'upgrade-insecure-requests' => '1',
  'user-agent' => 'Mozilla/5.0 (X11; Linux x86_64) AppleWebKit/537.36 (KHTML, like Gecko) HeadlessChrome/110.0.5481.100 Safari/537.36',
  'accept' => 'text/html,application/xhtml+xml,application/xml;q=0.9,image/avif,image/webp,image/apng,*/*;q=0.8,application/signed-exchange;v=b3;q=0.7',
  'accept-encoding' => 'gzip, deflate',
  'accept-language' => 'en-US',
  'content-type' => '',
  'content-length' => '',
)
[ info ] [ PARAM ] array (
)
[ info ] [ LOG ] INIT File
---------------------------------------------------------------
[ 2023-03-26T11:21:10+08:00 ] 35.230.86.203 GET aliyunmn.asia/
[运行时间：0.014117s] [吞吐率：70.84req/s] [内存消耗：311.98kb] [文件加载：32]
[ info ] [ LANG ] /www/wwwroot/xiezhen1.720vrcloud.net/thinkphp/lang/zh-cn.php
[ info ] [ ROUTE ] array (
  'type' => 'module',
  'module' => 
  array (
    0 => '',
    1 => NULL,
    2 => NULL,
  ),
)
[ info ] [ HEADER ] array (
  'user-agent' => 'Mozilla/5.0 (Windows NT 10.0; Win64; x64) AppleWebKit/537.36 (KHTML, like Gecko) Chrome/109.0.0.0 Safari/537.36',
  'accept-encoding' => 'gzip, deflate, br',
  'host' => 'aliyunmn.asia',
  'connection' => 'close',
  'content-type' => '',
  'content-length' => '',
)
[ info ] [ PARAM ] array (
)
[ info ] [ LOG ] INIT File
---------------------------------------------------------------
[ 2023-03-26T11:59:14+08:00 ] 168.119.101.226 GET aliyunmn.asia/
[运行时间：0.013752s] [吞吐率：72.72req/s] [内存消耗：312.48kb] [文件加载：32]
[ info ] [ LANG ] /www/wwwroot/xiezhen1.720vrcloud.net/thinkphp/lang/zh-cn.php
[ info ] [ ROUTE ] array (
  'type' => 'module',
  'module' => 
  array (
    0 => '',
    1 => NULL,
    2 => NULL,
  ),
)
[ info ] [ HEADER ] array (
  'host' => 'aliyunmn.asia',
  'keep-alive' => '300',
  'connection' => 'keep-alive',
  'user-agent' => 'Mozilla/5.0 (Windows NT 10.0; Win64; x64) AppleWebKit/537.36 (KHTML, like Gecko) Chrome/91.0.4472.106 Safari/537.36',
  'accept-language' => 'en-US,en;q=0.5',
  'accept' => 'text/html,application/xhtml+xml,application/xml;q=0.9,*/*;q=0.8',
  'content-type' => '',
  'content-length' => '',
)
[ info ] [ PARAM ] array (
)
[ info ] [ LOG ] INIT File
---------------------------------------------------------------
[ 2023-03-26T11:59:14+08:00 ] 168.119.101.226 GET aliyunmn.asia/feed/
[运行时间：0.012394s] [吞吐率：80.68req/s] [内存消耗：312.28kb] [文件加载：27]
[ info ] [ LANG ] /www/wwwroot/xiezhen1.720vrcloud.net/thinkphp/lang/zh-cn.php
[ info ] [ ROUTE ] array (
  'type' => 'module',
  'module' => 
  array (
    0 => 'feed',
    1 => NULL,
    2 => NULL,
  ),
)
[ info ] [ HEADER ] array (
  'host' => 'aliyunmn.asia',
  'keep-alive' => '300',
  'connection' => 'keep-alive',
  'user-agent' => 'Mozilla/5.0 (Windows NT 10.0; Win64; x64) AppleWebKit/537.36 (KHTML, like Gecko) Chrome/91.0.4472.106 Safari/537.36',
  'accept-language' => 'en-US,en;q=0.5',
  'accept' => 'text/html,application/xhtml+xml,application/xml;q=0.9,*/*;q=0.8',
  'content-type' => '',
  'content-length' => '',
)
[ info ] [ PARAM ] array (
)
[ info ] [ LOG ] INIT File
---------------------------------------------------------------
[ 2023-03-26T11:59:15+08:00 ] 168.119.101.226 GET aliyunmn.asia/
[运行时间：0.011779s] [吞吐率：84.90req/s] [内存消耗：312.48kb] [文件加载：32]
[ info ] [ LANG ] /www/wwwroot/xiezhen1.720vrcloud.net/thinkphp/lang/zh-cn.php
[ info ] [ ROUTE ] array (
  'type' => 'module',
  'module' => 
  array (
    0 => '',
    1 => NULL,
    2 => NULL,
  ),
)
[ info ] [ HEADER ] array (
  'host' => 'aliyunmn.asia',
  'keep-alive' => '300',
  'connection' => 'keep-alive',
  'user-agent' => 'Mozilla/5.0 (Windows NT 10.0; Win64; x64) AppleWebKit/537.36 (KHTML, like Gecko) Chrome/91.0.4472.106 Safari/537.36',
  'accept-language' => 'en-US,en;q=0.5',
  'accept' => 'text/html,application/xhtml+xml,application/xml;q=0.9,*/*;q=0.8',
  'content-type' => '',
  'content-length' => '',
)
[ info ] [ PARAM ] array (
)
[ info ] [ LOG ] INIT File
---------------------------------------------------------------
[ 2023-03-26T11:59:16+08:00 ] 168.119.101.226 GET aliyunmn.asia/blog/wp-includes/wlwmanifest.xml
[运行时间：0.010601s] [吞吐率：94.33req/s] [内存消耗：312.67kb] [文件加载：27]
[ info ] [ LANG ] /www/wwwroot/xiezhen1.720vrcloud.net/thinkphp/lang/zh-cn.php
[ info ] [ ROUTE ] array (
  'type' => 'module',
  'module' => 
  array (
    0 => 'blog',
    1 => 'wp-includes',
    2 => 'wlwmanifest.xml',
  ),
)
[ info ] [ HEADER ] array (
  'host' => 'aliyunmn.asia',
  'keep-alive' => '300',
  'connection' => 'keep-alive',
  'user-agent' => 'Mozilla/5.0 (Windows NT 10.0; Win64; x64) AppleWebKit/537.36 (KHTML, like Gecko) Chrome/91.0.4472.106 Safari/537.36',
  'accept-language' => 'en-US,en;q=0.5',
  'accept' => 'text/html,application/xhtml+xml,application/xml;q=0.9,*/*;q=0.8',
  'content-type' => '',
  'content-length' => '',
)
[ info ] [ PARAM ] array (
)
[ info ] [ LOG ] INIT File
---------------------------------------------------------------
[ 2023-03-26T11:59:17+08:00 ] 168.119.101.226 GET aliyunmn.asia/web/wp-includes/wlwmanifest.xml
[运行时间：0.010964s] [吞吐率：91.21req/s] [内存消耗：312.65kb] [文件加载：27]
[ info ] [ LANG ] /www/wwwroot/xiezhen1.720vrcloud.net/thinkphp/lang/zh-cn.php
[ info ] [ ROUTE ] array (
  'type' => 'module',
  'module' => 
  array (
    0 => 'web',
    1 => 'wp-includes',
    2 => 'wlwmanifest.xml',
  ),
)
[ info ] [ HEADER ] array (
  'host' => 'aliyunmn.asia',
  'keep-alive' => '300',
  'connection' => 'keep-alive',
  'user-agent' => 'Mozilla/5.0 (Windows NT 10.0; Win64; x64) AppleWebKit/537.36 (KHTML, like Gecko) Chrome/91.0.4472.106 Safari/537.36',
  'accept-language' => 'en-US,en;q=0.5',
  'accept' => 'text/html,application/xhtml+xml,application/xml;q=0.9,*/*;q=0.8',
  'content-type' => '',
  'content-length' => '',
)
[ info ] [ PARAM ] array (
)
[ info ] [ LOG ] INIT File
---------------------------------------------------------------
[ 2023-03-26T11:59:17+08:00 ] 168.119.101.226 GET aliyunmn.asia/wordpress/wp-includes/wlwmanifest.xml
[运行时间：0.010290s] [吞吐率：97.18req/s] [内存消耗：312.76kb] [文件加载：27]
[ info ] [ LANG ] /www/wwwroot/xiezhen1.720vrcloud.net/thinkphp/lang/zh-cn.php
[ info ] [ ROUTE ] array (
  'type' => 'module',
  'module' => 
  array (
    0 => 'wordpress',
    1 => 'wp-includes',
    2 => 'wlwmanifest.xml',
  ),
)
[ info ] [ HEADER ] array (
  'host' => 'aliyunmn.asia',
  'keep-alive' => '300',
  'connection' => 'keep-alive',
  'user-agent' => 'Mozilla/5.0 (Windows NT 10.0; Win64; x64) AppleWebKit/537.36 (KHTML, like Gecko) Chrome/91.0.4472.106 Safari/537.36',
  'accept-language' => 'en-US,en;q=0.5',
  'accept' => 'text/html,application/xhtml+xml,application/xml;q=0.9,*/*;q=0.8',
  'content-type' => '',
  'content-length' => '',
)
[ info ] [ PARAM ] array (
)
[ info ] [ LOG ] INIT File
---------------------------------------------------------------
[ 2023-03-26T11:59:18+08:00 ] 168.119.101.226 GET aliyunmn.asia/website/wp-includes/wlwmanifest.xml
[运行时间：0.012121s] [吞吐率：82.50req/s] [内存消耗：314.44kb] [文件加载：28]
[ info ] [ LANG ] /www/wwwroot/xiezhen1.720vrcloud.net/thinkphp/lang/zh-cn.php
[ info ] [ ROUTE ] array (
  'type' => 'module',
  'module' => 
  array (
    0 => 'website',
    1 => 'wp-includes',
    2 => 'wlwmanifest.xml',
  ),
)
[ info ] [ HEADER ] array (
  'host' => 'aliyunmn.asia',
  'keep-alive' => '300',
  'connection' => 'keep-alive',
  'user-agent' => 'Mozilla/5.0 (Windows NT 10.0; Win64; x64) AppleWebKit/537.36 (KHTML, like Gecko) Chrome/91.0.4472.106 Safari/537.36',
  'accept-language' => 'en-US,en;q=0.5',
  'accept' => 'text/html,application/xhtml+xml,application/xml;q=0.9,*/*;q=0.8',
  'content-type' => '',
  'content-length' => '',
)
[ info ] [ PARAM ] array (
)
[ info ] [ LOG ] INIT File
---------------------------------------------------------------
[ 2023-03-26T11:59:18+08:00 ] 168.119.101.226 GET aliyunmn.asia/wp/wp-includes/wlwmanifest.xml
[运行时间：0.010403s] [吞吐率：96.13req/s] [内存消耗：312.64kb] [文件加载：27]
[ info ] [ LANG ] /www/wwwroot/xiezhen1.720vrcloud.net/thinkphp/lang/zh-cn.php
[ info ] [ ROUTE ] array (
  'type' => 'module',
  'module' => 
  array (
    0 => 'wp',
    1 => 'wp-includes',
    2 => 'wlwmanifest.xml',
  ),
)
[ info ] [ HEADER ] array (
  'host' => 'aliyunmn.asia',
  'keep-alive' => '300',
  'connection' => 'keep-alive',
  'user-agent' => 'Mozilla/5.0 (Windows NT 10.0; Win64; x64) AppleWebKit/537.36 (KHTML, like Gecko) Chrome/91.0.4472.106 Safari/537.36',
  'accept-language' => 'en-US,en;q=0.5',
  'accept' => 'text/html,application/xhtml+xml,application/xml;q=0.9,*/*;q=0.8',
  'content-type' => '',
  'content-length' => '',
)
[ info ] [ PARAM ] array (
)
[ info ] [ LOG ] INIT File
---------------------------------------------------------------
[ 2023-03-26T11:59:19+08:00 ] 168.119.101.226 GET aliyunmn.asia/news/wp-includes/wlwmanifest.xml
[运行时间：0.012393s] [吞吐率：80.69req/s] [内存消耗：312.67kb] [文件加载：27]
[ info ] [ LANG ] /www/wwwroot/xiezhen1.720vrcloud.net/thinkphp/lang/zh-cn.php
[ info ] [ ROUTE ] array (
  'type' => 'module',
  'module' => 
  array (
    0 => 'news',
    1 => 'wp-includes',
    2 => 'wlwmanifest.xml',
  ),
)
[ info ] [ HEADER ] array (
  'host' => 'aliyunmn.asia',
  'keep-alive' => '300',
  'connection' => 'keep-alive',
  'user-agent' => 'Mozilla/5.0 (Windows NT 10.0; Win64; x64) AppleWebKit/537.36 (KHTML, like Gecko) Chrome/91.0.4472.106 Safari/537.36',
  'accept-language' => 'en-US,en;q=0.5',
  'accept' => 'text/html,application/xhtml+xml,application/xml;q=0.9,*/*;q=0.8',
  'content-type' => '',
  'content-length' => '',
)
[ info ] [ PARAM ] array (
)
[ info ] [ LOG ] INIT File
---------------------------------------------------------------
[ 2023-03-26T11:59:19+08:00 ] 168.119.101.226 GET aliyunmn.asia/2020/wp-includes/wlwmanifest.xml
[运行时间：0.011018s] [吞吐率：90.76req/s] [内存消耗：312.67kb] [文件加载：27]
[ info ] [ LANG ] /www/wwwroot/xiezhen1.720vrcloud.net/thinkphp/lang/zh-cn.php
[ info ] [ ROUTE ] array (
  'type' => 'module',
  'module' => 
  array (
    0 => '2020',
    1 => 'wp-includes',
    2 => 'wlwmanifest.xml',
  ),
)
[ info ] [ HEADER ] array (
  'host' => 'aliyunmn.asia',
  'keep-alive' => '300',
  'connection' => 'keep-alive',
  'user-agent' => 'Mozilla/5.0 (Windows NT 10.0; Win64; x64) AppleWebKit/537.36 (KHTML, like Gecko) Chrome/91.0.4472.106 Safari/537.36',
  'accept-language' => 'en-US,en;q=0.5',
  'accept' => 'text/html,application/xhtml+xml,application/xml;q=0.9,*/*;q=0.8',
  'content-type' => '',
  'content-length' => '',
)
[ info ] [ PARAM ] array (
)
[ info ] [ LOG ] INIT File
---------------------------------------------------------------
[ 2023-03-26T11:59:20+08:00 ] 168.119.101.226 GET aliyunmn.asia/2021/wp-includes/wlwmanifest.xml
[运行时间：0.010329s] [吞吐率：96.81req/s] [内存消耗：312.67kb] [文件加载：27]
[ info ] [ LANG ] /www/wwwroot/xiezhen1.720vrcloud.net/thinkphp/lang/zh-cn.php
[ info ] [ ROUTE ] array (
  'type' => 'module',
  'module' => 
  array (
    0 => '2021',
    1 => 'wp-includes',
    2 => 'wlwmanifest.xml',
  ),
)
[ info ] [ HEADER ] array (
  'host' => 'aliyunmn.asia',
  'keep-alive' => '300',
  'connection' => 'keep-alive',
  'user-agent' => 'Mozilla/5.0 (Windows NT 10.0; Win64; x64) AppleWebKit/537.36 (KHTML, like Gecko) Chrome/91.0.4472.106 Safari/537.36',
  'accept-language' => 'en-US,en;q=0.5',
  'accept' => 'text/html,application/xhtml+xml,application/xml;q=0.9,*/*;q=0.8',
  'content-type' => '',
  'content-length' => '',
)
[ info ] [ PARAM ] array (
)
[ info ] [ LOG ] INIT File
---------------------------------------------------------------
[ 2023-03-26T11:59:20+08:00 ] 168.119.101.226 GET aliyunmn.asia/shop/wp-includes/wlwmanifest.xml
[运行时间：0.009970s] [吞吐率：100.30req/s] [内存消耗：312.67kb] [文件加载：27]
[ info ] [ LANG ] /www/wwwroot/xiezhen1.720vrcloud.net/thinkphp/lang/zh-cn.php
[ info ] [ ROUTE ] array (
  'type' => 'module',
  'module' => 
  array (
    0 => 'shop',
    1 => 'wp-includes',
    2 => 'wlwmanifest.xml',
  ),
)
[ info ] [ HEADER ] array (
  'host' => 'aliyunmn.asia',
  'keep-alive' => '300',
  'connection' => 'keep-alive',
  'user-agent' => 'Mozilla/5.0 (Windows NT 10.0; Win64; x64) AppleWebKit/537.36 (KHTML, like Gecko) Chrome/91.0.4472.106 Safari/537.36',
  'accept-language' => 'en-US,en;q=0.5',
  'accept' => 'text/html,application/xhtml+xml,application/xml;q=0.9,*/*;q=0.8',
  'content-type' => '',
  'content-length' => '',
)
[ info ] [ PARAM ] array (
)
[ info ] [ LOG ] INIT File
---------------------------------------------------------------
[ 2023-03-26T11:59:21+08:00 ] 168.119.101.226 GET aliyunmn.asia/wp1/wp-includes/wlwmanifest.xml
[运行时间：0.010581s] [吞吐率：94.51req/s] [内存消耗：312.65kb] [文件加载：27]
[ info ] [ LANG ] /www/wwwroot/xiezhen1.720vrcloud.net/thinkphp/lang/zh-cn.php
[ info ] [ ROUTE ] array (
  'type' => 'module',
  'module' => 
  array (
    0 => 'wp1',
    1 => 'wp-includes',
    2 => 'wlwmanifest.xml',
  ),
)
[ info ] [ HEADER ] array (
  'host' => 'aliyunmn.asia',
  'keep-alive' => '300',
  'connection' => 'keep-alive',
  'user-agent' => 'Mozilla/5.0 (Windows NT 10.0; Win64; x64) AppleWebKit/537.36 (KHTML, like Gecko) Chrome/91.0.4472.106 Safari/537.36',
  'accept-language' => 'en-US,en;q=0.5',
  'accept' => 'text/html,application/xhtml+xml,application/xml;q=0.9,*/*;q=0.8',
  'content-type' => '',
  'content-length' => '',
)
[ info ] [ PARAM ] array (
)
[ info ] [ LOG ] INIT File
---------------------------------------------------------------
[ 2023-03-26T11:59:21+08:00 ] 168.119.101.226 GET aliyunmn.asia/test/wp-includes/wlwmanifest.xml
[运行时间：0.009218s] [吞吐率：108.48req/s] [内存消耗：312.67kb] [文件加载：27]
[ info ] [ LANG ] /www/wwwroot/xiezhen1.720vrcloud.net/thinkphp/lang/zh-cn.php
[ info ] [ ROUTE ] array (
  'type' => 'module',
  'module' => 
  array (
    0 => 'test',
    1 => 'wp-includes',
    2 => 'wlwmanifest.xml',
  ),
)
[ info ] [ HEADER ] array (
  'host' => 'aliyunmn.asia',
  'keep-alive' => '300',
  'connection' => 'keep-alive',
  'user-agent' => 'Mozilla/5.0 (Windows NT 10.0; Win64; x64) AppleWebKit/537.36 (KHTML, like Gecko) Chrome/91.0.4472.106 Safari/537.36',
  'accept-language' => 'en-US,en;q=0.5',
  'accept' => 'text/html,application/xhtml+xml,application/xml;q=0.9,*/*;q=0.8',
  'content-type' => '',
  'content-length' => '',
)
[ info ] [ PARAM ] array (
)
[ info ] [ LOG ] INIT File
---------------------------------------------------------------
[ 2023-03-26T11:59:22+08:00 ] 168.119.101.226 GET aliyunmn.asia/wp2/wp-includes/wlwmanifest.xml
[运行时间：0.010875s] [吞吐率：91.95req/s] [内存消耗：312.65kb] [文件加载：27]
[ info ] [ LANG ] /www/wwwroot/xiezhen1.720vrcloud.net/thinkphp/lang/zh-cn.php
[ info ] [ ROUTE ] array (
  'type' => 'module',
  'module' => 
  array (
    0 => 'wp2',
    1 => 'wp-includes',
    2 => 'wlwmanifest.xml',
  ),
)
[ info ] [ HEADER ] array (
  'host' => 'aliyunmn.asia',
  'keep-alive' => '300',
  'connection' => 'keep-alive',
  'user-agent' => 'Mozilla/5.0 (Windows NT 10.0; Win64; x64) AppleWebKit/537.36 (KHTML, like Gecko) Chrome/91.0.4472.106 Safari/537.36',
  'accept-language' => 'en-US,en;q=0.5',
  'accept' => 'text/html,application/xhtml+xml,application/xml;q=0.9,*/*;q=0.8',
  'content-type' => '',
  'content-length' => '',
)
[ info ] [ PARAM ] array (
)
[ info ] [ LOG ] INIT File
---------------------------------------------------------------
[ 2023-03-26T11:59:23+08:00 ] 168.119.101.226 GET aliyunmn.asia/site/wp-includes/wlwmanifest.xml
[运行时间：0.009942s] [吞吐率：100.58req/s] [内存消耗：312.67kb] [文件加载：27]
[ info ] [ LANG ] /www/wwwroot/xiezhen1.720vrcloud.net/thinkphp/lang/zh-cn.php
[ info ] [ ROUTE ] array (
  'type' => 'module',
  'module' => 
  array (
    0 => 'site',
    1 => 'wp-includes',
    2 => 'wlwmanifest.xml',
  ),
)
[ info ] [ HEADER ] array (
  'host' => 'aliyunmn.asia',
  'keep-alive' => '300',
  'connection' => 'keep-alive',
  'user-agent' => 'Mozilla/5.0 (Windows NT 10.0; Win64; x64) AppleWebKit/537.36 (KHTML, like Gecko) Chrome/91.0.4472.106 Safari/537.36',
  'accept-language' => 'en-US,en;q=0.5',
  'accept' => 'text/html,application/xhtml+xml,application/xml;q=0.9,*/*;q=0.8',
  'content-type' => '',
  'content-length' => '',
)
[ info ] [ PARAM ] array (
)
[ info ] [ LOG ] INIT File
---------------------------------------------------------------
[ 2023-03-26T11:59:23+08:00 ] 168.119.101.226 GET aliyunmn.asia/cms/wp-includes/wlwmanifest.xml
[运行时间：0.011710s] [吞吐率：85.40req/s] [内存消耗：312.65kb] [文件加载：27]
[ info ] [ LANG ] /www/wwwroot/xiezhen1.720vrcloud.net/thinkphp/lang/zh-cn.php
[ info ] [ ROUTE ] array (
  'type' => 'module',
  'module' => 
  array (
    0 => 'cms',
    1 => 'wp-includes',
    2 => 'wlwmanifest.xml',
  ),
)
[ info ] [ HEADER ] array (
  'host' => 'aliyunmn.asia',
  'keep-alive' => '300',
  'connection' => 'keep-alive',
  'user-agent' => 'Mozilla/5.0 (Windows NT 10.0; Win64; x64) AppleWebKit/537.36 (KHTML, like Gecko) Chrome/91.0.4472.106 Safari/537.36',
  'accept-language' => 'en-US,en;q=0.5',
  'accept' => 'text/html,application/xhtml+xml,application/xml;q=0.9,*/*;q=0.8',
  'content-type' => '',
  'content-length' => '',
)
[ info ] [ PARAM ] array (
)
[ info ] [ LOG ] INIT File
---------------------------------------------------------------
[ 2023-03-26T11:59:24+08:00 ] 168.119.101.226 GET aliyunmn.asia/sito/wp-includes/wlwmanifest.xml
[运行时间：0.009940s] [吞吐率：100.60req/s] [内存消耗：312.67kb] [文件加载：27]
[ info ] [ LANG ] /www/wwwroot/xiezhen1.720vrcloud.net/thinkphp/lang/zh-cn.php
[ info ] [ ROUTE ] array (
  'type' => 'module',
  'module' => 
  array (
    0 => 'sito',
    1 => 'wp-includes',
    2 => 'wlwmanifest.xml',
  ),
)
[ info ] [ HEADER ] array (
  'host' => 'aliyunmn.asia',
  'keep-alive' => '300',
  'connection' => 'keep-alive',
  'user-agent' => 'Mozilla/5.0 (Windows NT 10.0; Win64; x64) AppleWebKit/537.36 (KHTML, like Gecko) Chrome/91.0.4472.106 Safari/537.36',
  'accept-language' => 'en-US,en;q=0.5',
  'accept' => 'text/html,application/xhtml+xml,application/xml;q=0.9,*/*;q=0.8',
  'content-type' => '',
  'content-length' => '',
)
[ info ] [ PARAM ] array (
)
[ info ] [ LOG ] INIT File
---------------------------------------------------------------
[ 2023-03-26T12:47:12+08:00 ] 167.248.133.52 GET xiezhen1.720vrcloud.net/
[运行时间：0.019556s] [吞吐率：51.14req/s] [内存消耗：361.23kb] [文件加载：39]
[ info ] [ LANG ] /www/wwwroot/xiezhen1.720vrcloud.net/thinkphp/lang/zh-cn.php
[ info ] [ ROUTE ] array (
  'type' => 'module',
  'module' => 
  array (
    0 => '',
    1 => NULL,
    2 => NULL,
  ),
)
[ info ] [ HEADER ] array (
  'host' => 'xiezhen1.720vrcloud.net',
  'user-agent' => 'Mozilla/5.0 (compatible; CensysInspect/1.1; +https://about.censys.io/)',
  'accept' => '*/*',
  'accept-encoding' => 'gzip',
  'content-type' => '',
  'content-length' => '',
)
[ info ] [ PARAM ] array (
)
[ info ] [ RUN ] app\website\controller\Index->Index[ /www/wwwroot/xiezhen1.720vrcloud.net/application/website/controller/Index.php ]
[ info ] [ VIEW ] template/website/index/index.html [ array (
  0 => 'subweb',
) ]
[ info ] [ LOG ] INIT File
---------------------------------------------------------------
[ 2023-03-26T12:47:13+08:00 ] 167.248.133.52 GET xiezhen1.720vrcloud.net/favicon.ico
[运行时间：0.012815s] [吞吐率：78.03req/s] [内存消耗：229.98kb] [文件加载：28]
[ info ] [ LANG ] /www/wwwroot/xiezhen1.720vrcloud.net/thinkphp/lang/zh-cn.php
[ info ] [ ROUTE ] array (
  'type' => 'module',
  'module' => 
  array (
    0 => 'favicon.ico',
    1 => NULL,
    2 => NULL,
  ),
)
[ info ] [ HEADER ] array (
  'host' => 'xiezhen1.720vrcloud.net',
  'user-agent' => 'Mozilla/5.0 (compatible; CensysInspect/1.1; +https://about.censys.io/)',
  'accept-encoding' => 'gzip',
  'connection' => 'close',
  'content-type' => '',
  'content-length' => '',
)
[ info ] [ PARAM ] array (
)
[ info ] [ LOG ] INIT File
---------------------------------------------------------------
[ 2023-03-26T12:52:12+08:00 ] 149.100.138.57 GET aliyunmn.asia/security.txt
[运行时间：0.014646s] [吞吐率：68.28req/s] [内存消耗：312.07kb] [文件加载：27]
[ info ] [ LANG ] /www/wwwroot/xiezhen1.720vrcloud.net/thinkphp/lang/zh-cn.php
[ info ] [ ROUTE ] array (
  'type' => 'module',
  'module' => 
  array (
    0 => 'security.txt',
    1 => NULL,
    2 => NULL,
  ),
)
[ info ] [ HEADER ] array (
  'host' => 'aliyunmn.asia',
  'user-agent' => 'Mozilla/5.0 (Macintosh; Intel Mac OS X 10_8_4) AppleWebKit/537.36 (KHTML, like Gecko) Chrome/49.0.2656.18 Safari/537.36',
  'connection' => 'close',
  'accept' => '*/*',
  'accept-language' => 'en',
  'accept-encoding' => 'gzip',
  'content-type' => '',
  'content-length' => '',
)
[ info ] [ PARAM ] array (
)
[ info ] [ LOG ] INIT File
---------------------------------------------------------------
[ 2023-03-26T13:39:09+08:00 ] 111.7.100.23 GET aliyunmn.asia/
[运行时间：0.015142s] [吞吐率：66.04req/s] [内存消耗：313.00kb] [文件加载：32]
[ info ] [ LANG ] /www/wwwroot/xiezhen1.720vrcloud.net/thinkphp/lang/zh-cn.php
[ info ] [ ROUTE ] array (
  'type' => 'module',
  'module' => 
  array (
    0 => '',
    1 => NULL,
    2 => NULL,
  ),
)
[ info ] [ HEADER ] array (
  'host' => 'aliyunmn.asia',
  'connection' => 'keep-alive',
  'upgrade-insecure-requests' => '1',
  'user-agent' => 'Mozilla/5.0 (Windows NT 10.0; Win64; x64) AppleWebKit/537.36 (KHTML, like Gecko) Chrome/72.0.3626.119 Safari/537.36',
  'accept' => 'text/html,application/xhtml+xml,application/xml;q=0.9,image/avif,image/webp,image/apng,*/*;q=0.8,application/signed-exchange;v=b3;q=0.9',
  'accept-encoding' => 'gzip, deflate',
  'accept-language' => 'zh-CN',
  'content-type' => '',
  'content-length' => '',
)
[ info ] [ PARAM ] array (
)
[ info ] [ LOG ] INIT File
---------------------------------------------------------------
[ 2023-03-26T14:18:20+08:00 ] 205.169.39.206 GET aliyunmn.asia/
[运行时间：0.014262s] [吞吐率：70.12req/s] [内存消耗：313.79kb] [文件加载：32]
[ info ] [ LANG ] /www/wwwroot/xiezhen1.720vrcloud.net/thinkphp/lang/zh-cn.php
[ info ] [ ROUTE ] array (
  'type' => 'module',
  'module' => 
  array (
    0 => '',
    1 => NULL,
    2 => NULL,
  ),
)
[ info ] [ HEADER ] array (
  'host' => 'aliyunmn.asia',
  'connection' => 'Keep-Alive',
  'upgrade-insecure-requests' => '1',
  'user-agent' => 'Mozilla/5.0 (Windows NT 6.1; Win64; x64) AppleWebKit/537.36 (KHTML, like Gecko) Chrome/83.0.4103.61 Safari/537.36',
  'accept' => 'text/html,application/xhtml+xml,application/xml;q=0.9,image/webp,image/apng,*/*;q=0.8,application/signed-exchange;v=b3;q=0.9',
  'sec-fetch-site' => 'same-origin',
  'sec-fetch-mode' => 'navigate',
  'sec-fetch-user' => '?1',
  'sec-fetch-dest' => 'document',
  'accept-encoding' => 'gzip, deflate, br',
  'accept-language' => 'en-US',
  'content-type' => '',
  'content-length' => '',
)
[ info ] [ PARAM ] array (
)
[ info ] [ LOG ] INIT File
---------------------------------------------------------------
[ 2023-03-26T16:45:35+08:00 ] 113.108.9.38 GET aliyunmn.asia/
[运行时间：0.013739s] [吞吐率：72.79req/s] [内存消耗：312.30kb] [文件加载：32]
[ info ] [ LANG ] /www/wwwroot/xiezhen1.720vrcloud.net/thinkphp/lang/zh-cn.php
[ info ] [ ROUTE ] array (
  'type' => 'module',
  'module' => 
  array (
    0 => '',
    1 => NULL,
    2 => NULL,
  ),
)
[ info ] [ HEADER ] array (
  'host' => 'aliyunmn.asia',
  'user-agent' => 'Mozilla/5.0 (iPhone; CPU iPhone OS 13_2_3 like Mac OS X) AppleWebKit/605.1.15 (KHTML, like Gecko) Version/13.0.3 Mobile/15E148 Safari/604.1',
  'accept-language' => 'zh-CN,zh;q=0.9,en-US;q=0.8,en;q=0.7',
  'accept-encoding' => 'gzip',
  'connection' => 'close',
  'content-type' => '',
  'content-length' => '',
)
[ info ] [ PARAM ] array (
)
[ info ] [ LOG ] INIT File
---------------------------------------------------------------
[ 2023-03-26T17:21:41+08:00 ] 167.94.138.127 GET xiezhen1.720vrcloud.net/
[运行时间：0.019834s] [吞吐率：50.42req/s] [内存消耗：361.23kb] [文件加载：39]
[ info ] [ LANG ] /www/wwwroot/xiezhen1.720vrcloud.net/thinkphp/lang/zh-cn.php
[ info ] [ ROUTE ] array (
  'type' => 'module',
  'module' => 
  array (
    0 => '',
    1 => NULL,
    2 => NULL,
  ),
)
[ info ] [ HEADER ] array (
  'host' => 'xiezhen1.720vrcloud.net',
  'user-agent' => 'Mozilla/5.0 (compatible; CensysInspect/1.1; +https://about.censys.io/)',
  'accept' => '*/*',
  'accept-encoding' => 'gzip',
  'content-type' => '',
  'content-length' => '',
)
[ info ] [ PARAM ] array (
)
[ info ] [ RUN ] app\website\controller\Index->Index[ /www/wwwroot/xiezhen1.720vrcloud.net/application/website/controller/Index.php ]
[ info ] [ VIEW ] template/website/index/index.html [ array (
  0 => 'subweb',
) ]
[ info ] [ LOG ] INIT File
---------------------------------------------------------------
[ 2023-03-26T17:21:42+08:00 ] 167.94.138.127 GET xiezhen1.720vrcloud.net/favicon.ico
[运行时间：0.013636s] [吞吐率：73.34req/s] [内存消耗：230.05kb] [文件加载：28]
[ info ] [ LANG ] /www/wwwroot/xiezhen1.720vrcloud.net/thinkphp/lang/zh-cn.php
[ info ] [ ROUTE ] array (
  'type' => 'module',
  'module' => 
  array (
    0 => 'favicon.ico',
    1 => NULL,
    2 => NULL,
  ),
)
[ info ] [ HEADER ] array (
  'host' => 'xiezhen1.720vrcloud.net',
  'user-agent' => 'Mozilla/5.0 (compatible; CensysInspect/1.1; +https://about.censys.io/)',
  'accept-encoding' => 'gzip',
  'connection' => 'close',
  'content-type' => '',
  'content-length' => '',
)
[ info ] [ PARAM ] array (
)
[ info ] [ LOG ] INIT File
---------------------------------------------------------------
[ 2023-03-26T17:26:38+08:00 ] 91.192.243.230 GET aliyunmn.asia/
[运行时间：0.017286s] [吞吐率：57.85req/s] [内存消耗：311.91kb] [文件加载：32]
[ info ] [ LANG ] /www/wwwroot/xiezhen1.720vrcloud.net/thinkphp/lang/zh-cn.php
[ info ] [ ROUTE ] array (
  'type' => 'module',
  'module' => 
  array (
    0 => '',
    1 => NULL,
    2 => NULL,
  ),
)
[ info ] [ HEADER ] array (
  'accept-encoding' => 'gzip',
  'host' => 'aliyunmn.asia',
  'accept' => '*/*',
  'user-agent' => 'Mozilla/5.0 (Windows NT 10.0; Win64; x64) AppleWebKit/537.36 (KHTML, like Gecko) Chrome/78.0.3904.97 Safari/537.36',
  'content-type' => '',
  'content-length' => '',
)
[ info ] [ PARAM ] array (
)
[ info ] [ LOG ] INIT File
---------------------------------------------------------------
[ 2023-03-26T18:11:01+08:00 ] 106.111.214.118 GET xiezhen1.720vrcloud.net/
[运行时间：0.021186s] [吞吐率：47.20req/s] [内存消耗：363.08kb] [文件加载：39]
[ info ] [ LANG ] /www/wwwroot/xiezhen1.720vrcloud.net/thinkphp/lang/zh-cn.php
[ info ] [ ROUTE ] array (
  'type' => 'module',
  'module' => 
  array (
    0 => '',
    1 => NULL,
    2 => NULL,
  ),
)
[ info ] [ HEADER ] array (
  'host' => 'xiezhen1.720vrcloud.net',
  'upgrade-insecure-requests' => '1',
  'user-agent' => 'Mozilla/5.0 (Windows NT 10.0; WOW64) AppleWebKit/537.36 (KHTML, like Gecko) Chrome/80.0.3987.87 Safari/537.36 SE 2.X MetaSr 1.0',
  'sec-fetch-dest' => 'document',
  'accept' => 'text/html,application/xhtml+xml,application/xml;q=0.9,image/webp,image/apng,*/*;q=0.8,application/signed-exchange;v=b3;q=0.9',
  'sec-fetch-site' => 'none',
  'sec-fetch-mode' => 'navigate',
  'sec-fetch-user' => '?1',
  'accept-encoding' => 'gzip, deflate, br',
  'accept-language' => 'zh-CN,zh;q=0.9',
  'content-type' => '',
  'content-length' => '',
)
[ info ] [ PARAM ] array (
)
[ info ] [ RUN ] app\website\controller\Index->Index[ /www/wwwroot/xiezhen1.720vrcloud.net/application/website/controller/Index.php ]
[ info ] [ VIEW ] template/website/index/index.html [ array (
  0 => 'subweb',
) ]
[ info ] [ LOG ] INIT File
---------------------------------------------------------------
[ 2023-03-26T18:34:21+08:00 ] 106.111.215.239 GET xiezhen1.720vrcloud.net/favicon.ico
[运行时间：0.017114s] [吞吐率：58.43req/s] [内存消耗：231.51kb] [文件加载：28]
[ info ] [ LANG ] /www/wwwroot/xiezhen1.720vrcloud.net/thinkphp/lang/zh-cn.php
[ info ] [ ROUTE ] array (
  'type' => 'module',
  'module' => 
  array (
    0 => 'favicon.ico',
    1 => NULL,
    2 => NULL,
  ),
)
[ info ] [ HEADER ] array (
  'host' => 'xiezhen1.720vrcloud.net',
  'pragma' => 'no-cache',
  'cache-control' => 'no-cache',
  'sec-fetch-site' => 'cross-site',
  'sec-fetch-mode' => 'no-cors',
  'user-agent' => 'Mozilla/5.0 (Windows NT 10.0; WOW64) AppleWebKit/537.36 (KHTML, like Gecko) Chrome/80.0.3987.87 Safari/537.36 SE 2.X MetaSr 1.0',
  'accept-encoding' => 'gzip, deflate',
  'content-type' => '',
  'content-length' => '',
)
[ info ] [ PARAM ] array (
)
[ info ] [ LOG ] INIT File
---------------------------------------------------------------
[ 2023-03-26T19:21:28+08:00 ] 216.19.201.156 GET aliyunmn.asia/
[运行时间：0.017540s] [吞吐率：57.01req/s] [内存消耗：313.43kb] [文件加载：32]
[ info ] [ LANG ] /www/wwwroot/xiezhen1.720vrcloud.net/thinkphp/lang/zh-cn.php
[ info ] [ ROUTE ] array (
  'type' => 'module',
  'module' => 
  array (
    0 => '',
    1 => NULL,
    2 => NULL,
  ),
)
[ info ] [ HEADER ] array (
  'host' => 'aliyunmn.asia',
  'pragma' => 'no-cache',
  'cache-control' => 'no-cache',
  'upgrade-insecure-requests' => '1',
  'user-agent' => 'Mozilla/5.0 (iPhone; CPU iPhone OS 16_1_1 like Mac OS X) AppleWebKit/605.1.15 (KHTML, like Gecko) Version/16.1 Mobile/15E148 Safari/604.1',
  'accept' => 'text/html,application/xhtml+xml,application/xml;q=0.9,image/avif,image/webp,image/apng,*/*;q=0.8,application/signed-exchange;v=b3;q=0.9',
  'accept-encoding' => 'gzip, deflate',
  'accept-language' => 'en-US',
  'connection' => 'keep-alive',
  'content-type' => '',
  'content-length' => '',
)
[ info ] [ PARAM ] array (
)
[ info ] [ LOG ] INIT File
---------------------------------------------------------------
[ 2023-03-26T19:29:54+08:00 ] 149.100.138.57 GET aliyunmn.asia/security.txt
[运行时间：0.018337s] [吞吐率：54.53req/s] [内存消耗：312.07kb] [文件加载：27]
[ info ] [ LANG ] /www/wwwroot/xiezhen1.720vrcloud.net/thinkphp/lang/zh-cn.php
[ info ] [ ROUTE ] array (
  'type' => 'module',
  'module' => 
  array (
    0 => 'security.txt',
    1 => NULL,
    2 => NULL,
  ),
)
[ info ] [ HEADER ] array (
  'host' => 'aliyunmn.asia',
  'user-agent' => 'Mozilla/5.0 (Macintosh; Intel Mac OS X 10_10_1) AppleWebKit/537.36 (KHTML, like Gecko) Chrome/41.0.2227.1 Safari/537.36',
  'connection' => 'close',
  'accept' => '*/*',
  'accept-language' => 'en',
  'accept-encoding' => 'gzip',
  'content-type' => '',
  'content-length' => '',
)
[ info ] [ PARAM ] array (
)
[ info ] [ LOG ] INIT File
---------------------------------------------------------------
[ 2023-03-26T19:50:02+08:00 ] 106.52.114.40 GET aliyunmn.asia/
[运行时间：0.015392s] [吞吐率：64.97req/s] [内存消耗：311.96kb] [文件加载：32]
[ info ] [ LANG ] /www/wwwroot/xiezhen1.720vrcloud.net/thinkphp/lang/zh-cn.php
[ info ] [ ROUTE ] array (
  'type' => 'module',
  'module' => 
  array (
    0 => '',
    1 => NULL,
    2 => NULL,
  ),
)
[ info ] [ HEADER ] array (
  'host' => 'aliyunmn.asia',
  'user-agent' => 'mozilla/5.0 (iphone; cpu iphone os 13_5_1 like mac os x) applewebkit/605.1.15 (khtml, like gecko) mobile/15e148 micromessenger/7.0.15(0x17000f2b) nettype/4g language/zh_cn miniprogram',
  'accept-encoding' => 'gzip',
  'content-type' => '',
  'content-length' => '',
)
[ info ] [ PARAM ] array (
)
[ info ] [ LOG ] INIT File
---------------------------------------------------------------
[ 2023-03-26T20:43:47+08:00 ] 47.92.24.158 HEAD xiezhen1.720vrcloud.net/
[运行时间：0.020118s] [吞吐率：49.71req/s] [内存消耗：361.62kb] [文件加载：39]
[ info ] [ LANG ] /www/wwwroot/xiezhen1.720vrcloud.net/thinkphp/lang/zh-cn.php
[ info ] [ ROUTE ] array (
  'type' => 'module',
  'module' => 
  array (
    0 => '',
    1 => NULL,
    2 => NULL,
  ),
)
[ info ] [ HEADER ] array (
  'host' => 'xiezhen1.720vrcloud.net',
  'user-agent' => 'Mozilla/5.0 (linux; u; android 9; zh-cn; v1816a build/pkq1.180819.001) applewebkit/537.36 (khtml, like gecko) version/4.0 chrome/57',
  'accept-encoding' => 'gzip, deflate',
  'accept' => '*/*',
  'connection' => 'keep-alive',
  'content-type' => '',
  'content-length' => '',
)
[ info ] [ PARAM ] array (
)
[ info ] [ RUN ] app\website\controller\Index->Index[ /www/wwwroot/xiezhen1.720vrcloud.net/application/website/controller/Index.php ]
[ info ] [ VIEW ] template/website/index/index.html [ array (
  0 => 'subweb',
) ]
[ info ] [ LOG ] INIT File
---------------------------------------------------------------
[ 2023-03-26T20:43:47+08:00 ] 47.92.24.158 GET xiezhen1.720vrcloud.net/
[运行时间：0.021161s] [吞吐率：47.26req/s] [内存消耗：361.62kb] [文件加载：39]
[ info ] [ LANG ] /www/wwwroot/xiezhen1.720vrcloud.net/thinkphp/lang/zh-cn.php
[ info ] [ ROUTE ] array (
  'type' => 'module',
  'module' => 
  array (
    0 => '',
    1 => NULL,
    2 => NULL,
  ),
)
[ info ] [ HEADER ] array (
  'host' => 'xiezhen1.720vrcloud.net',
  'user-agent' => 'Mozilla/5.0 (linux; u; android 9; zh-cn; v1816a build/pkq1.180819.001) applewebkit/537.36 (khtml, like gecko) version/4.0 chrome/57',
  'accept-encoding' => 'gzip, deflate',
  'accept' => '*/*',
  'connection' => 'keep-alive',
  'content-type' => '',
  'content-length' => '',
)
[ info ] [ PARAM ] array (
)
[ info ] [ RUN ] app\website\controller\Index->Index[ /www/wwwroot/xiezhen1.720vrcloud.net/application/website/controller/Index.php ]
[ info ] [ VIEW ] template/website/index/index.html [ array (
  0 => 'subweb',
) ]
[ info ] [ LOG ] INIT File
---------------------------------------------------------------
[ 2023-03-26T21:00:47+08:00 ] 34.217.176.63 GET aliyunmn.asia/
[运行时间：0.015876s] [吞吐率：62.99req/s] [内存消耗：311.73kb] [文件加载：32]
[ info ] [ LANG ] /www/wwwroot/xiezhen1.720vrcloud.net/thinkphp/lang/zh-cn.php
[ info ] [ ROUTE ] array (
  'type' => 'module',
  'module' => 
  array (
    0 => '',
    1 => NULL,
    2 => NULL,
  ),
)
[ info ] [ HEADER ] array (
  'host' => 'aliyunmn.asia',
  'user-agent' => 'Mozilla/5.0 (X11; Linux x86_64) AppleWebKit/537.36 (KHTML, like Gecko) Chrome/83.0.4103.97 Safari/537.36',
  'accept-encoding' => 'gzip',
  'content-type' => '',
  'content-length' => '',
)
[ info ] [ PARAM ] array (
)
[ info ] [ LOG ] INIT File
---------------------------------------------------------------
[ 2023-03-26T21:59:47+08:00 ] 118.126.124.74 GET xiezhen1.720vrcloud.net/favicon.ico
[运行时间：0.015874s] [吞吐率：63.00req/s] [内存消耗：231.87kb] [文件加载：28]
[ info ] [ LANG ] /www/wwwroot/xiezhen1.720vrcloud.net/thinkphp/lang/zh-cn.php
[ info ] [ ROUTE ] array (
  'type' => 'module',
  'module' => 
  array (
    0 => 'favicon.ico',
    1 => NULL,
    2 => NULL,
  ),
)
[ info ] [ HEADER ] array (
  'host' => 'xiezhen1.720vrcloud.net',
  'connection' => 'keep-alive',
  'user-agent' => 'Mozilla/5.0 (Linux; Android 6.0; Nexus 5 Build/MRA58N) AppleWebKit/537.36 (KHTML, like Gecko) Chrome/99.0.4844.51 Mobile Safari/537.36 MicroMessenger/7.0.1',
  'accept' => 'image/avif,image/webp,image/apng,image/svg+xml,image/*,*/*;q=0.8',
  'referer' => 'http://xiezhen1.720vrcloud.net/app/index.php?i=9&c=entry&do=index&agentid=20&m=y2_jiukuaijiu',
  'accept-encoding' => 'gzip, deflate',
  'accept-language' => 'zh-CN,zh;q=0.9',
  'content-type' => '',
  'content-length' => '',
)
[ info ] [ PARAM ] array (
)
[ info ] [ LOG ] INIT File
---------------------------------------------------------------
[ 2023-03-26T22:06:58+08:00 ] 183.46.109.10 GET xiezhen1.720vrcloud.net/favicon.ico
[运行时间：0.018279s] [吞吐率：54.71req/s] [内存消耗：233.08kb] [文件加载：28]
[ info ] [ LANG ] /www/wwwroot/xiezhen1.720vrcloud.net/thinkphp/lang/zh-cn.php
[ info ] [ ROUTE ] array (
  'type' => 'module',
  'module' => 
  array (
    0 => 'favicon.ico',
    1 => NULL,
    2 => NULL,
  ),
)
[ info ] [ HEADER ] array (
  'host' => 'xiezhen1.720vrcloud.net',
  'user-agent' => 'Mozilla/5.0 (Linux; U; Android 13; zh-cn; V2245A Build/TP1A.220624.014) AppleWebKit/537.36 (KHTML, like Gecko) Version/4.0 Chrome/101.0.4951.74 MQQBrowser/13.7 Mobile Safari/537.36',
  'accept' => 'image/avif,image/webp,image/apng,image/svg+xml,image/*,*/*;q=0.8',
  'x-requested-with' => 'com.tencent.mtt',
  'sec-fetch-site' => 'same-origin',
  'sec-fetch-mode' => 'no-cors',
  'sec-fetch-dest' => 'image',
  'referer' => 'https://xiezhen1.720vrcloud.net/app/index.php?i=9&c=entry&do=index&agentid=20&m=y2_jiukuaijiu',
  'accept-encoding' => 'gzip, deflate',
  'accept-language' => 'zh-CN,zh;q=0.9,en-US;q=0.8,en;q=0.7',
  'content-type' => '',
  'content-length' => '',
)
[ info ] [ PARAM ] array (
)
[ info ] [ LOG ] INIT File
---------------------------------------------------------------
[ 2023-03-26T22:14:23+08:00 ] 183.197.231.145 GET xiezhen1.720vrcloud.net/favicon.ico
[运行时间：0.018991s] [吞吐率：52.66req/s] [内存消耗：233.60kb] [文件加载：28]
[ info ] [ LANG ] /www/wwwroot/xiezhen1.720vrcloud.net/thinkphp/lang/zh-cn.php
[ info ] [ ROUTE ] array (
  'type' => 'module',
  'module' => 
  array (
    0 => 'favicon.ico',
    1 => NULL,
    2 => NULL,
  ),
)
[ info ] [ HEADER ] array (
  'host' => 'xiezhen1.720vrcloud.net',
  'sec-ch-ua' => '" Not A;Brand";v="99", "Chromium";v="99", "HuaweiBrowser";v="99"',
  'sec-ch-ua-mobile' => '?0',
  'user-agent' => 'Mozilla/5.0 (Windows NT 10.0; Win64; x64) AppleWebKit/537.36 (KHTML, like Gecko) Chrome/99.0.4844.88 Safari/537.36',
  'sec-ch-ua-platform' => '"Windows"',
  'accept' => 'image/avif,image/webp,image/apng,image/svg+xml,image/*,*/*;q=0.8',
  'sec-fetch-site' => 'same-origin',
  'sec-fetch-mode' => 'no-cors',
  'sec-fetch-dest' => 'image',
  'referer' => 'https://xiezhen1.720vrcloud.net/app/index.php?i=9&c=entry&do=index&agentid=20&m=y2_jiukuaijiu',
  'accept-encoding' => 'gzip, deflate, br',
  'accept-language' => 'zh-CN,zh;q=0.9,en-US;q=0.8,en;q=0.7',
  'content-type' => '',
  'content-length' => '',
)
[ info ] [ PARAM ] array (
)
[ info ] [ LOG ] INIT File
---------------------------------------------------------------
[ 2023-03-26T23:25:13+08:00 ] 114.235.151.152 GET xiezhen1.720vrcloud.net/favicon.ico
[运行时间：0.016253s] [吞吐率：61.53req/s] [内存消耗：232.77kb] [文件加载：28]
[ info ] [ LANG ] /www/wwwroot/xiezhen1.720vrcloud.net/thinkphp/lang/zh-cn.php
[ info ] [ ROUTE ] array (
  'type' => 'module',
  'module' => 
  array (
    0 => 'favicon.ico',
    1 => NULL,
    2 => NULL,
  ),
)
[ info ] [ HEADER ] array (
  'host' => 'xiezhen1.720vrcloud.net',
  'user-agent' => 'Mozilla/5.0 (Linux; U; Android 10; zh-CN; V2002A Build/QP1A.190711.020) AppleWebKit/537.36 (KHTML, like Gecko) Version/4.0 Chrome/100.0.4896.58 Quark/6.2.2.246 Mobile Safari/537.36',
  'accept' => 'image/avif,image/webp,image/apng,image/svg+xml,image/*,*/*;q=0.8',
  'sec-fetch-site' => 'same-origin',
  'sec-fetch-mode' => 'no-cors',
  'sec-fetch-dest' => 'image',
  'accept-language' => 'zh-CN,zh;q=0.9,en-US;q=0.8,en;q=0.7',
  'referer' => 'https://xiezhen1.720vrcloud.net/app/index.php?i=9&c=entry&do=index&agentid=20&m=y2_jiukuaijiu',
  'accept-encoding' => 'gzip, deflate',
  'content-type' => '',
  'content-length' => '',
)
[ info ] [ PARAM ] array (
)
[ info ] [ LOG ] INIT File
---------------------------------------------------------------
[ 2023-03-26T23:25:20+08:00 ] 114.235.151.152 GET xiezhen1.720vrcloud.net/favicon.ico
[运行时间：0.013289s] [吞吐率：75.25req/s] [内存消耗：232.77kb] [文件加载：28]
[ info ] [ LANG ] /www/wwwroot/xiezhen1.720vrcloud.net/thinkphp/lang/zh-cn.php
[ info ] [ ROUTE ] array (
  'type' => 'module',
  'module' => 
  array (
    0 => 'favicon.ico',
    1 => NULL,
    2 => NULL,
  ),
)
[ info ] [ HEADER ] array (
  'host' => 'xiezhen1.720vrcloud.net',
  'user-agent' => 'Mozilla/5.0 (Linux; U; Android 10; zh-CN; V2002A Build/QP1A.190711.020) AppleWebKit/537.36 (KHTML, like Gecko) Version/4.0 Chrome/100.0.4896.58 Quark/6.2.2.246 Mobile Safari/537.36',
  'accept' => 'image/avif,image/webp,image/apng,image/svg+xml,image/*,*/*;q=0.8',
  'sec-fetch-site' => 'same-origin',
  'sec-fetch-mode' => 'no-cors',
  'sec-fetch-dest' => 'image',
  'accept-language' => 'zh-CN,zh;q=0.9,en-US;q=0.8,en;q=0.7',
  'referer' => 'https://xiezhen1.720vrcloud.net/app/index.php?i=9&c=entry&do=index&agentid=20&m=y2_jiukuaijiu',
  'accept-encoding' => 'gzip, deflate',
  'content-type' => '',
  'content-length' => '',
)
[ info ] [ PARAM ] array (
)
[ info ] [ LOG ] INIT File
